<?xml version="1.0" encoding="UTF-8"?>
<coverage generated="1779829711125" clover="3.2.0">
  <project timestamp="1779829711125" name="All files">
    <metrics statements="291" coveredstatements="207" conditionals="255" coveredconditionals="138" methods="71" coveredmethods="37" elements="617" coveredelements="382" complexity="0" loc="291" ncloc="291" packages="5" files="13" classes="13"/>
    <package name="constants">
      <metrics statements="1" coveredstatements="1" conditionals="0" coveredconditionals="0" methods="0" coveredmethods="0"/>
      <file name="perfis.ts" path="C:\Users\mathe\OneDrive\Área de Trabalho\igreja\igreja-app-backend\src\constants\perfis.ts">
        <metrics statements="1" coveredstatements="1" conditionals="0" coveredconditionals="0" methods="0" coveredmethods="0"/>
        <line num="1" count="4" type="stmt"/>
      </file>
    </package>
    <package name="lib">
      <metrics statements="7" coveredstatements="7" conditionals="0" coveredconditionals="0" methods="0" coveredmethods="0"/>
      <file name="prisma.ts" path="C:\Users\mathe\OneDrive\Área de Trabalho\igreja\igreja-app-backend\src\lib\prisma.ts">
        <metrics statements="7" coveredstatements="7" conditionals="0" coveredconditionals="0" methods="0" coveredmethods="0"/>
        <line num="4" count="5" type="stmt"/>
        <line num="5" count="5" type="stmt"/>
        <line num="6" count="5" type="stmt"/>
        <line num="7" count="5" type="stmt"/>
        <line num="10" count="5" type="stmt"/>
        <line num="15" count="5" type="stmt"/>
        <line num="18" count="5" type="stmt"/>
      </file>
    </package>
    <package name="repository">
      <metrics statements="61" coveredstatements="15" conditionals="30" coveredconditionals="0" methods="30" coveredmethods="0"/>
      <file name="conteudo.repository.ts" path="C:\Users\mathe\OneDrive\Área de Trabalho\igreja\igreja-app-backend\src\repository\conteudo.repository.ts">
        <metrics statements="14" coveredstatements="3" conditionals="8" coveredconditionals="0" methods="6" coveredmethods="0"/>
        <line num="2" count="1" type="stmt"/>
        <line num="6" count="1" type="stmt"/>
        <line num="16" count="1" type="stmt"/>
        <line num="21" count="0" type="stmt"/>
        <line num="31" count="0" type="stmt"/>
        <line num="41" count="0" type="stmt"/>
        <line num="59" count="0" type="stmt"/>
        <line num="63" count="0" type="cond" truecount="0" falsecount="2"/>
        <line num="64" count="0" type="cond" truecount="0" falsecount="2"/>
        <line num="65" count="0" type="cond" truecount="0" falsecount="2"/>
        <line num="66" count="0" type="cond" truecount="0" falsecount="2"/>
        <line num="68" count="0" type="stmt"/>
        <line num="75" count="0" type="stmt"/>
        <line num="86" count="0" type="stmt"/>
      </file>
      <file name="curso.repository.ts" path="C:\Users\mathe\OneDrive\Área de Trabalho\igreja\igreja-app-backend\src\repository\curso.repository.ts">
        <metrics statements="14" coveredstatements="3" conditionals="8" coveredconditionals="0" methods="6" coveredmethods="0"/>
        <line num="2" count="1" type="stmt"/>
        <line num="6" count="1" type="stmt"/>
        <line num="16" count="1" type="stmt"/>
        <line num="21" count="0" type="stmt"/>
        <line num="31" count="0" type="stmt"/>
        <line num="41" count="0" type="stmt"/>
        <line num="59" count="0" type="stmt"/>
        <line num="63" count="0" type="cond" truecount="0" falsecount="2"/>
        <line num="64" count="0" type="cond" truecount="0" falsecount="2"/>
        <line num="65" count="0" type="cond" truecount="0" falsecount="2"/>
        <line num="66" count="0" type="cond" truecount="0" falsecount="2"/>
        <line num="68" count="0" type="stmt"/>
        <line num="75" count="0" type="stmt"/>
        <line num="86" count="0" type="stmt"/>
      </file>
      <file name="matricula.repository.ts" path="C:\Users\mathe\OneDrive\Área de Trabalho\igreja\igreja-app-backend\src\repository\matricula.repository.ts">
        <metrics statements="9" coveredstatements="2" conditionals="0" coveredconditionals="0" methods="7" coveredmethods="0"/>
        <line num="2" count="1" type="stmt"/>
        <line num="4" count="1" type="stmt"/>
        <line num="7" count="0" type="stmt"/>
        <line num="31" count="0" type="stmt"/>
        <line num="51" count="0" type="stmt"/>
        <line num="66" count="0" type="stmt"/>
        <line num="75" count="0" type="stmt"/>
        <line num="83" count="0" type="stmt"/>
        <line num="101" count="0" type="stmt"/>
      </file>
      <file name="salaCurso.repository.ts" path="C:\Users\mathe\OneDrive\Área de Trabalho\igreja\igreja-app-backend\src\repository\salaCurso.repository.ts">
        <metrics statements="17" coveredstatements="5" conditionals="8" coveredconditionals="0" methods="7" coveredmethods="0"/>
        <line num="2" count="1" type="stmt"/>
        <line num="6" count="1" type="stmt"/>
        <line num="15" count="1" type="stmt"/>
        <line num="29" count="1" type="stmt"/>
        <line num="37" count="1" type="stmt"/>
        <line num="42" count="0" type="stmt"/>
        <line num="52" count="0" type="stmt"/>
        <line num="62" count="0" type="stmt"/>
        <line num="72" count="0" type="stmt"/>
        <line num="86" count="0" type="stmt"/>
        <line num="90" count="0" type="cond" truecount="0" falsecount="2"/>
        <line num="91" count="0" type="cond" truecount="0" falsecount="2"/>
        <line num="92" count="0" type="cond" truecount="0" falsecount="2"/>
        <line num="93" count="0" type="cond" truecount="0" falsecount="2"/>
        <line num="95" count="0" type="stmt"/>
        <line num="102" count="0" type="stmt"/>
        <line num="113" count="0" type="stmt"/>
      </file>
      <file name="usuario.repository.ts" path="C:\Users\mathe\OneDrive\Área de Trabalho\igreja\igreja-app-backend\src\repository\usuario.repository.ts">
        <metrics statements="7" coveredstatements="2" conditionals="6" coveredconditionals="0" methods="4" coveredmethods="0"/>
        <line num="3" count="5" type="stmt"/>
        <line num="5" count="5" type="stmt"/>
        <line num="6" count="0" type="stmt"/>
        <line num="14" count="0" type="stmt"/>
        <line num="34" count="0" type="stmt"/>
        <line num="43" count="0" type="stmt"/>
        <line num="52" count="0" type="stmt"/>
      </file>
    </package>
    <package name="services">
      <metrics statements="216" coveredstatements="178" conditionals="224" coveredconditionals="138" methods="40" coveredmethods="36"/>
      <file name="auth.services.ts" path="C:\Users\mathe\OneDrive\Área de Trabalho\igreja\igreja-app-backend\src\services\auth.services.ts">
        <metrics statements="35" coveredstatements="34" conditionals="12" coveredconditionals="10" methods="6" coveredmethods="6"/>
        <line num="2" count="1" type="stmt"/>
        <line num="3" count="1" type="stmt"/>
        <line num="5" count="1" type="stmt"/>
        <line num="6" count="1" type="stmt"/>
        <line num="15" count="1" type="stmt"/>
        <line num="17" count="12" type="stmt"/>
        <line num="21" count="12" type="cond" truecount="1" falsecount="1"/>
        <line num="23" count="12" type="cond" truecount="1" falsecount="1"/>
        <line num="24" count="0" type="stmt"/>
        <line num="29" count="12" type="stmt"/>
        <line num="33" count="4" type="stmt"/>
        <line num="35" count="4" type="stmt"/>
        <line num="36" count="4" type="cond" truecount="2" falsecount="0"/>
        <line num="37" count="1" type="stmt"/>
        <line num="40" count="3" type="stmt"/>
        <line num="42" count="3" type="stmt"/>
        <line num="51" count="3" type="stmt"/>
        <line num="53" count="3" type="stmt"/>
        <line num="63" count="3" type="stmt"/>
        <line num="65" count="3" type="stmt"/>
        <line num="66" count="3" type="cond" truecount="2" falsecount="0"/>
        <line num="67" count="1" type="stmt"/>
        <line num="70" count="2" type="stmt"/>
        <line num="71" count="2" type="cond" truecount="2" falsecount="0"/>
        <line num="72" count="1" type="stmt"/>
        <line num="75" count="1" type="stmt"/>
        <line num="77" count="1" type="stmt"/>
        <line num="87" count="2" type="stmt"/>
        <line num="89" count="2" type="cond" truecount="2" falsecount="0"/>
        <line num="90" count="1" type="stmt"/>
        <line num="93" count="1" type="stmt"/>
        <line num="97" count="4" type="stmt"/>
        <line num="105" count="3" type="stmt"/>
        <line num="106" count="3" type="stmt"/>
        <line num="108" count="2" type="stmt"/>
      </file>
      <file name="conteudo.services.ts" path="C:\Users\mathe\OneDrive\Área de Trabalho\igreja\igreja-app-backend\src\services\conteudo.services.ts">
        <metrics statements="48" coveredstatements="42" conditionals="70" coveredconditionals="45" methods="8" coveredmethods="8"/>
        <line num="9" count="1" type="stmt"/>
        <line num="10" count="1" type="stmt"/>
        <line num="11" count="1" type="stmt"/>
        <line num="13" count="1" type="stmt"/>
        <line num="15" count="1" type="stmt"/>
        <line num="23" count="9" type="cond" truecount="1" falsecount="1"/>
        <line num="24" count="9" type="cond" truecount="1" falsecount="1"/>
        <line num="31" count="1" type="stmt"/>
        <line num="32" count="1" type="cond" truecount="1" falsecount="1"/>
        <line num="33" count="0" type="stmt"/>
        <line num="36" count="1" type="stmt"/>
        <line num="48" count="1" type="stmt"/>
        <line num="52" count="1" type="stmt"/>
        <line num="54" count="1" type="cond" truecount="1" falsecount="1"/>
        <line num="55" count="0" type="stmt"/>
        <line num="58" count="1" type="stmt"/>
        <line num="64" count="1" type="cond" truecount="3" falsecount="0"/>
        <line num="66" count="1" type="stmt"/>
        <line num="68" count="1" type="stmt"/>
        <line num="69" count="1" type="cond" truecount="1" falsecount="1"/>
        <line num="70" count="1" type="cond" truecount="1" falsecount="1"/>
        <line num="71" count="0" type="stmt"/>
        <line num="74" count="1" type="stmt"/>
        <line num="83" count="1" type="stmt"/>
        <line num="92" count="3" type="stmt"/>
        <line num="94" count="3" type="cond" truecount="1" falsecount="1"/>
        <line num="95" count="0" type="stmt"/>
        <line num="98" count="3" type="cond" truecount="2" falsecount="0"/>
        <line num="102" count="1" type="stmt"/>
        <line num="104" count="2" type="stmt"/>
        <line num="106" count="2" type="cond" truecount="1" falsecount="1"/>
        <line num="107" count="2" type="cond" truecount="1" falsecount="1"/>
        <line num="108" count="2" type="cond" truecount="1" falsecount="1"/>
        <line num="109" count="2" type="cond" truecount="1" falsecount="1"/>
        <line num="110" count="2" type="cond" truecount="1" falsecount="1"/>
        <line num="111" count="2" type="cond" truecount="1" falsecount="1"/>
        <line num="112" count="2" type="cond" truecount="1" falsecount="1"/>
        <line num="113" count="2" type="cond" truecount="1" falsecount="1"/>
        <line num="114" count="0" type="cond" truecount="0" falsecount="2"/>
        <line num="119" count="2" type="stmt"/>
        <line num="124" count="2" type="stmt"/>
        <line num="132" count="3" type="stmt"/>
        <line num="134" count="3" type="cond" truecount="1" falsecount="1"/>
        <line num="135" count="0" type="stmt"/>
        <line num="138" count="3" type="cond" truecount="2" falsecount="0"/>
        <line num="142" count="1" type="stmt"/>
        <line num="145" count="2" type="stmt"/>
        <line num="149" count="5" type="stmt"/>
      </file>
      <file name="curso.services.ts" path="C:\Users\mathe\OneDrive\Área de Trabalho\igreja\igreja-app-backend\src\services\curso.services.ts">
        <metrics statements="38" coveredstatements="37" conditionals="46" coveredconditionals="37" methods="8" coveredmethods="8"/>
        <line num="9" count="1" type="stmt"/>
        <line num="10" count="1" type="stmt"/>
        <line num="11" count="1" type="stmt"/>
        <line num="13" count="1" type="stmt"/>
        <line num="15" count="1" type="stmt"/>
        <line num="23" count="15" type="cond" truecount="1" falsecount="1"/>
        <line num="24" count="15" type="cond" truecount="1" falsecount="1"/>
        <line num="31" count="3" type="stmt"/>
        <line num="32" count="3" type="cond" truecount="2" falsecount="0"/>
        <line num="33" count="1" type="stmt"/>
        <line num="36" count="2" type="stmt"/>
        <line num="43" count="2" type="stmt"/>
        <line num="47" count="2" type="stmt"/>
        <line num="49" count="2" type="cond" truecount="2" falsecount="0"/>
        <line num="50" count="1" type="stmt"/>
        <line num="53" count="1" type="stmt"/>
        <line num="63" count="2" type="stmt"/>
        <line num="65" count="2" type="stmt"/>
        <line num="67" count="2" type="stmt"/>
        <line num="81" count="2" type="stmt"/>
        <line num="90" count="4" type="stmt"/>
        <line num="92" count="4" type="cond" truecount="1" falsecount="1"/>
        <line num="93" count="0" type="stmt"/>
        <line num="96" count="4" type="cond" truecount="2" falsecount="0"/>
        <line num="100" count="1" type="stmt"/>
        <line num="103" count="3" type="stmt"/>
        <line num="105" count="3" type="cond" truecount="1" falsecount="1"/>
        <line num="106" count="3" type="cond" truecount="1" falsecount="1"/>
        <line num="107" count="3" type="cond" truecount="1" falsecount="1"/>
        <line num="109" count="3" type="stmt"/>
        <line num="111" count="3" type="stmt"/>
        <line num="119" count="4" type="stmt"/>
        <line num="121" count="4" type="cond" truecount="2" falsecount="0"/>
        <line num="122" count="1" type="stmt"/>
        <line num="125" count="3" type="cond" truecount="2" falsecount="0"/>
        <line num="129" count="1" type="stmt"/>
        <line num="131" count="2" type="stmt"/>
        <line num="135" count="8" type="stmt"/>
      </file>
      <file name="matricula.services.ts" path="C:\Users\mathe\OneDrive\Área de Trabalho\igreja\igreja-app-backend\src\services\matricula.services.ts">
        <metrics statements="45" coveredstatements="22" conditionals="35" coveredconditionals="13" methods="10" coveredmethods="6"/>
        <line num="9" count="1" type="stmt"/>
        <line num="10" count="1" type="stmt"/>
        <line num="11" count="1" type="stmt"/>
        <line num="12" count="1" type="stmt"/>
        <line num="14" count="1" type="stmt"/>
        <line num="22" count="6" type="cond" truecount="1" falsecount="1"/>
        <line num="23" count="6" type="cond" truecount="1" falsecount="1"/>
        <line num="38" count="3" type="cond" truecount="4" falsecount="0"/>
        <line num="42" count="3" type="cond" truecount="2" falsecount="0"/>
        <line num="43" count="1" type="stmt"/>
        <line num="51" count="0" type="stmt"/>
        <line num="52" count="0" type="cond" truecount="0" falsecount="2"/>
        <line num="54" count="0" type="stmt"/>
        <line num="55" count="0" type="cond" truecount="0" falsecount="2"/>
        <line num="56" count="0" type="cond" truecount="0" falsecount="2"/>
        <line num="58" count="0" type="stmt"/>
        <line num="60" count="0" type="cond" truecount="0" falsecount="2"/>
        <line num="61" count="0" type="stmt"/>
        <line num="64" count="0" type="cond" truecount="0" falsecount="2"/>
        <line num="65" count="0" type="stmt"/>
        <line num="67" count="0" type="stmt"/>
        <line num="69" count="0" type="cond" truecount="0" falsecount="4"/>
        <line num="70" count="0" type="stmt"/>
        <line num="73" count="0" type="stmt"/>
        <line num="83" count="0" type="stmt"/>
        <line num="85" count="0" type="stmt"/>
        <line num="99" count="1" type="stmt"/>
        <line num="100" count="1" type="cond" truecount="1" falsecount="1"/>
        <line num="102" count="1" type="cond" truecount="1" falsecount="1"/>
        <line num="103" count="0" type="stmt"/>
        <line num="106" count="1" type="stmt"/>
        <line num="115" count="2" type="stmt"/>
        <line num="116" count="2" type="cond" truecount="2" falsecount="0"/>
        <line num="119" count="1" type="stmt"/>
        <line num="121" count="1" type="stmt"/>
        <line num="139" count="3" type="stmt"/>
        <line num="140" count="3" type="cond" truecount="1" falsecount="1"/>
        <line num="143" count="3" type="stmt"/>
        <line num="145" count="2" type="stmt"/>
        <line num="158" count="0" type="stmt"/>
        <line num="159" count="0" type="cond" truecount="0" falsecount="2"/>
        <line num="162" count="0" type="stmt"/>
        <line num="164" count="0" type="stmt"/>
        <line num="171" count="0" type="stmt"/>
        <line num="173" count="0" type="stmt"/>
      </file>
      <file name="sala.services.ts" path="C:\Users\mathe\OneDrive\Área de Trabalho\igreja\igreja-app-backend\src\services\sala.services.ts">
        <metrics statements="50" coveredstatements="43" conditionals="61" coveredconditionals="33" methods="8" coveredmethods="8"/>
        <line num="9" count="1" type="stmt"/>
        <line num="10" count="1" type="stmt"/>
        <line num="11" count="1" type="stmt"/>
        <line num="13" count="1" type="stmt"/>
        <line num="15" count="1" type="stmt"/>
        <line num="23" count="7" type="cond" truecount="1" falsecount="1"/>
        <line num="24" count="7" type="cond" truecount="1" falsecount="1"/>
        <line num="31" count="2" type="stmt"/>
        <line num="32" count="2" type="cond" truecount="1" falsecount="1"/>
        <line num="34" count="2" type="stmt"/>
        <line num="35" count="2" type="cond" truecount="1" falsecount="1"/>
        <line num="37" count="2" type="stmt"/>
        <line num="45" count="2" type="stmt"/>
        <line num="49" count="1" type="stmt"/>
        <line num="50" count="1" type="cond" truecount="1" falsecount="1"/>
        <line num="52" count="1" type="stmt"/>
        <line num="64" count="2" type="stmt"/>
        <line num="66" count="2" type="stmt"/>
        <line num="68" count="2" type="stmt"/>
        <line num="70" count="2" type="cond" truecount="1" falsecount="1"/>
        <line num="71" count="2" type="cond" truecount="1" falsecount="1"/>
        <line num="72" count="2" type="cond" truecount="1" falsecount="1"/>
        <line num="73" count="0" type="stmt"/>
        <line num="76" count="2" type="stmt"/>
        <line num="77" count="2" type="cond" truecount="1" falsecount="1"/>
        <line num="78" count="2" type="cond" truecount="1" falsecount="1"/>
        <line num="79" count="0" type="stmt"/>
        <line num="84" count="2" type="cond" truecount="1" falsecount="1"/>
        <line num="85" count="0" type="stmt"/>
        <line num="88" count="2" type="stmt"/>
        <line num="95" count="2" type="stmt"/>
        <line num="104" count="1" type="stmt"/>
        <line num="105" count="1" type="cond" truecount="1" falsecount="1"/>
        <line num="107" count="1" type="cond" truecount="1" falsecount="1"/>
        <line num="112" count="0" type="stmt"/>
        <line num="115" count="1" type="stmt"/>
        <line num="117" count="1" type="cond" truecount="1" falsecount="1"/>
        <line num="118" count="1" type="cond" truecount="1" falsecount="1"/>
        <line num="119" count="0" type="cond" truecount="0" falsecount="2"/>
        <line num="121" count="1" type="cond" truecount="1" falsecount="1"/>
        <line num="122" count="0" type="cond" truecount="0" falsecount="2"/>
        <line num="124" count="1" type="cond" truecount="1" falsecount="1"/>
        <line num="126" count="1" type="stmt"/>
        <line num="128" count="1" type="stmt"/>
        <line num="136" count="1" type="stmt"/>
        <line num="137" count="1" type="cond" truecount="1" falsecount="1"/>
        <line num="139" count="1" type="cond" truecount="1" falsecount="1"/>
        <line num="144" count="0" type="stmt"/>
        <line num="147" count="1" type="stmt"/>
        <line num="151" count="5" type="stmt"/>
      </file>
    </package>
    <package name="utils">
      <metrics statements="6" coveredstatements="6" conditionals="1" coveredconditionals="0" methods="1" coveredmethods="1"/>
      <file name="AppError.ts" path="C:\Users\mathe\OneDrive\Área de Trabalho\igreja\igreja-app-backend\src\utils\AppError.ts">
        <metrics statements="6" coveredstatements="6" conditionals="1" coveredconditionals="0" methods="1" coveredmethods="1"/>
        <line num="1" count="5" type="stmt"/>
        <line num="3" count="15" type="stmt"/>
        <line num="6" count="15" type="stmt"/>
        <line num="7" count="15" type="stmt"/>
        <line num="10" count="15" type="stmt"/>
        <line num="11" count="15" type="stmt"/>
      </file>
    </package>
  </project>
</coverage>
