{"C:\\Users\\mathe\\OneDrive\\Área de Trabalho\\igreja\\igreja-app-backend\\src\\constants\\perfis.ts": {"path":"C:\\Users\\mathe\\OneDrive\\Área de Trabalho\\igreja\\igreja-app-backend\\src\\constants\\perfis.ts","statementMap":{"0":{"start":{"line":1,"column":13},"end":{"line":7,"column":11}}},"fnMap":{},"branchMap":{},"s":{"0":5},"f":{},"b":{}}
,"C:\\Users\\mathe\\OneDrive\\Área de Trabalho\\igreja\\igreja-app-backend\\src\\lib\\prisma.ts": {"path":"C:\\Users\\mathe\\OneDrive\\Área de Trabalho\\igreja\\igreja-app-backend\\src\\lib\\prisma.ts","statementMap":{"0":{"start":{"line":4,"column":0},"end":{"line":4,"column":23}},"1":{"start":{"line":5,"column":0},"end":{"line":5,"column":46}},"2":{"start":{"line":6,"column":0},"end":{"line":6,"column":46}},"3":{"start":{"line":7,"column":0},"end":{"line":7,"column":20}},"4":{"start":{"line":10,"column":13},"end":{"line":12,"column":2}},"5":{"start":{"line":15,"column":16},"end":{"line":15,"column":34}},"6":{"start":{"line":18,"column":13},"end":{"line":18,"column":52}}},"fnMap":{},"branchMap":{},"s":{"0":7,"1":7,"2":7,"3":7,"4":7,"5":7,"6":7},"f":{},"b":{}}
,"C:\\Users\\mathe\\OneDrive\\Área de Trabalho\\igreja\\igreja-app-backend\\src\\repository\\conteudo.repository.ts": {"path":"C:\\Users\\mathe\\OneDrive\\Área de Trabalho\\igreja\\igreja-app-backend\\src\\repository\\conteudo.repository.ts","statementMap":{"0":{"start":{"line":2,"column":0},"end":{"line":2,"column":39}},"1":{"start":{"line":6,"column":21},"end":{"line":14,"column":35}},"2":{"start":{"line":21,"column":4},"end":{"line":24,"column":7}},"3":{"start":{"line":31,"column":4},"end":{"line":34,"column":7}},"4":{"start":{"line":41,"column":4},"end":{"line":47,"column":7}},"5":{"start":{"line":59,"column":47},"end":{"line":61,"column":6}},"6":{"start":{"line":63,"column":4},"end":{"line":63,"column":49}},"7":{"start":{"line":63,"column":22},"end":{"line":63,"column":49}},"8":{"start":{"line":64,"column":4},"end":{"line":64,"column":55}},"9":{"start":{"line":64,"column":24},"end":{"line":64,"column":55}},"10":{"start":{"line":65,"column":4},"end":{"line":65,"column":60}},"11":{"start":{"line":65,"column":35},"end":{"line":65,"column":60}},"12":{"start":{"line":66,"column":4},"end":{"line":66,"column":60}},"13":{"start":{"line":66,"column":35},"end":{"line":66,"column":60}},"14":{"start":{"line":68,"column":4},"end":{"line":68,"column":43}},"15":{"start":{"line":75,"column":4},"end":{"line":79,"column":7}},"16":{"start":{"line":86,"column":4},"end":{"line":88,"column":7}},"17":{"start":{"line":16,"column":0},"end":{"line":16,"column":13}}},"fnMap":{"0":{"name":"(anonymous_0)","decl":{"start":{"line":20,"column":2},"end":{"line":20,"column":7}},"loc":{"start":{"line":20,"column":46},"end":{"line":25,"column":3}}},"1":{"name":"(anonymous_1)","decl":{"start":{"line":30,"column":2},"end":{"line":30,"column":7}},"loc":{"start":{"line":30,"column":30},"end":{"line":35,"column":3}}},"2":{"name":"(anonymous_2)","decl":{"start":{"line":40,"column":2},"end":{"line":40,"column":7}},"loc":{"start":{"line":40,"column":38},"end":{"line":48,"column":3}}},"3":{"name":"(anonymous_3)","decl":{"start":{"line":53,"column":2},"end":{"line":53,"column":7}},"loc":{"start":{"line":58,"column":3},"end":{"line":69,"column":3}}},"4":{"name":"(anonymous_4)","decl":{"start":{"line":74,"column":2},"end":{"line":74,"column":7}},"loc":{"start":{"line":74,"column":62},"end":{"line":80,"column":3}}},"5":{"name":"(anonymous_5)","decl":{"start":{"line":85,"column":2},"end":{"line":85,"column":7}},"loc":{"start":{"line":85,"column":26},"end":{"line":89,"column":3}}}},"branchMap":{"0":{"loc":{"start":{"line":63,"column":4},"end":{"line":63,"column":49}},"type":"if","locations":[{"start":{"line":63,"column":4},"end":{"line":63,"column":49}},{"start":{},"end":{}}]},"1":{"loc":{"start":{"line":64,"column":4},"end":{"line":64,"column":55}},"type":"if","locations":[{"start":{"line":64,"column":4},"end":{"line":64,"column":55}},{"start":{},"end":{}}]},"2":{"loc":{"start":{"line":65,"column":4},"end":{"line":65,"column":60}},"type":"if","locations":[{"start":{"line":65,"column":4},"end":{"line":65,"column":60}},{"start":{},"end":{}}]},"3":{"loc":{"start":{"line":66,"column":4},"end":{"line":66,"column":60}},"type":"if","locations":[{"start":{"line":66,"column":4},"end":{"line":66,"column":60}},{"start":{},"end":{}}]}},"s":{"0":1,"1":1,"2":0,"3":0,"4":0,"5":0,"6":0,"7":0,"8":0,"9":0,"10":0,"11":0,"12":0,"13":0,"14":0,"15":0,"16":0,"17":1},"f":{"0":0,"1":0,"2":0,"3":0,"4":0,"5":0},"b":{"0":[0,0],"1":[0,0],"2":[0,0],"3":[0,0]}}
,"C:\\Users\\mathe\\OneDrive\\Área de Trabalho\\igreja\\igreja-app-backend\\src\\repository\\curso.repository.ts": {"path":"C:\\Users\\mathe\\OneDrive\\Área de Trabalho\\igreja\\igreja-app-backend\\src\\repository\\curso.repository.ts","statementMap":{"0":{"start":{"line":1,"column":0},"end":{"line":1,"column":39}},"1":{"start":{"line":4,"column":23},"end":{"line":12,"column":32}},"2":{"start":{"line":16,"column":4},"end":{"line":19,"column":7}},"3":{"start":{"line":23,"column":4},"end":{"line":26,"column":7}},"4":{"start":{"line":30,"column":4},"end":{"line":36,"column":7}},"5":{"start":{"line":41,"column":4},"end":{"line":46,"column":7}},"6":{"start":{"line":55,"column":44},"end":{"line":57,"column":6}},"7":{"start":{"line":59,"column":4},"end":{"line":59,"column":49}},"8":{"start":{"line":59,"column":22},"end":{"line":59,"column":49}},"9":{"start":{"line":60,"column":4},"end":{"line":60,"column":55}},"10":{"start":{"line":60,"column":24},"end":{"line":60,"column":55}},"11":{"start":{"line":61,"column":4},"end":{"line":61,"column":60}},"12":{"start":{"line":61,"column":35},"end":{"line":61,"column":60}},"13":{"start":{"line":62,"column":4},"end":{"line":62,"column":60}},"14":{"start":{"line":62,"column":35},"end":{"line":62,"column":60}},"15":{"start":{"line":64,"column":4},"end":{"line":64,"column":40}},"16":{"start":{"line":68,"column":4},"end":{"line":72,"column":7}},"17":{"start":{"line":76,"column":4},"end":{"line":78,"column":7}},"18":{"start":{"line":14,"column":0},"end":{"line":14,"column":13}}},"fnMap":{"0":{"name":"(anonymous_0)","decl":{"start":{"line":15,"column":2},"end":{"line":15,"column":7}},"loc":{"start":{"line":15,"column":43},"end":{"line":20,"column":3}}},"1":{"name":"(anonymous_1)","decl":{"start":{"line":22,"column":2},"end":{"line":22,"column":7}},"loc":{"start":{"line":22,"column":30},"end":{"line":27,"column":3}}},"2":{"name":"(anonymous_2)","decl":{"start":{"line":29,"column":2},"end":{"line":29,"column":7}},"loc":{"start":{"line":29,"column":38},"end":{"line":37,"column":3}}},"3":{"name":"(anonymous_3)","decl":{"start":{"line":40,"column":2},"end":{"line":40,"column":7}},"loc":{"start":{"line":40,"column":42},"end":{"line":47,"column":3}}},"4":{"name":"(anonymous_4)","decl":{"start":{"line":49,"column":2},"end":{"line":49,"column":7}},"loc":{"start":{"line":54,"column":3},"end":{"line":65,"column":3}}},"5":{"name":"(anonymous_5)","decl":{"start":{"line":67,"column":2},"end":{"line":67,"column":7}},"loc":{"start":{"line":67,"column":59},"end":{"line":73,"column":3}}},"6":{"name":"(anonymous_6)","decl":{"start":{"line":75,"column":2},"end":{"line":75,"column":7}},"loc":{"start":{"line":75,"column":26},"end":{"line":79,"column":3}}}},"branchMap":{"0":{"loc":{"start":{"line":59,"column":4},"end":{"line":59,"column":49}},"type":"if","locations":[{"start":{"line":59,"column":4},"end":{"line":59,"column":49}},{"start":{},"end":{}}]},"1":{"loc":{"start":{"line":60,"column":4},"end":{"line":60,"column":55}},"type":"if","locations":[{"start":{"line":60,"column":4},"end":{"line":60,"column":55}},{"start":{},"end":{}}]},"2":{"loc":{"start":{"line":61,"column":4},"end":{"line":61,"column":60}},"type":"if","locations":[{"start":{"line":61,"column":4},"end":{"line":61,"column":60}},{"start":{},"end":{}}]},"3":{"loc":{"start":{"line":62,"column":4},"end":{"line":62,"column":60}},"type":"if","locations":[{"start":{"line":62,"column":4},"end":{"line":62,"column":60}},{"start":{},"end":{}}]}},"s":{"0":1,"1":1,"2":0,"3":0,"4":0,"5":0,"6":0,"7":0,"8":0,"9":0,"10":0,"11":0,"12":0,"13":0,"14":0,"15":0,"16":0,"17":0,"18":1},"f":{"0":0,"1":0,"2":0,"3":0,"4":0,"5":0,"6":0},"b":{"0":[0,0],"1":[0,0],"2":[0,0],"3":[0,0]}}
,"C:\\Users\\mathe\\OneDrive\\Área de Trabalho\\igreja\\igreja-app-backend\\src\\repository\\matricula.repository.ts": {"path":"C:\\Users\\mathe\\OneDrive\\Área de Trabalho\\igreja\\igreja-app-backend\\src\\repository\\matricula.repository.ts","statementMap":{"0":{"start":{"line":2,"column":0},"end":{"line":2,"column":39}},"1":{"start":{"line":7,"column":8},"end":{"line":27,"column":11}},"2":{"start":{"line":31,"column":8},"end":{"line":47,"column":11}},"3":{"start":{"line":51,"column":8},"end":{"line":62,"column":11}},"4":{"start":{"line":66,"column":8},"end":{"line":71,"column":11}},"5":{"start":{"line":75,"column":8},"end":{"line":79,"column":11}},"6":{"start":{"line":83,"column":8},"end":{"line":97,"column":11}},"7":{"start":{"line":101,"column":8},"end":{"line":119,"column":11}},"8":{"start":{"line":4,"column":0},"end":{"line":4,"column":13}}},"fnMap":{"0":{"name":"(anonymous_0)","decl":{"start":{"line":6,"column":4},"end":{"line":6,"column":9}},"loc":{"start":{"line":6,"column":54},"end":{"line":28,"column":5}}},"1":{"name":"(anonymous_1)","decl":{"start":{"line":30,"column":4},"end":{"line":30,"column":9}},"loc":{"start":{"line":30,"column":59},"end":{"line":48,"column":5}}},"2":{"name":"(anonymous_2)","decl":{"start":{"line":50,"column":4},"end":{"line":50,"column":9}},"loc":{"start":{"line":50,"column":35},"end":{"line":63,"column":5}}},"3":{"name":"(anonymous_3)","decl":{"start":{"line":65,"column":4},"end":{"line":65,"column":9}},"loc":{"start":{"line":65,"column":75},"end":{"line":72,"column":5}}},"4":{"name":"(anonymous_4)","decl":{"start":{"line":74,"column":4},"end":{"line":74,"column":9}},"loc":{"start":{"line":74,"column":63},"end":{"line":80,"column":5}}},"5":{"name":"(anonymous_5)","decl":{"start":{"line":82,"column":4},"end":{"line":82,"column":9}},"loc":{"start":{"line":82,"column":44},"end":{"line":98,"column":5}}},"6":{"name":"(anonymous_6)","decl":{"start":{"line":100,"column":4},"end":{"line":100,"column":9}},"loc":{"start":{"line":100,"column":53},"end":{"line":120,"column":5}}}},"branchMap":{},"s":{"0":1,"1":0,"2":0,"3":0,"4":0,"5":0,"6":0,"7":0,"8":1},"f":{"0":0,"1":0,"2":0,"3":0,"4":0,"5":0,"6":0},"b":{}}
,"C:\\Users\\mathe\\OneDrive\\Área de Trabalho\\igreja\\igreja-app-backend\\src\\repository\\pedidoOracao.repository.ts": {"path":"C:\\Users\\mathe\\OneDrive\\Área de Trabalho\\igreja\\igreja-app-backend\\src\\repository\\pedidoOracao.repository.ts","statementMap":{"0":{"start":{"line":1,"column":0},"end":{"line":1,"column":39}},"1":{"start":{"line":4,"column":21},"end":{"line":12,"column":39}},"2":{"start":{"line":16,"column":8},"end":{"line":19,"column":11}},"3":{"start":{"line":23,"column":8},"end":{"line":26,"column":11}},"4":{"start":{"line":30,"column":8},"end":{"line":36,"column":11}},"5":{"start":{"line":45,"column":8},"end":{"line":51,"column":11}},"6":{"start":{"line":55,"column":8},"end":{"line":57,"column":11}},"7":{"start":{"line":14,"column":0},"end":{"line":14,"column":13}}},"fnMap":{"0":{"name":"(anonymous_0)","decl":{"start":{"line":15,"column":4},"end":{"line":15,"column":9}},"loc":{"start":{"line":15,"column":52},"end":{"line":20,"column":5}}},"1":{"name":"(anonymous_1)","decl":{"start":{"line":22,"column":4},"end":{"line":22,"column":9}},"loc":{"start":{"line":22,"column":32},"end":{"line":27,"column":5}}},"2":{"name":"(anonymous_2)","decl":{"start":{"line":29,"column":4},"end":{"line":29,"column":9}},"loc":{"start":{"line":29,"column":40},"end":{"line":37,"column":5}}},"3":{"name":"(anonymous_3)","decl":{"start":{"line":39,"column":4},"end":{"line":39,"column":9}},"loc":{"start":{"line":44,"column":5},"end":{"line":52,"column":5}}},"4":{"name":"(anonymous_4)","decl":{"start":{"line":54,"column":4},"end":{"line":54,"column":9}},"loc":{"start":{"line":54,"column":28},"end":{"line":58,"column":5}}}},"branchMap":{"0":{"loc":{"start":{"line":46,"column":16},"end":{"line":46,"column":69}},"type":"binary-expr","locations":[{"start":{"line":46,"column":16},"end":{"line":46,"column":42}},{"start":{"line":46,"column":46},"end":{"line":46,"column":69}}]},"1":{"loc":{"start":{"line":47,"column":16},"end":{"line":47,"column":75}},"type":"binary-expr","locations":[{"start":{"line":47,"column":16},"end":{"line":47,"column":44}},{"start":{"line":47,"column":48},"end":{"line":47,"column":75}}]},"2":{"loc":{"start":{"line":48,"column":16},"end":{"line":48,"column":66}},"type":"binary-expr","locations":[{"start":{"line":48,"column":16},"end":{"line":48,"column":41}},{"start":{"line":48,"column":45},"end":{"line":48,"column":66}}]},"3":{"loc":{"start":{"line":49,"column":16},"end":{"line":49,"column":66}},"type":"binary-expr","locations":[{"start":{"line":49,"column":16},"end":{"line":49,"column":41}},{"start":{"line":49,"column":45},"end":{"line":49,"column":66}}]}},"s":{"0":1,"1":1,"2":0,"3":0,"4":0,"5":0,"6":0,"7":1},"f":{"0":0,"1":0,"2":0,"3":0,"4":0},"b":{"0":[0,0],"1":[0,0],"2":[0,0],"3":[0,0]}}
,"C:\\Users\\mathe\\OneDrive\\Área de Trabalho\\igreja\\igreja-app-backend\\src\\repository\\salaCurso.repository.ts": {"path":"C:\\Users\\mathe\\OneDrive\\Área de Trabalho\\igreja\\igreja-app-backend\\src\\repository\\salaCurso.repository.ts","statementMap":{"0":{"start":{"line":2,"column":0},"end":{"line":2,"column":39}},"1":{"start":{"line":6,"column":21},"end":{"line":13,"column":36}},"2":{"start":{"line":15,"column":31},"end":{"line":27,"column":36}},"3":{"start":{"line":29,"column":34},"end":{"line":35,"column":36}},"4":{"start":{"line":42,"column":4},"end":{"line":45,"column":7}},"5":{"start":{"line":52,"column":4},"end":{"line":55,"column":7}},"6":{"start":{"line":62,"column":4},"end":{"line":65,"column":7}},"7":{"start":{"line":72,"column":4},"end":{"line":74,"column":7}},"8":{"start":{"line":86,"column":48},"end":{"line":88,"column":6}},"9":{"start":{"line":90,"column":4},"end":{"line":90,"column":49}},"10":{"start":{"line":90,"column":22},"end":{"line":90,"column":49}},"11":{"start":{"line":91,"column":4},"end":{"line":91,"column":55}},"12":{"start":{"line":91,"column":24},"end":{"line":91,"column":55}},"13":{"start":{"line":92,"column":4},"end":{"line":92,"column":60}},"14":{"start":{"line":92,"column":35},"end":{"line":92,"column":60}},"15":{"start":{"line":93,"column":4},"end":{"line":93,"column":60}},"16":{"start":{"line":93,"column":35},"end":{"line":93,"column":60}},"17":{"start":{"line":95,"column":4},"end":{"line":95,"column":44}},"18":{"start":{"line":102,"column":4},"end":{"line":106,"column":7}},"19":{"start":{"line":113,"column":4},"end":{"line":115,"column":7}},"20":{"start":{"line":37,"column":0},"end":{"line":37,"column":13}}},"fnMap":{"0":{"name":"(anonymous_0)","decl":{"start":{"line":41,"column":2},"end":{"line":41,"column":7}},"loc":{"start":{"line":41,"column":47},"end":{"line":46,"column":3}}},"1":{"name":"(anonymous_1)","decl":{"start":{"line":51,"column":2},"end":{"line":51,"column":7}},"loc":{"start":{"line":51,"column":30},"end":{"line":56,"column":3}}},"2":{"name":"(anonymous_2)","decl":{"start":{"line":61,"column":2},"end":{"line":61,"column":7}},"loc":{"start":{"line":61,"column":38},"end":{"line":66,"column":3}}},"3":{"name":"(anonymous_3)","decl":{"start":{"line":71,"column":2},"end":{"line":71,"column":7}},"loc":{"start":{"line":71,"column":35},"end":{"line":75,"column":3}}},"4":{"name":"(anonymous_4)","decl":{"start":{"line":80,"column":2},"end":{"line":80,"column":7}},"loc":{"start":{"line":85,"column":3},"end":{"line":96,"column":3}}},"5":{"name":"(anonymous_5)","decl":{"start":{"line":101,"column":2},"end":{"line":101,"column":7}},"loc":{"start":{"line":101,"column":63},"end":{"line":107,"column":3}}},"6":{"name":"(anonymous_6)","decl":{"start":{"line":112,"column":2},"end":{"line":112,"column":7}},"loc":{"start":{"line":112,"column":26},"end":{"line":116,"column":3}}}},"branchMap":{"0":{"loc":{"start":{"line":90,"column":4},"end":{"line":90,"column":49}},"type":"if","locations":[{"start":{"line":90,"column":4},"end":{"line":90,"column":49}},{"start":{},"end":{}}]},"1":{"loc":{"start":{"line":91,"column":4},"end":{"line":91,"column":55}},"type":"if","locations":[{"start":{"line":91,"column":4},"end":{"line":91,"column":55}},{"start":{},"end":{}}]},"2":{"loc":{"start":{"line":92,"column":4},"end":{"line":92,"column":60}},"type":"if","locations":[{"start":{"line":92,"column":4},"end":{"line":92,"column":60}},{"start":{},"end":{}}]},"3":{"loc":{"start":{"line":93,"column":4},"end":{"line":93,"column":60}},"type":"if","locations":[{"start":{"line":93,"column":4},"end":{"line":93,"column":60}},{"start":{},"end":{}}]}},"s":{"0":1,"1":1,"2":1,"3":1,"4":0,"5":0,"6":0,"7":0,"8":0,"9":0,"10":0,"11":0,"12":0,"13":0,"14":0,"15":0,"16":0,"17":0,"18":0,"19":0,"20":1},"f":{"0":0,"1":0,"2":0,"3":0,"4":0,"5":0,"6":0},"b":{"0":[0,0],"1":[0,0],"2":[0,0],"3":[0,0]}}
,"C:\\Users\\mathe\\OneDrive\\Área de Trabalho\\igreja\\igreja-app-backend\\src\\repository\\usuario.repository.ts": {"path":"C:\\Users\\mathe\\OneDrive\\Área de Trabalho\\igreja\\igreja-app-backend\\src\\repository\\usuario.repository.ts","statementMap":{"0":{"start":{"line":4,"column":0},"end":{"line":4,"column":39}},"1":{"start":{"line":7,"column":19},"end":{"line":7,"column":25}},"2":{"start":{"line":15,"column":4},"end":{"line":29,"column":7}},"3":{"start":{"line":36,"column":4},"end":{"line":38,"column":7}},"4":{"start":{"line":46,"column":4},"end":{"line":60,"column":7}},"5":{"start":{"line":67,"column":4},"end":{"line":70,"column":7}},"6":{"start":{"line":6,"column":0},"end":{"line":6,"column":13}}},"fnMap":{"0":{"name":"(anonymous_0)","decl":{"start":{"line":12,"column":2},"end":{"line":12,"column":7}},"loc":{"start":{"line":13,"column":60},"end":{"line":30,"column":3}}},"1":{"name":"(anonymous_1)","decl":{"start":{"line":35,"column":2},"end":{"line":35,"column":7}},"loc":{"start":{"line":35,"column":36},"end":{"line":39,"column":3}}},"2":{"name":"(anonymous_2)","decl":{"start":{"line":45,"column":2},"end":{"line":45,"column":7}},"loc":{"start":{"line":45,"column":30},"end":{"line":61,"column":3}}},"3":{"name":"(anonymous_3)","decl":{"start":{"line":66,"column":2},"end":{"line":66,"column":7}},"loc":{"start":{"line":66,"column":54},"end":{"line":71,"column":3}}}},"branchMap":{"0":{"loc":{"start":{"line":22,"column":24},"end":{"line":24,"column":16}},"type":"cond-expr","locations":[{"start":{"line":23,"column":12},"end":{"line":23,"column":41}},{"start":{"line":24,"column":12},"end":{"line":24,"column":16}}]},"1":{"loc":{"start":{"line":25,"column":21},"end":{"line":25,"column":45}},"type":"binary-expr","locations":[{"start":{"line":25,"column":21},"end":{"line":25,"column":37}},{"start":{"line":25,"column":41},"end":{"line":25,"column":45}}]},"2":{"loc":{"start":{"line":26,"column":19},"end":{"line":26,"column":41}},"type":"binary-expr","locations":[{"start":{"line":26,"column":19},"end":{"line":26,"column":33}},{"start":{"line":26,"column":37},"end":{"line":26,"column":41}}]}},"s":{"0":6,"1":0,"2":0,"3":0,"4":0,"5":0,"6":6},"f":{"0":0,"1":0,"2":0,"3":0},"b":{"0":[0,0],"1":[0,0],"2":[0,0]}}
,"C:\\Users\\mathe\\OneDrive\\Área de Trabalho\\igreja\\igreja-app-backend\\src\\services\\auth.services.ts": {"path":"C:\\Users\\mathe\\OneDrive\\Área de Trabalho\\igreja\\igreja-app-backend\\src\\services\\auth.services.ts","statementMap":{"0":{"start":{"line":2,"column":0},"end":{"line":2,"column":30}},"1":{"start":{"line":3,"column":0},"end":{"line":3,"column":31}},"2":{"start":{"line":5,"column":0},"end":{"line":5,"column":69}},"3":{"start":{"line":6,"column":0},"end":{"line":6,"column":45}},"4":{"start":{"line":19,"column":33},"end":{"line":19,"column":35}},"5":{"start":{"line":23,"column":4},"end":{"line":23,"column":74}},"6":{"start":{"line":25,"column":4},"end":{"line":29,"column":5}},"7":{"start":{"line":26,"column":6},"end":{"line":28,"column":8}},"8":{"start":{"line":32,"column":4},"end":{"line":34,"column":5}},"9":{"start":{"line":33,"column":6},"end":{"line":33,"column":71}},"10":{"start":{"line":36,"column":4},"end":{"line":36,"column":45}},"11":{"start":{"line":40,"column":89},"end":{"line":40,"column":93}},"12":{"start":{"line":42,"column":29},"end":{"line":42,"column":79}},"13":{"start":{"line":43,"column":4},"end":{"line":45,"column":5}},"14":{"start":{"line":44,"column":6},"end":{"line":44,"column":76}},"15":{"start":{"line":47,"column":22},"end":{"line":47,"column":64}},"16":{"start":{"line":49,"column":24},"end":{"line":57,"column":6}},"17":{"start":{"line":59,"column":18},"end":{"line":59,"column":96}},"18":{"start":{"line":61,"column":4},"end":{"line":67,"column":6}},"19":{"start":{"line":71,"column":29},"end":{"line":71,"column":33}},"20":{"start":{"line":73,"column":20},"end":{"line":73,"column":70}},"21":{"start":{"line":74,"column":4},"end":{"line":76,"column":5}},"22":{"start":{"line":75,"column":6},"end":{"line":75,"column":60}},"23":{"start":{"line":78,"column":24},"end":{"line":78,"column":66}},"24":{"start":{"line":79,"column":4},"end":{"line":81,"column":5}},"25":{"start":{"line":80,"column":6},"end":{"line":80,"column":60}},"26":{"start":{"line":83,"column":18},"end":{"line":83,"column":84}},"27":{"start":{"line":85,"column":4},"end":{"line":91,"column":6}},"28":{"start":{"line":99,"column":20},"end":{"line":99,"column":64}},"29":{"start":{"line":101,"column":4},"end":{"line":103,"column":5}},"30":{"start":{"line":102,"column":6},"end":{"line":102,"column":57}},"31":{"start":{"line":105,"column":4},"end":{"line":105,"column":19}},"32":{"start":{"line":109,"column":4},"end":{"line":113,"column":6}},"33":{"start":{"line":117,"column":4},"end":{"line":121,"column":5}},"34":{"start":{"line":118,"column":6},"end":{"line":118,"column":64}},"35":{"start":{"line":120,"column":6},"end":{"line":120,"column":61}},"36":{"start":{"line":17,"column":0},"end":{"line":17,"column":13}}},"fnMap":{"0":{"name":"(anonymous_1)","decl":{"start":{"line":22,"column":2},"end":{"line":22,"column":14}},"loc":{"start":{"line":22,"column":51},"end":{"line":37,"column":3}}},"1":{"name":"(anonymous_2)","decl":{"start":{"line":39,"column":9},"end":{"line":39,"column":14}},"loc":{"start":{"line":39,"column":41},"end":{"line":68,"column":3}}},"2":{"name":"(anonymous_3)","decl":{"start":{"line":70,"column":9},"end":{"line":70,"column":14}},"loc":{"start":{"line":70,"column":35},"end":{"line":92,"column":3}}},"3":{"name":"(anonymous_4)","decl":{"start":{"line":98,"column":9},"end":{"line":98,"column":14}},"loc":{"start":{"line":98,"column":37},"end":{"line":106,"column":3}}},"4":{"name":"(anonymous_5)","decl":{"start":{"line":108,"column":10},"end":{"line":108,"column":23}},"loc":{"start":{"line":108,"column":68},"end":{"line":114,"column":3}}},"5":{"name":"(anonymous_6)","decl":{"start":{"line":116,"column":9},"end":{"line":116,"column":20}},"loc":{"start":{"line":116,"column":34},"end":{"line":122,"column":3}}}},"branchMap":{"0":{"loc":{"start":{"line":23,"column":29},"end":{"line":23,"column":73}},"type":"binary-expr","locations":[{"start":{"line":23,"column":29},"end":{"line":23,"column":46}},{"start":{"line":23,"column":50},"end":{"line":23,"column":73}}]},"1":{"loc":{"start":{"line":25,"column":4},"end":{"line":29,"column":5}},"type":"if","locations":[{"start":{"line":25,"column":4},"end":{"line":29,"column":5}},{"start":{},"end":{}}]},"2":{"loc":{"start":{"line":32,"column":4},"end":{"line":34,"column":5}},"type":"if","locations":[{"start":{"line":32,"column":4},"end":{"line":34,"column":5}},{"start":{},"end":{}}]},"3":{"loc":{"start":{"line":43,"column":4},"end":{"line":45,"column":5}},"type":"if","locations":[{"start":{"line":43,"column":4},"end":{"line":45,"column":5}},{"start":{},"end":{}}]},"4":{"loc":{"start":{"line":59,"column":73},"end":{"line":59,"column":95}},"type":"binary-expr","locations":[{"start":{"line":59,"column":73},"end":{"line":59,"column":89}},{"start":{"line":59,"column":93},"end":{"line":59,"column":95}}]},"5":{"loc":{"start":{"line":74,"column":4},"end":{"line":76,"column":5}},"type":"if","locations":[{"start":{"line":74,"column":4},"end":{"line":76,"column":5}},{"start":{},"end":{}}]},"6":{"loc":{"start":{"line":79,"column":4},"end":{"line":81,"column":5}},"type":"if","locations":[{"start":{"line":79,"column":4},"end":{"line":81,"column":5}},{"start":{},"end":{}}]},"7":{"loc":{"start":{"line":83,"column":65},"end":{"line":83,"column":83}},"type":"binary-expr","locations":[{"start":{"line":83,"column":65},"end":{"line":83,"column":77}},{"start":{"line":83,"column":81},"end":{"line":83,"column":83}}]},"8":{"loc":{"start":{"line":101,"column":4},"end":{"line":103,"column":5}},"type":"if","locations":[{"start":{"line":101,"column":4},"end":{"line":103,"column":5}},{"start":{},"end":{}}]}},"s":{"0":1,"1":1,"2":1,"3":1,"4":12,"5":12,"6":12,"7":0,"8":12,"9":0,"10":12,"11":4,"12":4,"13":4,"14":1,"15":3,"16":3,"17":3,"18":3,"19":3,"20":3,"21":3,"22":1,"23":2,"24":2,"25":1,"26":1,"27":1,"28":2,"29":2,"30":1,"31":1,"32":4,"33":3,"34":3,"35":2,"36":1},"f":{"0":12,"1":4,"2":3,"3":2,"4":4,"5":3},"b":{"0":[12,0],"1":[0,12],"2":[0,12],"3":[1,3],"4":[3,3],"5":[1,2],"6":[1,1],"7":[1,1],"8":[1,1]}}
,"C:\\Users\\mathe\\OneDrive\\Área de Trabalho\\igreja\\igreja-app-backend\\src\\services\\conteudo.services.ts": {"path":"C:\\Users\\mathe\\OneDrive\\Área de Trabalho\\igreja\\igreja-app-backend\\src\\services\\conteudo.services.ts","statementMap":{"0":{"start":{"line":9,"column":0},"end":{"line":9,"column":69}},"1":{"start":{"line":10,"column":0},"end":{"line":10,"column":71}},"2":{"start":{"line":11,"column":0},"end":{"line":11,"column":45}},"3":{"start":{"line":13,"column":0},"end":{"line":13,"column":45}},"4":{"start":{"line":23,"column":4},"end":{"line":23,"column":74}},"5":{"start":{"line":24,"column":4},"end":{"line":24,"column":77}},"6":{"start":{"line":31,"column":20},"end":{"line":31,"column":71}},"7":{"start":{"line":32,"column":4},"end":{"line":34,"column":5}},"8":{"start":{"line":33,"column":6},"end":{"line":33,"column":57}},"9":{"start":{"line":36,"column":25},"end":{"line":46,"column":6}},"10":{"start":{"line":48,"column":4},"end":{"line":48,"column":47}},"11":{"start":{"line":52,"column":21},"end":{"line":52,"column":74}},"12":{"start":{"line":54,"column":4},"end":{"line":56,"column":5}},"13":{"start":{"line":55,"column":6},"end":{"line":55,"column":58}},"14":{"start":{"line":58,"column":4},"end":{"line":58,"column":43}},"15":{"start":{"line":64,"column":70},"end":{"line":64,"column":77}},"16":{"start":{"line":66,"column":17},"end":{"line":66,"column":35}},"17":{"start":{"line":68,"column":51},"end":{"line":68,"column":53}},"18":{"start":{"line":69,"column":4},"end":{"line":69,"column":38}},"19":{"start":{"line":69,"column":14},"end":{"line":69,"column":38}},"20":{"start":{"line":70,"column":4},"end":{"line":72,"column":5}},"21":{"start":{"line":71,"column":6},"end":{"line":71,"column":68}},"22":{"start":{"line":74,"column":22},"end":{"line":81,"column":6}},"23":{"start":{"line":83,"column":4},"end":{"line":83,"column":72}},"24":{"start":{"line":83,"column":39},"end":{"line":83,"column":70}},"25":{"start":{"line":92,"column":30},"end":{"line":92,"column":83}},"26":{"start":{"line":94,"column":4},"end":{"line":96,"column":5}},"27":{"start":{"line":95,"column":6},"end":{"line":95,"column":58}},"28":{"start":{"line":98,"column":26},"end":{"line":98,"column":130}},"29":{"start":{"line":100,"column":4},"end":{"line":102,"column":5}},"30":{"start":{"line":101,"column":6},"end":{"line":101,"column":86}},"31":{"start":{"line":104,"column":51},"end":{"line":104,"column":53}},"32":{"start":{"line":106,"column":4},"end":{"line":106,"column":61}},"33":{"start":{"line":106,"column":33},"end":{"line":106,"column":61}},"34":{"start":{"line":107,"column":4},"end":{"line":107,"column":67}},"35":{"start":{"line":107,"column":35},"end":{"line":107,"column":67}},"36":{"start":{"line":108,"column":4},"end":{"line":108,"column":64}},"37":{"start":{"line":108,"column":34},"end":{"line":108,"column":64}},"38":{"start":{"line":109,"column":4},"end":{"line":109,"column":76}},"39":{"start":{"line":109,"column":38},"end":{"line":109,"column":76}},"40":{"start":{"line":110,"column":4},"end":{"line":110,"column":73}},"41":{"start":{"line":110,"column":37},"end":{"line":110,"column":73}},"42":{"start":{"line":111,"column":4},"end":{"line":111,"column":70}},"43":{"start":{"line":111,"column":36},"end":{"line":111,"column":70}},"44":{"start":{"line":112,"column":4},"end":{"line":112,"column":76}},"45":{"start":{"line":112,"column":38},"end":{"line":112,"column":76}},"46":{"start":{"line":113,"column":4},"end":{"line":117,"column":5}},"47":{"start":{"line":114,"column":6},"end":{"line":116,"column":15}},"48":{"start":{"line":119,"column":31},"end":{"line":121,"column":null}},"49":{"start":{"line":124,"column":4},"end":{"line":124,"column":53}},"50":{"start":{"line":132,"column":30},"end":{"line":132,"column":91}},"51":{"start":{"line":134,"column":4},"end":{"line":136,"column":5}},"52":{"start":{"line":135,"column":6},"end":{"line":135,"column":58}},"53":{"start":{"line":138,"column":24},"end":{"line":138,"column":128}},"54":{"start":{"line":140,"column":4},"end":{"line":142,"column":5}},"55":{"start":{"line":141,"column":6},"end":{"line":141,"column":84}},"56":{"start":{"line":144,"column":4},"end":{"line":144,"column":54}},"57":{"start":{"line":148,"column":4},"end":{"line":163,"column":6}},"58":{"start":{"line":15,"column":0},"end":{"line":15,"column":13}}},"fnMap":{"0":{"name":"(anonymous_0)","decl":{"start":{"line":19,"column":2},"end":{"line":19,"column":null}},"loc":{"start":{"line":21,"column":43},"end":{"line":25,"column":3}}},"1":{"name":"(anonymous_1)","decl":{"start":{"line":27,"column":9},"end":{"line":27,"column":14}},"loc":{"start":{"line":29,"column":21},"end":{"line":49,"column":3}}},"2":{"name":"(anonymous_2)","decl":{"start":{"line":51,"column":9},"end":{"line":51,"column":14}},"loc":{"start":{"line":51,"column":41},"end":{"line":59,"column":3}}},"3":{"name":"(anonymous_3)","decl":{"start":{"line":61,"column":9},"end":{"line":61,"column":14}},"loc":{"start":{"line":62,"column":36},"end":{"line":84,"column":3}}},"4":{"name":"(anonymous_4)","decl":{"start":{"line":83,"column":25},"end":{"line":83,"column":26}},"loc":{"start":{"line":83,"column":39},"end":{"line":83,"column":70}}},"5":{"name":"(anonymous_5)","decl":{"start":{"line":86,"column":9},"end":{"line":86,"column":14}},"loc":{"start":{"line":90,"column":18},"end":{"line":125,"column":3}}},"6":{"name":"(anonymous_6)","decl":{"start":{"line":127,"column":9},"end":{"line":127,"column":14}},"loc":{"start":{"line":130,"column":18},"end":{"line":145,"column":3}}},"7":{"name":"(anonymous_7)","decl":{"start":{"line":147,"column":10},"end":{"line":147,"column":26}},"loc":{"start":{"line":147,"column":62},"end":{"line":164,"column":3}}}},"branchMap":{"0":{"loc":{"start":{"line":23,"column":29},"end":{"line":23,"column":73}},"type":"binary-expr","locations":[{"start":{"line":23,"column":29},"end":{"line":23,"column":46}},{"start":{"line":23,"column":50},"end":{"line":23,"column":73}}]},"1":{"loc":{"start":{"line":24,"column":30},"end":{"line":24,"column":76}},"type":"binary-expr","locations":[{"start":{"line":24,"column":30},"end":{"line":24,"column":48}},{"start":{"line":24,"column":52},"end":{"line":24,"column":76}}]},"2":{"loc":{"start":{"line":32,"column":4},"end":{"line":34,"column":5}},"type":"if","locations":[{"start":{"line":32,"column":4},"end":{"line":34,"column":5}},{"start":{},"end":{}}]},"3":{"loc":{"start":{"line":40,"column":13},"end":{"line":40,"column":31}},"type":"binary-expr","locations":[{"start":{"line":40,"column":13},"end":{"line":40,"column":23}},{"start":{"line":40,"column":27},"end":{"line":40,"column":31}}]},"4":{"loc":{"start":{"line":41,"column":17},"end":{"line":41,"column":39}},"type":"binary-expr","locations":[{"start":{"line":41,"column":17},"end":{"line":41,"column":31}},{"start":{"line":41,"column":35},"end":{"line":41,"column":39}}]},"5":{"loc":{"start":{"line":42,"column":16},"end":{"line":42,"column":37}},"type":"binary-expr","locations":[{"start":{"line":42,"column":16},"end":{"line":42,"column":29}},{"start":{"line":42,"column":33},"end":{"line":42,"column":37}}]},"6":{"loc":{"start":{"line":44,"column":17},"end":{"line":44,"column":40}},"type":"binary-expr","locations":[{"start":{"line":44,"column":17},"end":{"line":44,"column":31}},{"start":{"line":44,"column":35},"end":{"line":44,"column":40}}]},"7":{"loc":{"start":{"line":45,"column":20},"end":{"line":45,"column":74}},"type":"cond-expr","locations":[{"start":{"line":45,"column":40},"end":{"line":45,"column":67}},{"start":{"line":45,"column":70},"end":{"line":45,"column":74}}]},"8":{"loc":{"start":{"line":54,"column":4},"end":{"line":56,"column":5}},"type":"if","locations":[{"start":{"line":54,"column":4},"end":{"line":56,"column":5}},{"start":{},"end":{}}]},"9":{"loc":{"start":{"line":62,"column":4},"end":{"line":62,"column":36}},"type":"default-arg","locations":[{"start":{"line":62,"column":34},"end":{"line":62,"column":36}}]},"10":{"loc":{"start":{"line":64,"column":18},"end":{"line":64,"column":28}},"type":"default-arg","locations":[{"start":{"line":64,"column":26},"end":{"line":64,"column":28}}]},"11":{"loc":{"start":{"line":64,"column":37},"end":{"line":64,"column":55}},"type":"default-arg","locations":[{"start":{"line":64,"column":47},"end":{"line":64,"column":55}}]},"12":{"loc":{"start":{"line":64,"column":57},"end":{"line":64,"column":65}},"type":"default-arg","locations":[{"start":{"line":64,"column":64},"end":{"line":64,"column":65}}]},"13":{"loc":{"start":{"line":69,"column":4},"end":{"line":69,"column":38}},"type":"if","locations":[{"start":{"line":69,"column":4},"end":{"line":69,"column":38}},{"start":{},"end":{}}]},"14":{"loc":{"start":{"line":70,"column":4},"end":{"line":72,"column":5}},"type":"if","locations":[{"start":{"line":70,"column":4},"end":{"line":72,"column":5}},{"start":{},"end":{}}]},"15":{"loc":{"start":{"line":77,"column":24},"end":{"line":77,"column":61}},"type":"cond-expr","locations":[{"start":{"line":77,"column":47},"end":{"line":77,"column":53}},{"start":{"line":77,"column":56},"end":{"line":77,"column":61}}]},"16":{"loc":{"start":{"line":94,"column":4},"end":{"line":96,"column":5}},"type":"if","locations":[{"start":{"line":94,"column":4},"end":{"line":96,"column":5}},{"start":{},"end":{}}]},"17":{"loc":{"start":{"line":98,"column":26},"end":{"line":98,"column":130}},"type":"binary-expr","locations":[{"start":{"line":98,"column":26},"end":{"line":98,"column":67}},{"start":{"line":98,"column":71},"end":{"line":98,"column":102}},{"start":{"line":98,"column":106},"end":{"line":98,"column":130}}]},"18":{"loc":{"start":{"line":100,"column":4},"end":{"line":102,"column":5}},"type":"if","locations":[{"start":{"line":100,"column":4},"end":{"line":102,"column":5}},{"start":{},"end":{}}]},"19":{"loc":{"start":{"line":106,"column":4},"end":{"line":106,"column":61}},"type":"if","locations":[{"start":{"line":106,"column":4},"end":{"line":106,"column":61}},{"start":{},"end":{}}]},"20":{"loc":{"start":{"line":107,"column":4},"end":{"line":107,"column":67}},"type":"if","locations":[{"start":{"line":107,"column":4},"end":{"line":107,"column":67}},{"start":{},"end":{}}]},"21":{"loc":{"start":{"line":108,"column":4},"end":{"line":108,"column":64}},"type":"if","locations":[{"start":{"line":108,"column":4},"end":{"line":108,"column":64}},{"start":{},"end":{}}]},"22":{"loc":{"start":{"line":109,"column":4},"end":{"line":109,"column":76}},"type":"if","locations":[{"start":{"line":109,"column":4},"end":{"line":109,"column":76}},{"start":{},"end":{}}]},"23":{"loc":{"start":{"line":110,"column":4},"end":{"line":110,"column":73}},"type":"if","locations":[{"start":{"line":110,"column":4},"end":{"line":110,"column":73}},{"start":{},"end":{}}]},"24":{"loc":{"start":{"line":111,"column":4},"end":{"line":111,"column":70}},"type":"if","locations":[{"start":{"line":111,"column":4},"end":{"line":111,"column":70}},{"start":{},"end":{}}]},"25":{"loc":{"start":{"line":112,"column":4},"end":{"line":112,"column":76}},"type":"if","locations":[{"start":{"line":112,"column":4},"end":{"line":112,"column":76}},{"start":{},"end":{}}]},"26":{"loc":{"start":{"line":113,"column":4},"end":{"line":117,"column":5}},"type":"if","locations":[{"start":{"line":113,"column":4},"end":{"line":117,"column":5}},{"start":{},"end":{}}]},"27":{"loc":{"start":{"line":114,"column":32},"end":{"line":116,"column":14}},"type":"cond-expr","locations":[{"start":{"line":115,"column":10},"end":{"line":115,"column":37}},{"start":{"line":116,"column":10},"end":{"line":116,"column":14}}]},"28":{"loc":{"start":{"line":134,"column":4},"end":{"line":136,"column":5}},"type":"if","locations":[{"start":{"line":134,"column":4},"end":{"line":136,"column":5}},{"start":{},"end":{}}]},"29":{"loc":{"start":{"line":138,"column":24},"end":{"line":138,"column":128}},"type":"binary-expr","locations":[{"start":{"line":138,"column":24},"end":{"line":138,"column":65}},{"start":{"line":138,"column":69},"end":{"line":138,"column":100}},{"start":{"line":138,"column":104},"end":{"line":138,"column":128}}]},"30":{"loc":{"start":{"line":140,"column":4},"end":{"line":142,"column":5}},"type":"if","locations":[{"start":{"line":140,"column":4},"end":{"line":142,"column":5}},{"start":{},"end":{}}]},"31":{"loc":{"start":{"line":152,"column":13},"end":{"line":152,"column":40}},"type":"binary-expr","locations":[{"start":{"line":152,"column":13},"end":{"line":152,"column":27}},{"start":{"line":152,"column":31},"end":{"line":152,"column":40}}]},"32":{"loc":{"start":{"line":153,"column":17},"end":{"line":153,"column":48}},"type":"binary-expr","locations":[{"start":{"line":153,"column":17},"end":{"line":153,"column":35}},{"start":{"line":153,"column":39},"end":{"line":153,"column":48}}]},"33":{"loc":{"start":{"line":154,"column":16},"end":{"line":154,"column":46}},"type":"binary-expr","locations":[{"start":{"line":154,"column":16},"end":{"line":154,"column":33}},{"start":{"line":154,"column":37},"end":{"line":154,"column":46}}]},"34":{"loc":{"start":{"line":159,"column":12},"end":{"line":159,"column":37}},"type":"binary-expr","locations":[{"start":{"line":159,"column":12},"end":{"line":159,"column":32}},{"start":{"line":159,"column":36},"end":{"line":159,"column":37}}]},"35":{"loc":{"start":{"line":160,"column":22},"end":{"line":160,"column":58}},"type":"binary-expr","locations":[{"start":{"line":160,"column":22},"end":{"line":160,"column":52}},{"start":{"line":160,"column":56},"end":{"line":160,"column":58}}]},"36":{"loc":{"start":{"line":161,"column":16},"end":{"line":161,"column":46}},"type":"binary-expr","locations":[{"start":{"line":161,"column":16},"end":{"line":161,"column":40}},{"start":{"line":161,"column":44},"end":{"line":161,"column":46}}]}},"s":{"0":1,"1":1,"2":1,"3":1,"4":9,"5":9,"6":1,"7":1,"8":0,"9":1,"10":1,"11":1,"12":1,"13":0,"14":1,"15":1,"16":1,"17":1,"18":1,"19":0,"20":1,"21":0,"22":1,"23":1,"24":1,"25":3,"26":3,"27":0,"28":3,"29":3,"30":1,"31":2,"32":2,"33":0,"34":2,"35":2,"36":2,"37":0,"38":2,"39":0,"40":2,"41":0,"42":2,"43":0,"44":2,"45":0,"46":2,"47":0,"48":2,"49":2,"50":3,"51":3,"52":0,"53":3,"54":3,"55":1,"56":2,"57":5,"58":1},"f":{"0":9,"1":1,"2":1,"3":1,"4":1,"5":3,"6":3,"7":5},"b":{"0":[9,0],"1":[9,0],"2":[0,1],"3":[1,0],"4":[1,1],"5":[1,1],"6":[1,1],"7":[0,1],"8":[0,1],"9":[1],"10":[1],"11":[1],"12":[1],"13":[0,1],"14":[0,1],"15":[1,0],"16":[0,3],"17":[3,2,1],"18":[1,2],"19":[0,2],"20":[2,0],"21":[0,2],"22":[0,2],"23":[0,2],"24":[0,2],"25":[0,2],"26":[0,2],"27":[0,0],"28":[0,3],"29":[3,2,1],"30":[1,2],"31":[5,0],"32":[5,5],"33":[5,5],"34":[5,0],"35":[5,0],"36":[5,0]}}
,"C:\\Users\\mathe\\OneDrive\\Área de Trabalho\\igreja\\igreja-app-backend\\src\\services\\curso.services.ts": {"path":"C:\\Users\\mathe\\OneDrive\\Área de Trabalho\\igreja\\igreja-app-backend\\src\\services\\curso.services.ts","statementMap":{"0":{"start":{"line":9,"column":0},"end":{"line":9,"column":69}},"1":{"start":{"line":10,"column":0},"end":{"line":10,"column":65}},"2":{"start":{"line":11,"column":0},"end":{"line":11,"column":45}},"3":{"start":{"line":13,"column":0},"end":{"line":13,"column":45}},"4":{"start":{"line":23,"column":4},"end":{"line":23,"column":74}},"5":{"start":{"line":24,"column":4},"end":{"line":24,"column":68}},"6":{"start":{"line":31,"column":20},"end":{"line":31,"column":71}},"7":{"start":{"line":32,"column":4},"end":{"line":34,"column":5}},"8":{"start":{"line":33,"column":6},"end":{"line":33,"column":57}},"9":{"start":{"line":36,"column":22},"end":{"line":41,"column":6}},"10":{"start":{"line":43,"column":4},"end":{"line":43,"column":44}},"11":{"start":{"line":47,"column":18},"end":{"line":47,"column":65}},"12":{"start":{"line":49,"column":4},"end":{"line":51,"column":5}},"13":{"start":{"line":50,"column":6},"end":{"line":50,"column":55}},"14":{"start":{"line":53,"column":4},"end":{"line":53,"column":40}},"15":{"start":{"line":63,"column":8},"end":{"line":63,"column":15}},"16":{"start":{"line":65,"column":17},"end":{"line":65,"column":35}},"17":{"start":{"line":67,"column":19},"end":{"line":79,"column":6}},"18":{"start":{"line":81,"column":4},"end":{"line":81,"column":63}},"19":{"start":{"line":81,"column":33},"end":{"line":81,"column":61}},"20":{"start":{"line":90,"column":25},"end":{"line":90,"column":72}},"21":{"start":{"line":91,"column":2},"end":{"line":91,"column":72}},"22":{"start":{"line":91,"column":23},"end":{"line":91,"column":72}},"23":{"start":{"line":94,"column":4},"end":{"line":96,"column":49}},"24":{"start":{"line":98,"column":2},"end":{"line":100,"column":3}},"25":{"start":{"line":99,"column":4},"end":{"line":99,"column":81}},"26":{"start":{"line":102,"column":46},"end":{"line":102,"column":48}},"27":{"start":{"line":103,"column":2},"end":{"line":103,"column":59}},"28":{"start":{"line":103,"column":31},"end":{"line":103,"column":59}},"29":{"start":{"line":104,"column":2},"end":{"line":104,"column":98}},"30":{"start":{"line":104,"column":44},"end":{"line":104,"column":98}},"31":{"start":{"line":105,"column":2},"end":{"line":105,"column":74}},"32":{"start":{"line":105,"column":36},"end":{"line":105,"column":74}},"33":{"start":{"line":107,"column":26},"end":{"line":107,"column":83}},"34":{"start":{"line":108,"column":2},"end":{"line":108,"column":48}},"35":{"start":{"line":116,"column":25},"end":{"line":116,"column":80}},"36":{"start":{"line":117,"column":2},"end":{"line":117,"column":72}},"37":{"start":{"line":117,"column":23},"end":{"line":117,"column":72}},"38":{"start":{"line":120,"column":4},"end":{"line":122,"column":49}},"39":{"start":{"line":124,"column":2},"end":{"line":126,"column":3}},"40":{"start":{"line":125,"column":4},"end":{"line":125,"column":79}},"41":{"start":{"line":128,"column":23},"end":{"line":128,"column":77}},"42":{"start":{"line":129,"column":2},"end":{"line":134,"column":3}},"43":{"start":{"line":130,"column":4},"end":{"line":133,"column":6}},"44":{"start":{"line":136,"column":2},"end":{"line":136,"column":46}},"45":{"start":{"line":140,"column":4},"end":{"line":150,"column":6}},"46":{"start":{"line":15,"column":0},"end":{"line":15,"column":13}}},"fnMap":{"0":{"name":"(anonymous_0)","decl":{"start":{"line":19,"column":2},"end":{"line":19,"column":null}},"loc":{"start":{"line":21,"column":37},"end":{"line":25,"column":3}}},"1":{"name":"(anonymous_1)","decl":{"start":{"line":27,"column":9},"end":{"line":27,"column":14}},"loc":{"start":{"line":29,"column":21},"end":{"line":44,"column":3}}},"2":{"name":"(anonymous_2)","decl":{"start":{"line":46,"column":9},"end":{"line":46,"column":14}},"loc":{"start":{"line":46,"column":38},"end":{"line":54,"column":3}}},"3":{"name":"(anonymous_3)","decl":{"start":{"line":56,"column":9},"end":{"line":56,"column":14}},"loc":{"start":{"line":56,"column":49},"end":{"line":82,"column":3}}},"4":{"name":"(anonymous_4)","decl":{"start":{"line":81,"column":22},"end":{"line":81,"column":23}},"loc":{"start":{"line":81,"column":33},"end":{"line":81,"column":61}}},"5":{"name":"(anonymous_5)","decl":{"start":{"line":84,"column":8},"end":{"line":84,"column":13}},"loc":{"start":{"line":88,"column":16},"end":{"line":109,"column":1}}},"6":{"name":"(anonymous_6)","decl":{"start":{"line":111,"column":7},"end":{"line":111,"column":12}},"loc":{"start":{"line":114,"column":16},"end":{"line":137,"column":1}}},"7":{"name":"(anonymous_7)","decl":{"start":{"line":139,"column":10},"end":{"line":139,"column":26}},"loc":{"start":{"line":139,"column":56},"end":{"line":151,"column":3}}}},"branchMap":{"0":{"loc":{"start":{"line":23,"column":29},"end":{"line":23,"column":73}},"type":"binary-expr","locations":[{"start":{"line":23,"column":29},"end":{"line":23,"column":46}},{"start":{"line":23,"column":50},"end":{"line":23,"column":73}}]},"1":{"loc":{"start":{"line":24,"column":27},"end":{"line":24,"column":67}},"type":"binary-expr","locations":[{"start":{"line":24,"column":27},"end":{"line":24,"column":42}},{"start":{"line":24,"column":46},"end":{"line":24,"column":67}}]},"2":{"loc":{"start":{"line":32,"column":4},"end":{"line":34,"column":5}},"type":"if","locations":[{"start":{"line":32,"column":4},"end":{"line":34,"column":5}},{"start":{},"end":{}}]},"3":{"loc":{"start":{"line":39,"column":25},"end":{"line":39,"column":55}},"type":"binary-expr","locations":[{"start":{"line":39,"column":25},"end":{"line":39,"column":47}},{"start":{"line":39,"column":51},"end":{"line":39,"column":55}}]},"4":{"loc":{"start":{"line":49,"column":4},"end":{"line":51,"column":5}},"type":"if","locations":[{"start":{"line":49,"column":4},"end":{"line":51,"column":5}},{"start":{},"end":{}}]},"5":{"loc":{"start":{"line":56,"column":20},"end":{"line":56,"column":49}},"type":"default-arg","locations":[{"start":{"line":56,"column":47},"end":{"line":56,"column":49}}]},"6":{"loc":{"start":{"line":60,"column":6},"end":{"line":60,"column":16}},"type":"default-arg","locations":[{"start":{"line":60,"column":14},"end":{"line":60,"column":16}}]},"7":{"loc":{"start":{"line":61,"column":6},"end":{"line":61,"column":14}},"type":"default-arg","locations":[{"start":{"line":61,"column":13},"end":{"line":61,"column":14}}]},"8":{"loc":{"start":{"line":62,"column":6},"end":{"line":62,"column":24}},"type":"default-arg","locations":[{"start":{"line":62,"column":16},"end":{"line":62,"column":24}}]},"9":{"loc":{"start":{"line":69,"column":12},"end":{"line":69,"column":38}},"type":"binary-expr","locations":[{"start":{"line":69,"column":12},"end":{"line":69,"column":21}},{"start":{"line":69,"column":25},"end":{"line":69,"column":38}}]},"10":{"loc":{"start":{"line":70,"column":12},"end":{"line":72,"column":10}},"type":"binary-expr","locations":[{"start":{"line":70,"column":12},"end":{"line":70,"column":17}},{"start":{"line":70,"column":21},"end":{"line":72,"column":10}}]},"11":{"loc":{"start":{"line":75,"column":12},"end":{"line":75,"column":49}},"type":"cond-expr","locations":[{"start":{"line":75,"column":35},"end":{"line":75,"column":40}},{"start":{"line":75,"column":43},"end":{"line":75,"column":49}}]},"12":{"loc":{"start":{"line":91,"column":2},"end":{"line":91,"column":72}},"type":"if","locations":[{"start":{"line":91,"column":2},"end":{"line":91,"column":72}},{"start":{},"end":{}}]},"13":{"loc":{"start":{"line":94,"column":4},"end":{"line":96,"column":49}},"type":"binary-expr","locations":[{"start":{"line":94,"column":4},"end":{"line":94,"column":35}},{"start":{"line":95,"column":4},"end":{"line":95,"column":28}},{"start":{"line":96,"column":4},"end":{"line":96,"column":49}}]},"14":{"loc":{"start":{"line":98,"column":2},"end":{"line":100,"column":3}},"type":"if","locations":[{"start":{"line":98,"column":2},"end":{"line":100,"column":3}},{"start":{},"end":{}}]},"15":{"loc":{"start":{"line":103,"column":2},"end":{"line":103,"column":59}},"type":"if","locations":[{"start":{"line":103,"column":2},"end":{"line":103,"column":59}},{"start":{},"end":{}}]},"16":{"loc":{"start":{"line":104,"column":2},"end":{"line":104,"column":98}},"type":"if","locations":[{"start":{"line":104,"column":2},"end":{"line":104,"column":98}},{"start":{},"end":{}}]},"17":{"loc":{"start":{"line":105,"column":2},"end":{"line":105,"column":74}},"type":"if","locations":[{"start":{"line":105,"column":2},"end":{"line":105,"column":74}},{"start":{},"end":{}}]},"18":{"loc":{"start":{"line":117,"column":2},"end":{"line":117,"column":72}},"type":"if","locations":[{"start":{"line":117,"column":2},"end":{"line":117,"column":72}},{"start":{},"end":{}}]},"19":{"loc":{"start":{"line":120,"column":4},"end":{"line":122,"column":49}},"type":"binary-expr","locations":[{"start":{"line":120,"column":4},"end":{"line":120,"column":35}},{"start":{"line":121,"column":4},"end":{"line":121,"column":28}},{"start":{"line":122,"column":4},"end":{"line":122,"column":49}}]},"20":{"loc":{"start":{"line":124,"column":2},"end":{"line":126,"column":3}},"type":"if","locations":[{"start":{"line":124,"column":2},"end":{"line":126,"column":3}},{"start":{},"end":{}}]},"21":{"loc":{"start":{"line":129,"column":2},"end":{"line":134,"column":3}},"type":"if","locations":[{"start":{"line":129,"column":2},"end":{"line":134,"column":3}},{"start":{},"end":{}}]},"22":{"loc":{"start":{"line":143,"column":25},"end":{"line":143,"column":61}},"type":"binary-expr","locations":[{"start":{"line":143,"column":25},"end":{"line":143,"column":48}},{"start":{"line":143,"column":52},"end":{"line":143,"column":61}}]},"23":{"loc":{"start":{"line":146,"column":12},"end":{"line":146,"column":34}},"type":"binary-expr","locations":[{"start":{"line":146,"column":12},"end":{"line":146,"column":29}},{"start":{"line":146,"column":33},"end":{"line":146,"column":34}}]},"24":{"loc":{"start":{"line":147,"column":22},"end":{"line":147,"column":55}},"type":"binary-expr","locations":[{"start":{"line":147,"column":22},"end":{"line":147,"column":49}},{"start":{"line":147,"column":53},"end":{"line":147,"column":55}}]},"25":{"loc":{"start":{"line":148,"column":16},"end":{"line":148,"column":43}},"type":"binary-expr","locations":[{"start":{"line":148,"column":16},"end":{"line":148,"column":37}},{"start":{"line":148,"column":41},"end":{"line":148,"column":43}}]}},"s":{"0":1,"1":1,"2":1,"3":1,"4":16,"5":16,"6":3,"7":3,"8":1,"9":2,"10":2,"11":2,"12":2,"13":1,"14":1,"15":2,"16":2,"17":2,"18":2,"19":2,"20":4,"21":4,"22":0,"23":4,"24":4,"25":1,"26":3,"27":3,"28":3,"29":3,"30":0,"31":3,"32":0,"33":3,"34":3,"35":5,"36":5,"37":1,"38":4,"39":4,"40":1,"41":3,"42":3,"43":1,"44":2,"45":8,"46":1},"f":{"0":16,"1":3,"2":2,"3":2,"4":2,"5":4,"6":5,"7":8},"b":{"0":[16,0],"1":[16,0],"2":[1,2],"3":[2,1],"4":[1,1],"5":[1],"6":[1],"7":[1],"8":[1],"9":[2,1],"10":[2,1],"11":[1,1],"12":[0,4],"13":[4,3,3],"14":[1,3],"15":[3,0],"16":[0,3],"17":[0,3],"18":[1,4],"19":[4,3,3],"20":[1,3],"21":[1,2],"22":[8,1],"23":[8,0],"24":[8,0],"25":[8,0]}}
,"C:\\Users\\mathe\\OneDrive\\Área de Trabalho\\igreja\\igreja-app-backend\\src\\services\\matricula.services.ts": {"path":"C:\\Users\\mathe\\OneDrive\\Área de Trabalho\\igreja\\igreja-app-backend\\src\\services\\matricula.services.ts","statementMap":{"0":{"start":{"line":9,"column":0},"end":{"line":9,"column":73}},"1":{"start":{"line":10,"column":0},"end":{"line":10,"column":69}},"2":{"start":{"line":11,"column":0},"end":{"line":11,"column":45}},"3":{"start":{"line":12,"column":0},"end":{"line":12,"column":45}},"4":{"start":{"line":22,"column":8},"end":{"line":22,"column":84}},"5":{"start":{"line":23,"column":8},"end":{"line":23,"column":78}},"6":{"start":{"line":38,"column":12},"end":{"line":40,"column":75}},"7":{"start":{"line":42,"column":8},"end":{"line":44,"column":9}},"8":{"start":{"line":43,"column":12},"end":{"line":43,"column":87}},"9":{"start":{"line":51,"column":18},"end":{"line":51,"column":69}},"10":{"start":{"line":52,"column":2},"end":{"line":52,"column":66}},"11":{"start":{"line":52,"column":16},"end":{"line":52,"column":66}},"12":{"start":{"line":54,"column":15},"end":{"line":54,"column":64}},"13":{"start":{"line":55,"column":2},"end":{"line":55,"column":60}},"14":{"start":{"line":55,"column":13},"end":{"line":55,"column":60}},"15":{"start":{"line":56,"column":2},"end":{"line":56,"column":100}},"16":{"start":{"line":56,"column":31},"end":{"line":56,"column":100}},"17":{"start":{"line":58,"column":29},"end":{"line":58,"column":94}},"18":{"start":{"line":60,"column":2},"end":{"line":85,"column":3}},"19":{"start":{"line":61,"column":4},"end":{"line":63,"column":5}},"20":{"start":{"line":62,"column":6},"end":{"line":62,"column":69}},"21":{"start":{"line":65,"column":4},"end":{"line":67,"column":5}},"22":{"start":{"line":66,"column":6},"end":{"line":66,"column":87}},"23":{"start":{"line":70,"column":4},"end":{"line":70,"column":79}},"24":{"start":{"line":72,"column":31},"end":{"line":72,"column":96}},"25":{"start":{"line":73,"column":4},"end":{"line":75,"column":5}},"26":{"start":{"line":74,"column":6},"end":{"line":74,"column":60}},"27":{"start":{"line":77,"column":4},"end":{"line":84,"column":6}},"28":{"start":{"line":87,"column":20},"end":{"line":87,"column":80}},"29":{"start":{"line":89,"column":2},"end":{"line":96,"column":4}},"30":{"start":{"line":103,"column":26},"end":{"line":103,"column":91}},"31":{"start":{"line":104,"column":8},"end":{"line":104,"column":76}},"32":{"start":{"line":104,"column":24},"end":{"line":104,"column":76}},"33":{"start":{"line":106,"column":8},"end":{"line":108,"column":9}},"34":{"start":{"line":107,"column":12},"end":{"line":107,"column":77}},"35":{"start":{"line":110,"column":8},"end":{"line":110,"column":100}},"36":{"start":{"line":119,"column":21},"end":{"line":119,"column":70}},"37":{"start":{"line":120,"column":8},"end":{"line":120,"column":66}},"38":{"start":{"line":120,"column":19},"end":{"line":120,"column":66}},"39":{"start":{"line":123,"column":30},"end":{"line":123,"column":88}},"40":{"start":{"line":125,"column":8},"end":{"line":131,"column":12}},"41":{"start":{"line":125,"column":41},"end":{"line":131,"column":10}},"42":{"start":{"line":143,"column":21},"end":{"line":143,"column":70}},"43":{"start":{"line":144,"column":8},"end":{"line":144,"column":66}},"44":{"start":{"line":144,"column":19},"end":{"line":144,"column":66}},"45":{"start":{"line":147,"column":8},"end":{"line":147,"column":113}},"46":{"start":{"line":149,"column":8},"end":{"line":149,"column":89}},"47":{"start":{"line":162,"column":21},"end":{"line":162,"column":70}},"48":{"start":{"line":163,"column":8},"end":{"line":163,"column":66}},"49":{"start":{"line":163,"column":19},"end":{"line":163,"column":66}},"50":{"start":{"line":166,"column":8},"end":{"line":166,"column":108}},"51":{"start":{"line":168,"column":8},"end":{"line":168,"column":86}},"52":{"start":{"line":175,"column":26},"end":{"line":175,"column":93}},"53":{"start":{"line":177,"column":8},"end":{"line":184,"column":12}},"54":{"start":{"line":177,"column":40},"end":{"line":184,"column":10}},"55":{"start":{"line":14,"column":0},"end":{"line":14,"column":13}}},"fnMap":{"0":{"name":"(anonymous_0)","decl":{"start":{"line":18,"column":4},"end":{"line":18,"column":null}},"loc":{"start":{"line":20,"column":45},"end":{"line":24,"column":5}}},"1":{"name":"(anonymous_1)","decl":{"start":{"line":31,"column":12},"end":{"line":31,"column":34}},"loc":{"start":{"line":35,"column":43},"end":{"line":45,"column":5}}},"2":{"name":"(anonymous_2)","decl":{"start":{"line":50,"column":10},"end":{"line":50,"column":15}},"loc":{"start":{"line":50,"column":60},"end":{"line":97,"column":1}}},"3":{"name":"(anonymous_3)","decl":{"start":{"line":102,"column":11},"end":{"line":102,"column":16}},"loc":{"start":{"line":102,"column":68},"end":{"line":111,"column":5}}},"4":{"name":"(anonymous_4)","decl":{"start":{"line":116,"column":11},"end":{"line":116,"column":16}},"loc":{"start":{"line":117,"column":22},"end":{"line":132,"column":5}}},"5":{"name":"(anonymous_5)","decl":{"start":{"line":125,"column":33},"end":{"line":125,"column":34}},"loc":{"start":{"line":125,"column":41},"end":{"line":131,"column":10}}},"6":{"name":"(anonymous_6)","decl":{"start":{"line":137,"column":11},"end":{"line":137,"column":16}},"loc":{"start":{"line":141,"column":22},"end":{"line":150,"column":5}}},"7":{"name":"(anonymous_7)","decl":{"start":{"line":155,"column":11},"end":{"line":155,"column":16}},"loc":{"start":{"line":160,"column":22},"end":{"line":169,"column":5}}},"8":{"name":"(anonymous_8)","decl":{"start":{"line":174,"column":11},"end":{"line":174,"column":16}},"loc":{"start":{"line":174,"column":50},"end":{"line":185,"column":5}}},"9":{"name":"(anonymous_9)","decl":{"start":{"line":177,"column":29},"end":{"line":177,"column":30}},"loc":{"start":{"line":177,"column":40},"end":{"line":184,"column":10}}}},"branchMap":{"0":{"loc":{"start":{"line":22,"column":35},"end":{"line":22,"column":83}},"type":"binary-expr","locations":[{"start":{"line":22,"column":35},"end":{"line":22,"column":54}},{"start":{"line":22,"column":58},"end":{"line":22,"column":83}}]},"1":{"loc":{"start":{"line":23,"column":33},"end":{"line":23,"column":77}},"type":"binary-expr","locations":[{"start":{"line":23,"column":33},"end":{"line":23,"column":50}},{"start":{"line":23,"column":54},"end":{"line":23,"column":77}}]},"2":{"loc":{"start":{"line":35,"column":8},"end":{"line":35,"column":43}},"type":"default-arg","locations":[{"start":{"line":35,"column":23},"end":{"line":35,"column":43}}]},"3":{"loc":{"start":{"line":38,"column":12},"end":{"line":40,"column":75}},"type":"binary-expr","locations":[{"start":{"line":38,"column":12},"end":{"line":38,"column":43}},{"start":{"line":39,"column":12},"end":{"line":39,"column":36}},{"start":{"line":40,"column":13},"end":{"line":40,"column":36}},{"start":{"line":40,"column":40},"end":{"line":40,"column":74}}]},"4":{"loc":{"start":{"line":42,"column":8},"end":{"line":44,"column":9}},"type":"if","locations":[{"start":{"line":42,"column":8},"end":{"line":44,"column":9}},{"start":{},"end":{}}]},"5":{"loc":{"start":{"line":52,"column":2},"end":{"line":52,"column":66}},"type":"if","locations":[{"start":{"line":52,"column":2},"end":{"line":52,"column":66}},{"start":{},"end":{}}]},"6":{"loc":{"start":{"line":55,"column":2},"end":{"line":55,"column":60}},"type":"if","locations":[{"start":{"line":55,"column":2},"end":{"line":55,"column":60}},{"start":{},"end":{}}]},"7":{"loc":{"start":{"line":56,"column":2},"end":{"line":56,"column":100}},"type":"if","locations":[{"start":{"line":56,"column":2},"end":{"line":56,"column":100}},{"start":{},"end":{}}]},"8":{"loc":{"start":{"line":60,"column":2},"end":{"line":85,"column":3}},"type":"if","locations":[{"start":{"line":60,"column":2},"end":{"line":85,"column":3}},{"start":{},"end":{}}]},"9":{"loc":{"start":{"line":61,"column":4},"end":{"line":63,"column":5}},"type":"if","locations":[{"start":{"line":61,"column":4},"end":{"line":63,"column":5}},{"start":{},"end":{}}]},"10":{"loc":{"start":{"line":65,"column":4},"end":{"line":67,"column":5}},"type":"if","locations":[{"start":{"line":65,"column":4},"end":{"line":67,"column":5}},{"start":{},"end":{}}]},"11":{"loc":{"start":{"line":73,"column":4},"end":{"line":75,"column":5}},"type":"if","locations":[{"start":{"line":73,"column":4},"end":{"line":75,"column":5}},{"start":{},"end":{}}]},"12":{"loc":{"start":{"line":73,"column":8},"end":{"line":73,"column":55}},"type":"binary-expr","locations":[{"start":{"line":73,"column":8},"end":{"line":73,"column":27}},{"start":{"line":73,"column":31},"end":{"line":73,"column":55}}]},"13":{"loc":{"start":{"line":104,"column":8},"end":{"line":104,"column":76}},"type":"if","locations":[{"start":{"line":104,"column":8},"end":{"line":104,"column":76}},{"start":{},"end":{}}]},"14":{"loc":{"start":{"line":106,"column":8},"end":{"line":108,"column":9}},"type":"if","locations":[{"start":{"line":106,"column":8},"end":{"line":108,"column":9}},{"start":{},"end":{}}]},"15":{"loc":{"start":{"line":120,"column":8},"end":{"line":120,"column":66}},"type":"if","locations":[{"start":{"line":120,"column":8},"end":{"line":120,"column":66}},{"start":{},"end":{}}]},"16":{"loc":{"start":{"line":144,"column":8},"end":{"line":144,"column":66}},"type":"if","locations":[{"start":{"line":144,"column":8},"end":{"line":144,"column":66}},{"start":{},"end":{}}]},"17":{"loc":{"start":{"line":163,"column":8},"end":{"line":163,"column":66}},"type":"if","locations":[{"start":{"line":163,"column":8},"end":{"line":163,"column":66}},{"start":{},"end":{}}]}},"s":{"0":1,"1":1,"2":1,"3":1,"4":6,"5":6,"6":3,"7":3,"8":1,"9":0,"10":0,"11":0,"12":0,"13":0,"14":0,"15":0,"16":0,"17":0,"18":0,"19":0,"20":0,"21":0,"22":0,"23":0,"24":0,"25":0,"26":0,"27":0,"28":0,"29":0,"30":1,"31":1,"32":0,"33":1,"34":0,"35":1,"36":2,"37":2,"38":1,"39":1,"40":1,"41":1,"42":3,"43":3,"44":0,"45":3,"46":2,"47":0,"48":0,"49":0,"50":0,"51":0,"52":0,"53":0,"54":0,"55":1},"f":{"0":6,"1":3,"2":0,"3":1,"4":2,"5":1,"6":3,"7":0,"8":0,"9":0},"b":{"0":[6,0],"1":[6,0],"2":[0],"3":[3,2,2,2],"4":[1,2],"5":[0,0],"6":[0,0],"7":[0,0],"8":[0,0],"9":[0,0],"10":[0,0],"11":[0,0],"12":[0,0],"13":[0,1],"14":[0,1],"15":[1,1],"16":[0,3],"17":[0,0]}}
,"C:\\Users\\mathe\\OneDrive\\Área de Trabalho\\igreja\\igreja-app-backend\\src\\services\\pedidoOracao.services.ts": {"path":"C:\\Users\\mathe\\OneDrive\\Área de Trabalho\\igreja\\igreja-app-backend\\src\\services\\pedidoOracao.services.ts","statementMap":{"0":{"start":{"line":7,"column":0},"end":{"line":7,"column":69}},"1":{"start":{"line":8,"column":0},"end":{"line":8,"column":79}},"2":{"start":{"line":9,"column":0},"end":{"line":9,"column":45}},"3":{"start":{"line":11,"column":0},"end":{"line":11,"column":53}},"4":{"start":{"line":21,"column":8},"end":{"line":21,"column":78}},"5":{"start":{"line":22,"column":8},"end":{"line":22,"column":93}},"6":{"start":{"line":29,"column":24},"end":{"line":29,"column":74}},"7":{"start":{"line":30,"column":8},"end":{"line":32,"column":9}},"8":{"start":{"line":31,"column":12},"end":{"line":31,"column":62}},"9":{"start":{"line":33,"column":27},"end":{"line":37,"column":10}},"10":{"start":{"line":39,"column":8},"end":{"line":39,"column":null}},"11":{"start":{"line":45,"column":48},"end":{"line":45,"column":55}},"12":{"start":{"line":47,"column":21},"end":{"line":47,"column":39}},"13":{"start":{"line":49,"column":59},"end":{"line":49,"column":61}},"14":{"start":{"line":50,"column":8},"end":{"line":52,"column":9}},"15":{"start":{"line":51,"column":12},"end":{"line":51,"column":83}},"16":{"start":{"line":54,"column":24},"end":{"line":59,"column":10}},"17":{"start":{"line":61,"column":8},"end":{"line":61,"column":70}},"18":{"start":{"line":61,"column":39},"end":{"line":61,"column":68}},"19":{"start":{"line":71,"column":32},"end":{"line":71,"column":95}},"20":{"start":{"line":73,"column":8},"end":{"line":75,"column":9}},"21":{"start":{"line":74,"column":12},"end":{"line":74,"column":72}},"22":{"start":{"line":78,"column":12},"end":{"line":80,"column":36}},"23":{"start":{"line":82,"column":8},"end":{"line":84,"column":9}},"24":{"start":{"line":83,"column":12},"end":{"line":83,"column":87}},"25":{"start":{"line":86,"column":8},"end":{"line":86,"column":60}},"26":{"start":{"line":92,"column":8},"end":{"line":102,"column":10}},"27":{"start":{"line":13,"column":0},"end":{"line":13,"column":13}}},"fnMap":{"0":{"name":"(anonymous_0)","decl":{"start":{"line":17,"column":4},"end":{"line":17,"column":null}},"loc":{"start":{"line":19,"column":55},"end":{"line":23,"column":5}}},"1":{"name":"(anonymous_1)","decl":{"start":{"line":25,"column":11},"end":{"line":25,"column":16}},"loc":{"start":{"line":27,"column":24},"end":{"line":40,"column":5}}},"2":{"name":"(anonymous_2)","decl":{"start":{"line":42,"column":11},"end":{"line":42,"column":16}},"loc":{"start":{"line":43,"column":42},"end":{"line":63,"column":5}}},"3":{"name":"(anonymous_3)","decl":{"start":{"line":61,"column":27},"end":{"line":61,"column":28}},"loc":{"start":{"line":61,"column":39},"end":{"line":61,"column":68}}},"4":{"name":"(anonymous_4)","decl":{"start":{"line":66,"column":11},"end":{"line":66,"column":16}},"loc":{"start":{"line":69,"column":22},"end":{"line":87,"column":5}}},"5":{"name":"(anonymous_5)","decl":{"start":{"line":89,"column":12},"end":{"line":89,"column":28}},"loc":{"start":{"line":90,"column":43},"end":{"line":103,"column":5}}}},"branchMap":{"0":{"loc":{"start":{"line":21,"column":33},"end":{"line":21,"column":77}},"type":"binary-expr","locations":[{"start":{"line":21,"column":33},"end":{"line":21,"column":50}},{"start":{"line":21,"column":54},"end":{"line":21,"column":77}}]},"1":{"loc":{"start":{"line":22,"column":38},"end":{"line":22,"column":92}},"type":"binary-expr","locations":[{"start":{"line":22,"column":38},"end":{"line":22,"column":60}},{"start":{"line":22,"column":64},"end":{"line":22,"column":92}}]},"2":{"loc":{"start":{"line":30,"column":8},"end":{"line":32,"column":9}},"type":"if","locations":[{"start":{"line":30,"column":8},"end":{"line":32,"column":9}},{"start":{},"end":{}}]},"3":{"loc":{"start":{"line":43,"column":8},"end":{"line":43,"column":42}},"type":"default-arg","locations":[{"start":{"line":43,"column":40},"end":{"line":43,"column":42}}]},"4":{"loc":{"start":{"line":45,"column":23},"end":{"line":45,"column":33}},"type":"default-arg","locations":[{"start":{"line":45,"column":31},"end":{"line":45,"column":33}}]},"5":{"loc":{"start":{"line":45,"column":35},"end":{"line":45,"column":43}},"type":"default-arg","locations":[{"start":{"line":45,"column":42},"end":{"line":45,"column":43}}]},"6":{"loc":{"start":{"line":50,"column":8},"end":{"line":52,"column":9}},"type":"if","locations":[{"start":{"line":50,"column":8},"end":{"line":52,"column":9}},{"start":{},"end":{}}]},"7":{"loc":{"start":{"line":73,"column":8},"end":{"line":75,"column":9}},"type":"if","locations":[{"start":{"line":73,"column":8},"end":{"line":75,"column":9}},{"start":{},"end":{}}]},"8":{"loc":{"start":{"line":78,"column":12},"end":{"line":80,"column":36}},"type":"binary-expr","locations":[{"start":{"line":78,"column":12},"end":{"line":78,"column":56}},{"start":{"line":79,"column":12},"end":{"line":79,"column":43}},{"start":{"line":80,"column":12},"end":{"line":80,"column":36}}]},"9":{"loc":{"start":{"line":82,"column":8},"end":{"line":84,"column":9}},"type":"if","locations":[{"start":{"line":82,"column":8},"end":{"line":84,"column":9}},{"start":{},"end":{}}]},"10":{"loc":{"start":{"line":98,"column":20},"end":{"line":98,"column":41}},"type":"binary-expr","locations":[{"start":{"line":98,"column":20},"end":{"line":98,"column":36}},{"start":{"line":98,"column":40},"end":{"line":98,"column":41}}]},"11":{"loc":{"start":{"line":99,"column":30},"end":{"line":99,"column":62}},"type":"binary-expr","locations":[{"start":{"line":99,"column":30},"end":{"line":99,"column":56}},{"start":{"line":99,"column":60},"end":{"line":99,"column":62}}]},"12":{"loc":{"start":{"line":100,"column":24},"end":{"line":100,"column":50}},"type":"binary-expr","locations":[{"start":{"line":100,"column":24},"end":{"line":100,"column":44}},{"start":{"line":100,"column":48},"end":{"line":100,"column":50}}]}},"s":{"0":1,"1":1,"2":1,"3":1,"4":11,"5":11,"6":2,"7":2,"8":1,"9":1,"10":1,"11":3,"12":3,"13":3,"14":3,"15":1,"16":3,"17":3,"18":3,"19":6,"20":6,"21":1,"22":5,"23":5,"24":2,"25":3,"26":4,"27":1},"f":{"0":11,"1":2,"2":3,"3":3,"4":6,"5":4},"b":{"0":[11,0],"1":[11,0],"2":[1,1],"3":[2],"4":[2],"5":[2],"6":[1,2],"7":[1,5],"8":[5,4,3],"9":[2,3],"10":[4,0],"11":[4,0],"12":[4,0]}}
,"C:\\Users\\mathe\\OneDrive\\Área de Trabalho\\igreja\\igreja-app-backend\\src\\services\\sala.services.ts": {"path":"C:\\Users\\mathe\\OneDrive\\Área de Trabalho\\igreja\\igreja-app-backend\\src\\services\\sala.services.ts","statementMap":{"0":{"start":{"line":9,"column":0},"end":{"line":9,"column":69}},"1":{"start":{"line":10,"column":0},"end":{"line":10,"column":73}},"2":{"start":{"line":11,"column":0},"end":{"line":11,"column":45}},"3":{"start":{"line":13,"column":0},"end":{"line":13,"column":45}},"4":{"start":{"line":23,"column":8},"end":{"line":23,"column":78}},"5":{"start":{"line":24,"column":8},"end":{"line":24,"column":84}},"6":{"start":{"line":31,"column":24},"end":{"line":31,"column":75}},"7":{"start":{"line":32,"column":8},"end":{"line":32,"column":72}},"8":{"start":{"line":32,"column":22},"end":{"line":32,"column":72}},"9":{"start":{"line":34,"column":28},"end":{"line":34,"column":84}},"10":{"start":{"line":35,"column":8},"end":{"line":35,"column":74}},"11":{"start":{"line":35,"column":26},"end":{"line":35,"column":74}},"12":{"start":{"line":37,"column":25},"end":{"line":43,"column":10}},"13":{"start":{"line":45,"column":8},"end":{"line":45,"column":47}},"14":{"start":{"line":49,"column":21},"end":{"line":49,"column":71}},"15":{"start":{"line":50,"column":8},"end":{"line":50,"column":66}},"16":{"start":{"line":50,"column":19},"end":{"line":50,"column":66}},"17":{"start":{"line":52,"column":8},"end":{"line":52,"column":43}},"18":{"start":{"line":66,"column":8},"end":{"line":66,"column":15}},"19":{"start":{"line":68,"column":17},"end":{"line":68,"column":35}},"20":{"start":{"line":69,"column":55},"end":{"line":69,"column":57}},"21":{"start":{"line":72,"column":4},"end":{"line":72,"column":43}},"22":{"start":{"line":75,"column":43},"end":{"line":75,"column":72}},"23":{"start":{"line":76,"column":4},"end":{"line":76,"column":73}},"24":{"start":{"line":76,"column":37},"end":{"line":76,"column":73}},"25":{"start":{"line":77,"column":4},"end":{"line":77,"column":74}},"26":{"start":{"line":77,"column":36},"end":{"line":77,"column":74}},"27":{"start":{"line":79,"column":4},"end":{"line":81,"column":7}},"28":{"start":{"line":83,"column":4},"end":{"line":83,"column":62}},"29":{"start":{"line":83,"column":31},"end":{"line":83,"column":62}},"30":{"start":{"line":84,"column":4},"end":{"line":86,"column":5}},"31":{"start":{"line":85,"column":8},"end":{"line":85,"column":82}},"32":{"start":{"line":88,"column":48},"end":{"line":88,"column":50}},"33":{"start":{"line":89,"column":4},"end":{"line":89,"column":83}},"34":{"start":{"line":89,"column":19},"end":{"line":89,"column":83}},"35":{"start":{"line":90,"column":4},"end":{"line":94,"column":3}},"36":{"start":{"line":91,"column":4},"end":{"line":93,"column":6}},"37":{"start":{"line":96,"column":2},"end":{"line":98,"column":3}},"38":{"start":{"line":97,"column":4},"end":{"line":97,"column":54}},"39":{"start":{"line":100,"column":16},"end":{"line":105,"column":4}},"40":{"start":{"line":107,"column":2},"end":{"line":107,"column":58}},"41":{"start":{"line":107,"column":29},"end":{"line":107,"column":56}},"42":{"start":{"line":116,"column":30},"end":{"line":116,"column":88}},"43":{"start":{"line":117,"column":8},"end":{"line":117,"column":75}},"44":{"start":{"line":117,"column":28},"end":{"line":117,"column":75}},"45":{"start":{"line":119,"column":8},"end":{"line":125,"column":9}},"46":{"start":{"line":124,"column":12},"end":{"line":124,"column":87}},"47":{"start":{"line":127,"column":56},"end":{"line":127,"column":58}},"48":{"start":{"line":129,"column":8},"end":{"line":129,"column":77}},"49":{"start":{"line":129,"column":41},"end":{"line":129,"column":77}},"50":{"start":{"line":130,"column":8},"end":{"line":132,"column":9}},"51":{"start":{"line":131,"column":12},"end":{"line":131,"column":87}},"52":{"start":{"line":133,"column":8},"end":{"line":135,"column":9}},"53":{"start":{"line":134,"column":12},"end":{"line":134,"column":78}},"54":{"start":{"line":136,"column":8},"end":{"line":136,"column":71}},"55":{"start":{"line":136,"column":39},"end":{"line":136,"column":71}},"56":{"start":{"line":138,"column":31},"end":{"line":138,"column":91}},"57":{"start":{"line":140,"column":8},"end":{"line":140,"column":53}},"58":{"start":{"line":148,"column":30},"end":{"line":148,"column":88}},"59":{"start":{"line":149,"column":8},"end":{"line":149,"column":75}},"60":{"start":{"line":149,"column":28},"end":{"line":149,"column":75}},"61":{"start":{"line":151,"column":8},"end":{"line":157,"column":9}},"62":{"start":{"line":156,"column":12},"end":{"line":156,"column":87}},"63":{"start":{"line":159,"column":8},"end":{"line":159,"column":55}},"64":{"start":{"line":163,"column":8},"end":{"line":173,"column":10}},"65":{"start":{"line":15,"column":0},"end":{"line":15,"column":13}}},"fnMap":{"0":{"name":"(anonymous_0)","decl":{"start":{"line":19,"column":4},"end":{"line":19,"column":null}},"loc":{"start":{"line":21,"column":49},"end":{"line":25,"column":5}}},"1":{"name":"(anonymous_1)","decl":{"start":{"line":27,"column":11},"end":{"line":27,"column":16}},"loc":{"start":{"line":29,"column":25},"end":{"line":46,"column":5}}},"2":{"name":"(anonymous_2)","decl":{"start":{"line":48,"column":11},"end":{"line":48,"column":16}},"loc":{"start":{"line":48,"column":39},"end":{"line":53,"column":5}}},"3":{"name":"(anonymous_3)","decl":{"start":{"line":55,"column":11},"end":{"line":55,"column":16}},"loc":{"start":{"line":57,"column":23},"end":{"line":108,"column":1}}},"4":{"name":"(anonymous_4)","decl":{"start":{"line":107,"column":19},"end":{"line":107,"column":20}},"loc":{"start":{"line":107,"column":29},"end":{"line":107,"column":56}}},"5":{"name":"(anonymous_5)","decl":{"start":{"line":110,"column":11},"end":{"line":110,"column":16}},"loc":{"start":{"line":114,"column":22},"end":{"line":141,"column":5}}},"6":{"name":"(anonymous_6)","decl":{"start":{"line":143,"column":11},"end":{"line":143,"column":16}},"loc":{"start":{"line":146,"column":22},"end":{"line":160,"column":5}}},"7":{"name":"(anonymous_7)","decl":{"start":{"line":162,"column":12},"end":{"line":162,"column":28}},"loc":{"start":{"line":162,"column":54},"end":{"line":174,"column":5}}}},"branchMap":{"0":{"loc":{"start":{"line":23,"column":33},"end":{"line":23,"column":77}},"type":"binary-expr","locations":[{"start":{"line":23,"column":33},"end":{"line":23,"column":50}},{"start":{"line":23,"column":54},"end":{"line":23,"column":77}}]},"1":{"loc":{"start":{"line":24,"column":35},"end":{"line":24,"column":83}},"type":"binary-expr","locations":[{"start":{"line":24,"column":35},"end":{"line":24,"column":54}},{"start":{"line":24,"column":58},"end":{"line":24,"column":83}}]},"2":{"loc":{"start":{"line":32,"column":8},"end":{"line":32,"column":72}},"type":"if","locations":[{"start":{"line":32,"column":8},"end":{"line":32,"column":72}},{"start":{},"end":{}}]},"3":{"loc":{"start":{"line":35,"column":8},"end":{"line":35,"column":74}},"type":"if","locations":[{"start":{"line":35,"column":8},"end":{"line":35,"column":74}},{"start":{},"end":{}}]},"4":{"loc":{"start":{"line":40,"column":24},"end":{"line":40,"column":74}},"type":"cond-expr","locations":[{"start":{"line":40,"column":42},"end":{"line":40,"column":67}},{"start":{"line":40,"column":70},"end":{"line":40,"column":74}}]},"5":{"loc":{"start":{"line":41,"column":21},"end":{"line":41,"column":65}},"type":"cond-expr","locations":[{"start":{"line":41,"column":36},"end":{"line":41,"column":58}},{"start":{"line":41,"column":61},"end":{"line":41,"column":65}}]},"6":{"loc":{"start":{"line":50,"column":8},"end":{"line":50,"column":66}},"type":"if","locations":[{"start":{"line":50,"column":8},"end":{"line":50,"column":66}},{"start":{},"end":{}}]},"7":{"loc":{"start":{"line":56,"column":5},"end":{"line":56,"column":33}},"type":"default-arg","locations":[{"start":{"line":56,"column":31},"end":{"line":56,"column":33}}]},"8":{"loc":{"start":{"line":61,"column":4},"end":{"line":61,"column":14}},"type":"default-arg","locations":[{"start":{"line":61,"column":12},"end":{"line":61,"column":14}}]},"9":{"loc":{"start":{"line":62,"column":4},"end":{"line":62,"column":12}},"type":"default-arg","locations":[{"start":{"line":62,"column":11},"end":{"line":62,"column":12}}]},"10":{"loc":{"start":{"line":76,"column":4},"end":{"line":76,"column":73}},"type":"if","locations":[{"start":{"line":76,"column":4},"end":{"line":76,"column":73}},{"start":{},"end":{}}]},"11":{"loc":{"start":{"line":77,"column":4},"end":{"line":77,"column":74}},"type":"if","locations":[{"start":{"line":77,"column":4},"end":{"line":77,"column":74}},{"start":{},"end":{}}]},"12":{"loc":{"start":{"line":83,"column":4},"end":{"line":83,"column":62}},"type":"if","locations":[{"start":{"line":83,"column":4},"end":{"line":83,"column":62}},{"start":{},"end":{}}]},"13":{"loc":{"start":{"line":84,"column":4},"end":{"line":86,"column":5}},"type":"if","locations":[{"start":{"line":84,"column":4},"end":{"line":86,"column":5}},{"start":{},"end":{}}]},"14":{"loc":{"start":{"line":89,"column":4},"end":{"line":89,"column":83}},"type":"if","locations":[{"start":{"line":89,"column":4},"end":{"line":89,"column":83}},{"start":{},"end":{}}]},"15":{"loc":{"start":{"line":90,"column":4},"end":{"line":94,"column":3}},"type":"if","locations":[{"start":{"line":90,"column":4},"end":{"line":94,"column":3}},{"start":{},"end":{}}]},"16":{"loc":{"start":{"line":96,"column":2},"end":{"line":98,"column":3}},"type":"if","locations":[{"start":{"line":96,"column":2},"end":{"line":98,"column":3}},{"start":{},"end":{}}]},"17":{"loc":{"start":{"line":117,"column":8},"end":{"line":117,"column":75}},"type":"if","locations":[{"start":{"line":117,"column":8},"end":{"line":117,"column":75}},{"start":{},"end":{}}]},"18":{"loc":{"start":{"line":119,"column":8},"end":{"line":125,"column":9}},"type":"if","locations":[{"start":{"line":119,"column":8},"end":{"line":125,"column":9}},{"start":{},"end":{}}]},"19":{"loc":{"start":{"line":120,"column":12},"end":{"line":122,"column":62}},"type":"binary-expr","locations":[{"start":{"line":120,"column":12},"end":{"line":120,"column":43}},{"start":{"line":121,"column":12},"end":{"line":121,"column":36}},{"start":{"line":122,"column":12},"end":{"line":122,"column":62}}]},"20":{"loc":{"start":{"line":129,"column":8},"end":{"line":129,"column":77}},"type":"if","locations":[{"start":{"line":129,"column":8},"end":{"line":129,"column":77}},{"start":{},"end":{}}]},"21":{"loc":{"start":{"line":130,"column":8},"end":{"line":132,"column":9}},"type":"if","locations":[{"start":{"line":130,"column":8},"end":{"line":132,"column":9}},{"start":{},"end":{}}]},"22":{"loc":{"start":{"line":131,"column":36},"end":{"line":131,"column":86}},"type":"cond-expr","locations":[{"start":{"line":131,"column":54},"end":{"line":131,"column":79}},{"start":{"line":131,"column":82},"end":{"line":131,"column":86}}]},"23":{"loc":{"start":{"line":133,"column":8},"end":{"line":135,"column":9}},"type":"if","locations":[{"start":{"line":133,"column":8},"end":{"line":135,"column":9}},{"start":{},"end":{}}]},"24":{"loc":{"start":{"line":134,"column":33},"end":{"line":134,"column":77}},"type":"cond-expr","locations":[{"start":{"line":134,"column":48},"end":{"line":134,"column":70}},{"start":{"line":134,"column":73},"end":{"line":134,"column":77}}]},"25":{"loc":{"start":{"line":136,"column":8},"end":{"line":136,"column":71}},"type":"if","locations":[{"start":{"line":136,"column":8},"end":{"line":136,"column":71}},{"start":{},"end":{}}]},"26":{"loc":{"start":{"line":149,"column":8},"end":{"line":149,"column":75}},"type":"if","locations":[{"start":{"line":149,"column":8},"end":{"line":149,"column":75}},{"start":{},"end":{}}]},"27":{"loc":{"start":{"line":151,"column":8},"end":{"line":157,"column":9}},"type":"if","locations":[{"start":{"line":151,"column":8},"end":{"line":157,"column":9}},{"start":{},"end":{}}]},"28":{"loc":{"start":{"line":152,"column":12},"end":{"line":154,"column":62}},"type":"binary-expr","locations":[{"start":{"line":152,"column":12},"end":{"line":152,"column":43}},{"start":{"line":153,"column":12},"end":{"line":153,"column":36}},{"start":{"line":154,"column":12},"end":{"line":154,"column":62}}]},"29":{"loc":{"start":{"line":170,"column":20},"end":{"line":170,"column":39}},"type":"binary-expr","locations":[{"start":{"line":170,"column":20},"end":{"line":170,"column":34}},{"start":{"line":170,"column":38},"end":{"line":170,"column":39}}]},"30":{"loc":{"start":{"line":171,"column":22},"end":{"line":171,"column":44}},"type":"binary-expr","locations":[{"start":{"line":171,"column":22},"end":{"line":171,"column":38}},{"start":{"line":171,"column":42},"end":{"line":171,"column":44}}]}},"s":{"0":1,"1":1,"2":1,"3":1,"4":5,"5":5,"6":1,"7":1,"8":0,"9":1,"10":1,"11":0,"12":1,"13":1,"14":0,"15":0,"16":0,"17":0,"18":2,"19":2,"20":2,"21":2,"22":2,"23":2,"24":1,"25":2,"26":1,"27":2,"28":2,"29":0,"30":2,"31":0,"32":2,"33":2,"34":0,"35":2,"36":0,"37":2,"38":0,"39":2,"40":2,"41":1,"42":1,"43":1,"44":0,"45":1,"46":0,"47":1,"48":1,"49":1,"50":1,"51":0,"52":1,"53":0,"54":1,"55":0,"56":1,"57":1,"58":1,"59":1,"60":0,"61":1,"62":0,"63":1,"64":3,"65":1},"f":{"0":5,"1":1,"2":0,"3":2,"4":1,"5":1,"6":1,"7":3},"b":{"0":[5,0],"1":[5,0],"2":[0,1],"3":[0,1],"4":[0,1],"5":[0,1],"6":[0,0],"7":[0],"8":[2],"9":[2],"10":[1,1],"11":[1,1],"12":[0,2],"13":[0,2],"14":[0,2],"15":[0,2],"16":[0,2],"17":[0,1],"18":[0,1],"19":[1,1,1],"20":[1,0],"21":[0,1],"22":[0,0],"23":[0,1],"24":[0,0],"25":[0,1],"26":[0,1],"27":[0,1],"28":[1,1,1],"29":[3,0],"30":[3,0]}}
,"C:\\Users\\mathe\\OneDrive\\Área de Trabalho\\igreja\\igreja-app-backend\\src\\utils\\AppError.ts": {"path":"C:\\Users\\mathe\\OneDrive\\Área de Trabalho\\igreja\\igreja-app-backend\\src\\utils\\AppError.ts","statementMap":{"0":{"start":{"line":3,"column":45},"end":{"line":3,"column":49}},"1":{"start":{"line":6,"column":8},"end":{"line":6,"column":23}},"2":{"start":{"line":7,"column":8},"end":{"line":7,"column":37}},"3":{"start":{"line":10,"column":8},"end":{"line":10,"column":56}},"4":{"start":{"line":11,"column":8},"end":{"line":11,"column":56}},"5":{"start":{"line":1,"column":0},"end":{"line":1,"column":13}}},"fnMap":{"0":{"name":"(anonymous_0)","decl":{"start":{"line":5,"column":4},"end":{"line":5,"column":16}},"loc":{"start":{"line":5,"column":57},"end":{"line":12,"column":5}}}},"branchMap":{"0":{"loc":{"start":{"line":5,"column":33},"end":{"line":5,"column":57}},"type":"default-arg","locations":[{"start":{"line":5,"column":54},"end":{"line":5,"column":57}}]}},"s":{"0":24,"1":24,"2":24,"3":24,"4":24,"5":6},"f":{"0":24},"b":{"0":[0]}}
}
