{"C:\\Users\\mathe\\OneDrive\\Área de Trabalho\\igreja\\igreja-app-backend\\src\\config\\env.ts": {"path":"C:\\Users\\mathe\\OneDrive\\Área de Trabalho\\igreja\\igreja-app-backend\\src\\config\\env.ts","statementMap":{"0":{"start":{"line":1,"column":0},"end":{"line":1,"column":23}},"1":{"start":{"line":2,"column":0},"end":{"line":2,"column":24}},"2":{"start":{"line":4,"column":18},"end":{"line":71,"column":2}},"3":{"start":{"line":73,"column":13},"end":{"line":73,"column":48}}},"fnMap":{},"branchMap":{},"s":{"0":21,"1":21,"2":21,"3":21},"f":{},"b":{}}
,"C:\\Users\\mathe\\OneDrive\\Área de Trabalho\\igreja\\igreja-app-backend\\src\\constants\\igreja.ts": {"path":"C:\\Users\\mathe\\OneDrive\\Área de Trabalho\\igreja\\igreja-app-backend\\src\\constants\\igreja.ts","statementMap":{"0":{"start":{"line":24,"column":13},"end":{"line":24,"column":50}}},"fnMap":{},"branchMap":{},"s":{"0":1},"f":{},"b":{}}
,"C:\\Users\\mathe\\OneDrive\\Área de Trabalho\\igreja\\igreja-app-backend\\src\\constants\\matriculaStatus.ts": {"path":"C:\\Users\\mathe\\OneDrive\\Área de Trabalho\\igreja\\igreja-app-backend\\src\\constants\\matriculaStatus.ts","statementMap":{"0":{"start":{"line":1,"column":13},"end":{"line":6,"column":11}}},"fnMap":{},"branchMap":{},"s":{"0":1},"f":{},"b":{}}
,"C:\\Users\\mathe\\OneDrive\\Área de Trabalho\\igreja\\igreja-app-backend\\src\\constants\\perfis.ts": {"path":"C:\\Users\\mathe\\OneDrive\\Área de Trabalho\\igreja\\igreja-app-backend\\src\\constants\\perfis.ts","statementMap":{"0":{"start":{"line":1,"column":13},"end":{"line":7,"column":11}}},"fnMap":{},"branchMap":{},"s":{"0":10},"f":{},"b":{}}
,"C:\\Users\\mathe\\OneDrive\\Área de Trabalho\\igreja\\igreja-app-backend\\src\\domain\\profissoes.ts": {"path":"C:\\Users\\mathe\\OneDrive\\Área de Trabalho\\igreja\\igreja-app-backend\\src\\domain\\profissoes.ts","statementMap":{"0":{"start":{"line":184,"column":0},"end":{"line":184,"column":16}},"1":{"start":{"line":212,"column":0},"end":{"line":212,"column":16}},"2":{"start":{"line":40,"column":13},"end":{"line":178,"column":2}},"3":{"start":{"line":180,"column":13},"end":{"line":182,"column":2}},"4":{"start":{"line":181,"column":2},"end":{"line":181,"column":34}},"5":{"start":{"line":181,"column":26},"end":{"line":181,"column":33}},"6":{"start":{"line":185,"column":2},"end":{"line":185,"column":65}},"7":{"start":{"line":189,"column":2},"end":{"line":192,"column":19}},"8":{"start":{"line":213,"column":16},"end":{"line":213,"column":47}},"9":{"start":{"line":214,"column":2},"end":{"line":214,"column":24}},"10":{"start":{"line":214,"column":14},"end":{"line":214,"column":24}},"11":{"start":{"line":216,"column":17},"end":{"line":216,"column":34}},"12":{"start":{"line":217,"column":2},"end":{"line":224,"column":3}},"13":{"start":{"line":218,"column":26},"end":{"line":218,"column":67}},"14":{"start":{"line":219,"column":4},"end":{"line":223,"column":5}},"15":{"start":{"line":220,"column":6},"end":{"line":222,"column":7}},"16":{"start":{"line":221,"column":8},"end":{"line":221,"column":36}},"17":{"start":{"line":225,"column":2},"end":{"line":225,"column":21}}},"fnMap":{"0":{"name":"(anonymous_0)","decl":{"start":{"line":180,"column":55},"end":{"line":180,"column":56}},"loc":{"start":{"line":181,"column":2},"end":{"line":181,"column":34}}},"1":{"name":"(anonymous_1)","decl":{"start":{"line":181,"column":19},"end":{"line":181,"column":20}},"loc":{"start":{"line":181,"column":26},"end":{"line":181,"column":33}}},"2":{"name":"ehProfissaoValida","decl":{"start":{"line":184,"column":16},"end":{"line":184,"column":33}},"loc":{"start":{"line":184,"column":48},"end":{"line":186,"column":1}}},"3":{"name":"semAcento","decl":{"start":{"line":188,"column":9},"end":{"line":188,"column":18}},"loc":{"start":{"line":188,"column":32},"end":{"line":193,"column":1}}},"4":{"name":"chavesPorTermo","decl":{"start":{"line":212,"column":16},"end":{"line":212,"column":30}},"loc":{"start":{"line":212,"column":45},"end":{"line":226,"column":1}}}},"branchMap":{"0":{"loc":{"start":{"line":185,"column":9},"end":{"line":185,"column":64}},"type":"binary-expr","locations":[{"start":{"line":185,"column":9},"end":{"line":185,"column":34}},{"start":{"line":185,"column":38},"end":{"line":185,"column":64}}]},"1":{"loc":{"start":{"line":213,"column":27},"end":{"line":213,"column":38}},"type":"binary-expr","locations":[{"start":{"line":213,"column":27},"end":{"line":213,"column":32}},{"start":{"line":213,"column":36},"end":{"line":213,"column":38}}]},"2":{"loc":{"start":{"line":214,"column":2},"end":{"line":214,"column":24}},"type":"if","locations":[{"start":{"line":214,"column":2},"end":{"line":214,"column":24}},{"start":{},"end":{}}]},"3":{"loc":{"start":{"line":220,"column":6},"end":{"line":222,"column":7}},"type":"if","locations":[{"start":{"line":220,"column":6},"end":{"line":222,"column":7}},{"start":{},"end":{}}]},"4":{"loc":{"start":{"line":220,"column":10},"end":{"line":220,"column":68}},"type":"binary-expr","locations":[{"start":{"line":220,"column":10},"end":{"line":220,"column":23}},{"start":{"line":220,"column":27},"end":{"line":220,"column":68}}]}},"s":{"0":2,"1":2,"2":2,"3":2,"4":20,"5":132,"6":0,"7":0,"8":0,"9":0,"10":0,"11":0,"12":0,"13":0,"14":0,"15":0,"16":0,"17":0},"f":{"0":20,"1":132,"2":0,"3":0,"4":0},"b":{"0":[0,0],"1":[0,0],"2":[0,0],"3":[0,0],"4":[0,0]}}
,"C:\\Users\\mathe\\OneDrive\\Área de Trabalho\\igreja\\igreja-app-backend\\src\\lib\\cloudinary.ts": {"path":"C:\\Users\\mathe\\OneDrive\\Área de Trabalho\\igreja\\igreja-app-backend\\src\\lib\\cloudinary.ts","statementMap":{"0":{"start":{"line":55,"column":0},"end":{"line":55,"column":7}},"1":{"start":{"line":93,"column":0},"end":{"line":93,"column":7}},"2":{"start":{"line":108,"column":0},"end":{"line":108,"column":16}},"3":{"start":{"line":1,"column":0},"end":{"line":1,"column":46}},"4":{"start":{"line":2,"column":0},"end":{"line":2,"column":36}},"5":{"start":{"line":3,"column":0},"end":{"line":3,"column":45}},"6":{"start":{"line":16,"column":18},"end":{"line":16,"column":43}},"7":{"start":{"line":17,"column":15},"end":{"line":17,"column":37}},"8":{"start":{"line":18,"column":18},"end":{"line":18,"column":43}},"9":{"start":{"line":20,"column":13},"end":{"line":20,"column":79}},"10":{"start":{"line":22,"column":0},"end":{"line":29,"column":1}},"11":{"start":{"line":23,"column":2},"end":{"line":28,"column":5}},"12":{"start":{"line":59,"column":2},"end":{"line":64,"column":3}},"13":{"start":{"line":60,"column":4},"end":{"line":63,"column":6}},"14":{"start":{"line":66,"column":2},"end":{"line":86,"column":5}},"15":{"start":{"line":67,"column":19},"end":{"line":82,"column":null}},"16":{"start":{"line":77,"column":8},"end":{"line":80,"column":9}},"17":{"start":{"line":78,"column":10},"end":{"line":78,"column":73}},"18":{"start":{"line":79,"column":10},"end":{"line":79,"column":17}},"19":{"start":{"line":81,"column":8},"end":{"line":81,"column":72}},"20":{"start":{"line":85,"column":4},"end":{"line":85,"column":23}},"21":{"start":{"line":94,"column":2},"end":{"line":94,"column":37}},"22":{"start":{"line":94,"column":30},"end":{"line":94,"column":37}},"23":{"start":{"line":95,"column":2},"end":{"line":100,"column":3}},"24":{"start":{"line":96,"column":4},"end":{"line":96,"column":48}},"25":{"start":{"line":109,"column":2},"end":{"line":109,"column":24}},"26":{"start":{"line":109,"column":12},"end":{"line":109,"column":24}},"27":{"start":{"line":110,"column":16},"end":{"line":110,"column":68}},"28":{"start":{"line":111,"column":2},"end":{"line":111,"column":28}}},"fnMap":{"0":{"name":"uploadImagem","decl":{"start":{"line":55,"column":22},"end":{"line":55,"column":34}},"loc":{"start":{"line":57,"column":20},"end":{"line":87,"column":1}}},"1":{"name":"(anonymous_1)","decl":{"start":{"line":66,"column":38},"end":{"line":66,"column":39}},"loc":{"start":{"line":66,"column":58},"end":{"line":86,"column":3}}},"2":{"name":"(anonymous_2)","decl":{"start":{"line":76,"column":6},"end":{"line":76,"column":7}},"loc":{"start":{"line":76,"column":24},"end":{"line":82,"column":7}}},"3":{"name":"removerImagem","decl":{"start":{"line":93,"column":22},"end":{"line":93,"column":35}},"loc":{"start":{"line":93,"column":52},"end":{"line":101,"column":1}}},"4":{"name":"extrairPublicId","decl":{"start":{"line":108,"column":16},"end":{"line":108,"column":31}},"loc":{"start":{"line":108,"column":62},"end":{"line":112,"column":1}}}},"branchMap":{"0":{"loc":{"start":{"line":20,"column":45},"end":{"line":20,"column":77}},"type":"binary-expr","locations":[{"start":{"line":20,"column":45},"end":{"line":20,"column":54}},{"start":{"line":20,"column":58},"end":{"line":20,"column":64}},{"start":{"line":20,"column":68},"end":{"line":20,"column":77}}]},"1":{"loc":{"start":{"line":22,"column":0},"end":{"line":29,"column":1}},"type":"if","locations":[{"start":{"line":22,"column":0},"end":{"line":29,"column":1}},{"start":{},"end":{}}]},"2":{"loc":{"start":{"line":22,"column":4},"end":{"line":22,"column":36}},"type":"binary-expr","locations":[{"start":{"line":22,"column":4},"end":{"line":22,"column":13}},{"start":{"line":22,"column":17},"end":{"line":22,"column":23}},{"start":{"line":22,"column":27},"end":{"line":22,"column":36}}]},"3":{"loc":{"start":{"line":59,"column":2},"end":{"line":64,"column":3}},"type":"if","locations":[{"start":{"line":59,"column":2},"end":{"line":64,"column":3}},{"start":{},"end":{}}]},"4":{"loc":{"start":{"line":77,"column":8},"end":{"line":80,"column":9}},"type":"if","locations":[{"start":{"line":77,"column":8},"end":{"line":80,"column":9}},{"start":{},"end":{}}]},"5":{"loc":{"start":{"line":77,"column":12},"end":{"line":77,"column":28}},"type":"binary-expr","locations":[{"start":{"line":77,"column":12},"end":{"line":77,"column":17}},{"start":{"line":77,"column":21},"end":{"line":77,"column":28}}]},"6":{"loc":{"start":{"line":94,"column":2},"end":{"line":94,"column":37}},"type":"if","locations":[{"start":{"line":94,"column":2},"end":{"line":94,"column":37}},{"start":{},"end":{}}]},"7":{"loc":{"start":{"line":109,"column":2},"end":{"line":109,"column":24}},"type":"if","locations":[{"start":{"line":109,"column":2},"end":{"line":109,"column":24}},{"start":{},"end":{}}]},"8":{"loc":{"start":{"line":111,"column":9},"end":{"line":111,"column":27}},"type":"binary-expr","locations":[{"start":{"line":111,"column":9},"end":{"line":111,"column":19}},{"start":{"line":111,"column":23},"end":{"line":111,"column":27}}]}},"s":{"0":5,"1":5,"2":5,"3":5,"4":5,"5":5,"6":5,"7":5,"8":5,"9":5,"10":5,"11":5,"12":0,"13":0,"14":0,"15":0,"16":0,"17":0,"18":0,"19":0,"20":0,"21":0,"22":0,"23":0,"24":0,"25":0,"26":0,"27":0,"28":0},"f":{"0":0,"1":0,"2":0,"3":0,"4":0},"b":{"0":[5,5,5],"1":[5,0],"2":[5,5,5],"3":[0,0],"4":[0,0],"5":[0,0],"6":[0,0],"7":[0,0],"8":[0,0]}}
,"C:\\Users\\mathe\\OneDrive\\Área de Trabalho\\igreja\\igreja-app-backend\\src\\lib\\email.ts": {"path":"C:\\Users\\mathe\\OneDrive\\Área de Trabalho\\igreja\\igreja-app-backend\\src\\lib\\email.ts","statementMap":{"0":{"start":{"line":37,"column":0},"end":{"line":37,"column":7}},"1":{"start":{"line":1,"column":0},"end":{"line":1,"column":32}},"2":{"start":{"line":2,"column":0},"end":{"line":2,"column":36}},"3":{"start":{"line":3,"column":0},"end":{"line":3,"column":34}},"4":{"start":{"line":5,"column":13},"end":{"line":5,"column":53}},"5":{"start":{"line":42,"column":23},"end":{"line":42,"column":74}},"6":{"start":{"line":50,"column":2},"end":{"line":54,"column":3}},"7":{"start":{"line":51,"column":4},"end":{"line":53,"column":6}},"8":{"start":{"line":56,"column":2},"end":{"line":97,"column":5}}},"fnMap":{"0":{"name":"enviarEmailRecuperacaoSenha","decl":{"start":{"line":37,"column":22},"end":{"line":37,"column":49}},"loc":{"start":{"line":40,"column":15},"end":{"line":98,"column":1}}}},"branchMap":{"0":{"loc":{"start":{"line":42,"column":23},"end":{"line":42,"column":74}},"type":"binary-expr","locations":[{"start":{"line":42,"column":23},"end":{"line":42,"column":58}},{"start":{"line":42,"column":62},"end":{"line":42,"column":74}}]},"1":{"loc":{"start":{"line":50,"column":2},"end":{"line":54,"column":3}},"type":"if","locations":[{"start":{"line":50,"column":2},"end":{"line":54,"column":3}},{"start":{},"end":{}}]}},"s":{"0":2,"1":2,"2":2,"3":2,"4":2,"5":0,"6":0,"7":0,"8":0},"f":{"0":0},"b":{"0":[0,0],"1":[0,0]}}
,"C:\\Users\\mathe\\OneDrive\\Área de Trabalho\\igreja\\igreja-app-backend\\src\\lib\\logger.ts": {"path":"C:\\Users\\mathe\\OneDrive\\Área de Trabalho\\igreja\\igreja-app-backend\\src\\lib\\logger.ts","statementMap":{"0":{"start":{"line":1,"column":0},"end":{"line":1,"column":24}},"1":{"start":{"line":2,"column":0},"end":{"line":2,"column":36}},"2":{"start":{"line":4,"column":13},"end":{"line":16,"column":3}}},"fnMap":{},"branchMap":{"0":{"loc":{"start":{"line":5,"column":9},"end":{"line":5,"column":57}},"type":"cond-expr","locations":[{"start":{"line":5,"column":41},"end":{"line":5,"column":47}},{"start":{"line":5,"column":50},"end":{"line":5,"column":57}}]},"1":{"loc":{"start":{"line":6,"column":6},"end":{"line":15,"column":4}},"type":"binary-expr","locations":[{"start":{"line":6,"column":6},"end":{"line":6,"column":35}},{"start":{"line":6,"column":39},"end":{"line":15,"column":4}}]}},"s":{"0":2,"1":2,"2":2},"f":{},"b":{"0":[0,2],"1":[2,2]}}
,"C:\\Users\\mathe\\OneDrive\\Área de Trabalho\\igreja\\igreja-app-backend\\src\\lib\\prisma.ts": {"path":"C:\\Users\\mathe\\OneDrive\\Área de Trabalho\\igreja\\igreja-app-backend\\src\\lib\\prisma.ts","statementMap":{"0":{"start":{"line":5,"column":0},"end":{"line":5,"column":46}},"1":{"start":{"line":6,"column":0},"end":{"line":6,"column":46}},"2":{"start":{"line":7,"column":0},"end":{"line":7,"column":20}},"3":{"start":{"line":8,"column":0},"end":{"line":8,"column":36}},"4":{"start":{"line":10,"column":24},"end":{"line":10,"column":null}},"5":{"start":{"line":14,"column":13},"end":{"line":14,"column":64}},"6":{"start":{"line":15,"column":16},"end":{"line":15,"column":34}},"7":{"start":{"line":17,"column":13},"end":{"line":18,"column":58}},"8":{"start":{"line":20,"column":0},"end":{"line":22,"column":1}},"9":{"start":{"line":21,"column":2},"end":{"line":21,"column":34}}},"fnMap":{},"branchMap":{"0":{"loc":{"start":{"line":18,"column":2},"end":{"line":18,"column":57}},"type":"binary-expr","locations":[{"start":{"line":18,"column":2},"end":{"line":18,"column":24}},{"start":{"line":18,"column":28},"end":{"line":18,"column":57}}]},"1":{"loc":{"start":{"line":20,"column":0},"end":{"line":22,"column":1}},"type":"if","locations":[{"start":{"line":20,"column":0},"end":{"line":22,"column":1}},{"start":{},"end":{}}]}},"s":{"0":19,"1":19,"2":19,"3":19,"4":19,"5":19,"6":19,"7":19,"8":19,"9":19},"f":{},"b":{"0":[19,11],"1":[19,0]}}
,"C:\\Users\\mathe\\OneDrive\\Área de Trabalho\\igreja\\igreja-app-backend\\src\\middlewares\\auth.middleware.ts": {"path":"C:\\Users\\mathe\\OneDrive\\Área de Trabalho\\igreja\\igreja-app-backend\\src\\middlewares\\auth.middleware.ts","statementMap":{"0":{"start":{"line":2,"column":0},"end":{"line":2,"column":31}},"1":{"start":{"line":3,"column":0},"end":{"line":3,"column":56}},"2":{"start":{"line":5,"column":0},"end":{"line":5,"column":81}},"3":{"start":{"line":6,"column":0},"end":{"line":6,"column":45}},"4":{"start":{"line":21,"column":4},"end":{"line":21,"column":41}},"5":{"start":{"line":22,"column":4},"end":{"line":22,"column":65}},"6":{"start":{"line":28,"column":24},"end":{"line":173,"column":3}},"7":{"start":{"line":33,"column":4},"end":{"line":172,"column":5}},"8":{"start":{"line":34,"column":25},"end":{"line":34,"column":50}},"9":{"start":{"line":36,"column":6},"end":{"line":42,"column":7}},"10":{"start":{"line":37,"column":8},"end":{"line":40,"column":11}},"11":{"start":{"line":41,"column":8},"end":{"line":41,"column":15}},"12":{"start":{"line":44,"column":20},"end":{"line":44,"column":44}},"13":{"start":{"line":46,"column":6},"end":{"line":52,"column":7}},"14":{"start":{"line":47,"column":8},"end":{"line":50,"column":11}},"15":{"start":{"line":51,"column":8},"end":{"line":51,"column":15}},"16":{"start":{"line":54,"column":36},"end":{"line":54,"column":71}},"17":{"start":{"line":56,"column":23},"end":{"line":56,"column":77}},"18":{"start":{"line":57,"column":6},"end":{"line":63,"column":7}},"19":{"start":{"line":58,"column":8},"end":{"line":61,"column":11}},"20":{"start":{"line":62,"column":8},"end":{"line":62,"column":15}},"21":{"start":{"line":92,"column":22},"end":{"line":92,"column":66}},"22":{"start":{"line":108,"column":6},"end":{"line":119,"column":7}},"23":{"start":{"line":114,"column":8},"end":{"line":117,"column":11}},"24":{"start":{"line":118,"column":8},"end":{"line":118,"column":15}},"25":{"start":{"line":121,"column":6},"end":{"line":128,"column":8}},"26":{"start":{"line":130,"column":6},"end":{"line":130,"column":13}},"27":{"start":{"line":154,"column":8},"end":{"line":156,"column":46}},"28":{"start":{"line":158,"column":6},"end":{"line":163,"column":7}},"29":{"start":{"line":161,"column":8},"end":{"line":161,"column":20}},"30":{"start":{"line":162,"column":8},"end":{"line":162,"column":15}},"31":{"start":{"line":165,"column":6},"end":{"line":171,"column":9}},"32":{"start":{"line":179,"column":23},"end":{"line":205,"column":3}},"33":{"start":{"line":180,"column":4},"end":{"line":204,"column":6}},"34":{"start":{"line":181,"column":6},"end":{"line":187,"column":7}},"35":{"start":{"line":182,"column":8},"end":{"line":185,"column":11}},"36":{"start":{"line":186,"column":8},"end":{"line":186,"column":15}},"37":{"start":{"line":189,"column":28},"end":{"line":189,"column":66}},"38":{"start":{"line":191,"column":6},"end":{"line":201,"column":7}},"39":{"start":{"line":192,"column":8},"end":{"line":199,"column":11}},"40":{"start":{"line":200,"column":8},"end":{"line":200,"column":15}},"41":{"start":{"line":203,"column":6},"end":{"line":203,"column":13}},"42":{"start":{"line":16,"column":0},"end":{"line":16,"column":13}},"43":{"start":{"line":208,"column":13},"end":{"line":208,"column":51}}},"fnMap":{"0":{"name":"(anonymous_1)","decl":{"start":{"line":20,"column":2},"end":{"line":20,"column":null}},"loc":{"start":{"line":20,"column":2},"end":{"line":23,"column":3}}},"1":{"name":"(anonymous_2)","decl":{"start":{"line":28,"column":24},"end":{"line":28,"column":29}},"loc":{"start":{"line":32,"column":21},"end":{"line":173,"column":3}}},"2":{"name":"(anonymous_3)","decl":{"start":{"line":179,"column":23},"end":{"line":179,"column":24}},"loc":{"start":{"line":179,"column":74},"end":{"line":205,"column":3}}},"3":{"name":"(anonymous_4)","decl":{"start":{"line":180,"column":11},"end":{"line":180,"column":12}},"loc":{"start":{"line":180,"column":73},"end":{"line":204,"column":5}}}},"branchMap":{"0":{"loc":{"start":{"line":36,"column":6},"end":{"line":42,"column":7}},"type":"if","locations":[{"start":{"line":36,"column":6},"end":{"line":42,"column":7}},{"start":{},"end":{}}]},"1":{"loc":{"start":{"line":36,"column":10},"end":{"line":36,"column":58}},"type":"binary-expr","locations":[{"start":{"line":36,"column":10},"end":{"line":36,"column":21}},{"start":{"line":36,"column":25},"end":{"line":36,"column":58}}]},"2":{"loc":{"start":{"line":46,"column":6},"end":{"line":52,"column":7}},"type":"if","locations":[{"start":{"line":46,"column":6},"end":{"line":52,"column":7}},{"start":{},"end":{}}]},"3":{"loc":{"start":{"line":57,"column":6},"end":{"line":63,"column":7}},"type":"if","locations":[{"start":{"line":57,"column":6},"end":{"line":63,"column":7}},{"start":{},"end":{}}]},"4":{"loc":{"start":{"line":108,"column":6},"end":{"line":119,"column":7}},"type":"if","locations":[{"start":{"line":108,"column":6},"end":{"line":119,"column":7}},{"start":{},"end":{}}]},"5":{"loc":{"start":{"line":154,"column":8},"end":{"line":156,"column":46}},"type":"binary-expr","locations":[{"start":{"line":154,"column":8},"end":{"line":154,"column":33}},{"start":{"line":155,"column":8},"end":{"line":155,"column":46}},{"start":{"line":156,"column":8},"end":{"line":156,"column":46}}]},"6":{"loc":{"start":{"line":158,"column":6},"end":{"line":163,"column":7}},"type":"if","locations":[{"start":{"line":158,"column":6},"end":{"line":163,"column":7}},{"start":{},"end":{}}]},"7":{"loc":{"start":{"line":168,"column":10},"end":{"line":170,"column":43}},"type":"cond-expr","locations":[{"start":{"line":169,"column":14},"end":{"line":169,"column":27}},{"start":{"line":170,"column":14},"end":{"line":170,"column":43}}]},"8":{"loc":{"start":{"line":181,"column":6},"end":{"line":187,"column":7}},"type":"if","locations":[{"start":{"line":181,"column":6},"end":{"line":187,"column":7}},{"start":{},"end":{}}]},"9":{"loc":{"start":{"line":191,"column":6},"end":{"line":201,"column":7}},"type":"if","locations":[{"start":{"line":191,"column":6},"end":{"line":201,"column":7}},{"start":{},"end":{}}]},"10":{"loc":{"start":{"line":195,"column":12},"end":{"line":196,"column":74}},"type":"binary-expr","locations":[{"start":{"line":195,"column":12},"end":{"line":195,"column":25}},{"start":{"line":196,"column":12},"end":{"line":196,"column":74}}]}},"s":{"0":1,"1":1,"2":1,"3":1,"4":1,"5":1,"6":1,"7":0,"8":0,"9":0,"10":0,"11":0,"12":0,"13":0,"14":0,"15":0,"16":0,"17":0,"18":0,"19":0,"20":0,"21":0,"22":0,"23":0,"24":0,"25":0,"26":0,"27":0,"28":0,"29":0,"30":0,"31":0,"32":1,"33":11,"34":11,"35":1,"36":1,"37":10,"38":10,"39":7,"40":7,"41":3,"42":1,"43":1},"f":{"0":1,"1":0,"2":11,"3":11},"b":{"0":[0,0],"1":[0,0],"2":[0,0],"3":[0,0],"4":[0,0],"5":[0,0,0],"6":[0,0],"7":[0,0],"8":[1,10],"9":[7,3],"10":[7,6]}}
,"C:\\Users\\mathe\\OneDrive\\Área de Trabalho\\igreja\\igreja-app-backend\\src\\repository\\conteudo.repository.ts": {"path":"C:\\Users\\mathe\\OneDrive\\Área de Trabalho\\igreja\\igreja-app-backend\\src\\repository\\conteudo.repository.ts","statementMap":{"0":{"start":{"line":2,"column":0},"end":{"line":2,"column":39}},"1":{"start":{"line":6,"column":21},"end":{"line":14,"column":35}},"2":{"start":{"line":21,"column":4},"end":{"line":24,"column":7}},"3":{"start":{"line":31,"column":4},"end":{"line":34,"column":7}},"4":{"start":{"line":41,"column":4},"end":{"line":47,"column":7}},"5":{"start":{"line":62,"column":47},"end":{"line":64,"column":6}},"6":{"start":{"line":66,"column":4},"end":{"line":66,"column":49}},"7":{"start":{"line":66,"column":22},"end":{"line":66,"column":49}},"8":{"start":{"line":67,"column":4},"end":{"line":67,"column":55}},"9":{"start":{"line":67,"column":24},"end":{"line":67,"column":55}},"10":{"start":{"line":68,"column":4},"end":{"line":68,"column":60}},"11":{"start":{"line":68,"column":35},"end":{"line":68,"column":60}},"12":{"start":{"line":69,"column":4},"end":{"line":69,"column":60}},"13":{"start":{"line":69,"column":35},"end":{"line":69,"column":60}},"14":{"start":{"line":71,"column":4},"end":{"line":71,"column":43}},"15":{"start":{"line":81,"column":4},"end":{"line":88,"column":7}},"16":{"start":{"line":99,"column":4},"end":{"line":102,"column":7}},"17":{"start":{"line":109,"column":4},"end":{"line":113,"column":7}},"18":{"start":{"line":117,"column":2},"end":{"line":119,"column":5}},"19":{"start":{"line":126,"column":4},"end":{"line":128,"column":7}},"20":{"start":{"line":16,"column":0},"end":{"line":16,"column":13}}},"fnMap":{"0":{"name":"(anonymous_0)","decl":{"start":{"line":20,"column":2},"end":{"line":20,"column":7}},"loc":{"start":{"line":20,"column":46},"end":{"line":25,"column":3}}},"1":{"name":"(anonymous_1)","decl":{"start":{"line":30,"column":2},"end":{"line":30,"column":7}},"loc":{"start":{"line":30,"column":30},"end":{"line":35,"column":3}}},"2":{"name":"(anonymous_2)","decl":{"start":{"line":40,"column":2},"end":{"line":40,"column":7}},"loc":{"start":{"line":40,"column":38},"end":{"line":48,"column":3}}},"3":{"name":"(anonymous_3)","decl":{"start":{"line":53,"column":2},"end":{"line":53,"column":7}},"loc":{"start":{"line":61,"column":3},"end":{"line":72,"column":3}}},"4":{"name":"(anonymous_4)","decl":{"start":{"line":80,"column":2},"end":{"line":80,"column":7}},"loc":{"start":{"line":80,"column":56},"end":{"line":89,"column":3}}},"5":{"name":"(anonymous_5)","decl":{"start":{"line":98,"column":2},"end":{"line":98,"column":7}},"loc":{"start":{"line":98,"column":36},"end":{"line":103,"column":3}}},"6":{"name":"(anonymous_6)","decl":{"start":{"line":108,"column":2},"end":{"line":108,"column":7}},"loc":{"start":{"line":108,"column":62},"end":{"line":114,"column":3}}},"7":{"name":"(anonymous_7)","decl":{"start":{"line":116,"column":2},"end":{"line":116,"column":7}},"loc":{"start":{"line":116,"column":48},"end":{"line":120,"column":1}}},"8":{"name":"(anonymous_8)","decl":{"start":{"line":125,"column":2},"end":{"line":125,"column":7}},"loc":{"start":{"line":125,"column":26},"end":{"line":129,"column":3}}}},"branchMap":{"0":{"loc":{"start":{"line":66,"column":4},"end":{"line":66,"column":49}},"type":"if","locations":[{"start":{"line":66,"column":4},"end":{"line":66,"column":49}},{"start":{},"end":{}}]},"1":{"loc":{"start":{"line":67,"column":4},"end":{"line":67,"column":55}},"type":"if","locations":[{"start":{"line":67,"column":4},"end":{"line":67,"column":55}},{"start":{},"end":{}}]},"2":{"loc":{"start":{"line":68,"column":4},"end":{"line":68,"column":60}},"type":"if","locations":[{"start":{"line":68,"column":4},"end":{"line":68,"column":60}},{"start":{},"end":{}}]},"3":{"loc":{"start":{"line":69,"column":4},"end":{"line":69,"column":60}},"type":"if","locations":[{"start":{"line":69,"column":4},"end":{"line":69,"column":60}},{"start":{},"end":{}}]},"4":{"loc":{"start":{"line":85,"column":12},"end":{"line":85,"column":67}},"type":"cond-expr","locations":[{"start":{"line":85,"column":37},"end":{"line":85,"column":62}},{"start":{"line":85,"column":65},"end":{"line":85,"column":67}}]},"5":{"loc":{"start":{"line":118,"column":8},"end":{"line":118,"column":40}},"type":"binary-expr","locations":[{"start":{"line":118,"column":8},"end":{"line":118,"column":27}},{"start":{"line":118,"column":31},"end":{"line":118,"column":40}}]}},"s":{"0":1,"1":1,"2":0,"3":0,"4":0,"5":0,"6":0,"7":0,"8":0,"9":0,"10":0,"11":0,"12":0,"13":0,"14":0,"15":0,"16":0,"17":0,"18":0,"19":0,"20":1},"f":{"0":0,"1":0,"2":0,"3":0,"4":0,"5":0,"6":0,"7":0,"8":0},"b":{"0":[0,0],"1":[0,0],"2":[0,0],"3":[0,0],"4":[0,0],"5":[0,0]}}
,"C:\\Users\\mathe\\OneDrive\\Área de Trabalho\\igreja\\igreja-app-backend\\src\\repository\\curso.repository.ts": {"path":"C:\\Users\\mathe\\OneDrive\\Área de Trabalho\\igreja\\igreja-app-backend\\src\\repository\\curso.repository.ts","statementMap":{"0":{"start":{"line":1,"column":0},"end":{"line":1,"column":39}},"1":{"start":{"line":4,"column":23},"end":{"line":16,"column":32}},"2":{"start":{"line":20,"column":4},"end":{"line":23,"column":7}},"3":{"start":{"line":27,"column":4},"end":{"line":30,"column":7}},"4":{"start":{"line":34,"column":4},"end":{"line":40,"column":7}},"5":{"start":{"line":61,"column":4},"end":{"line":71,"column":7}},"6":{"start":{"line":64,"column":36},"end":{"line":69,"column":10}},"7":{"start":{"line":81,"column":4},"end":{"line":83,"column":7}},"8":{"start":{"line":88,"column":4},"end":{"line":93,"column":7}},"9":{"start":{"line":102,"column":44},"end":{"line":104,"column":6}},"10":{"start":{"line":106,"column":4},"end":{"line":106,"column":49}},"11":{"start":{"line":106,"column":22},"end":{"line":106,"column":49}},"12":{"start":{"line":107,"column":4},"end":{"line":107,"column":55}},"13":{"start":{"line":107,"column":24},"end":{"line":107,"column":55}},"14":{"start":{"line":108,"column":4},"end":{"line":108,"column":60}},"15":{"start":{"line":108,"column":35},"end":{"line":108,"column":60}},"16":{"start":{"line":109,"column":4},"end":{"line":109,"column":60}},"17":{"start":{"line":109,"column":35},"end":{"line":109,"column":60}},"18":{"start":{"line":111,"column":4},"end":{"line":111,"column":40}},"19":{"start":{"line":115,"column":4},"end":{"line":119,"column":7}},"20":{"start":{"line":123,"column":2},"end":{"line":125,"column":5}},"21":{"start":{"line":129,"column":4},"end":{"line":131,"column":7}},"22":{"start":{"line":18,"column":0},"end":{"line":18,"column":13}}},"fnMap":{"0":{"name":"(anonymous_0)","decl":{"start":{"line":19,"column":2},"end":{"line":19,"column":7}},"loc":{"start":{"line":19,"column":43},"end":{"line":24,"column":3}}},"1":{"name":"(anonymous_1)","decl":{"start":{"line":26,"column":2},"end":{"line":26,"column":7}},"loc":{"start":{"line":26,"column":30},"end":{"line":31,"column":3}}},"2":{"name":"(anonymous_2)","decl":{"start":{"line":33,"column":2},"end":{"line":33,"column":7}},"loc":{"start":{"line":33,"column":38},"end":{"line":41,"column":3}}},"3":{"name":"(anonymous_3)","decl":{"start":{"line":50,"column":2},"end":{"line":50,"column":7}},"loc":{"start":{"line":59,"column":7},"end":{"line":72,"column":3}}},"4":{"name":"(anonymous_4)","decl":{"start":{"line":64,"column":28},"end":{"line":64,"column":29}},"loc":{"start":{"line":64,"column":36},"end":{"line":69,"column":10}}},"5":{"name":"(anonymous_5)","decl":{"start":{"line":80,"column":2},"end":{"line":80,"column":7}},"loc":{"start":{"line":80,"column":40},"end":{"line":84,"column":3}}},"6":{"name":"(anonymous_6)","decl":{"start":{"line":87,"column":2},"end":{"line":87,"column":7}},"loc":{"start":{"line":87,"column":42},"end":{"line":94,"column":3}}},"7":{"name":"(anonymous_7)","decl":{"start":{"line":96,"column":2},"end":{"line":96,"column":7}},"loc":{"start":{"line":101,"column":3},"end":{"line":112,"column":3}}},"8":{"name":"(anonymous_8)","decl":{"start":{"line":114,"column":2},"end":{"line":114,"column":7}},"loc":{"start":{"line":114,"column":59},"end":{"line":120,"column":3}}},"9":{"name":"(anonymous_9)","decl":{"start":{"line":122,"column":2},"end":{"line":122,"column":7}},"loc":{"start":{"line":122,"column":45},"end":{"line":126,"column":1}}},"10":{"name":"(anonymous_10)","decl":{"start":{"line":128,"column":2},"end":{"line":128,"column":7}},"loc":{"start":{"line":128,"column":26},"end":{"line":132,"column":3}}}},"branchMap":{"0":{"loc":{"start":{"line":68,"column":17},"end":{"line":68,"column":32}},"type":"binary-expr","locations":[{"start":{"line":68,"column":17},"end":{"line":68,"column":24}},{"start":{"line":68,"column":28},"end":{"line":68,"column":32}}]},"1":{"loc":{"start":{"line":106,"column":4},"end":{"line":106,"column":49}},"type":"if","locations":[{"start":{"line":106,"column":4},"end":{"line":106,"column":49}},{"start":{},"end":{}}]},"2":{"loc":{"start":{"line":107,"column":4},"end":{"line":107,"column":55}},"type":"if","locations":[{"start":{"line":107,"column":4},"end":{"line":107,"column":55}},{"start":{},"end":{}}]},"3":{"loc":{"start":{"line":108,"column":4},"end":{"line":108,"column":60}},"type":"if","locations":[{"start":{"line":108,"column":4},"end":{"line":108,"column":60}},{"start":{},"end":{}}]},"4":{"loc":{"start":{"line":109,"column":4},"end":{"line":109,"column":60}},"type":"if","locations":[{"start":{"line":109,"column":4},"end":{"line":109,"column":60}},{"start":{},"end":{}}]},"5":{"loc":{"start":{"line":124,"column":8},"end":{"line":124,"column":40}},"type":"binary-expr","locations":[{"start":{"line":124,"column":8},"end":{"line":124,"column":27}},{"start":{"line":124,"column":31},"end":{"line":124,"column":40}}]}},"s":{"0":1,"1":1,"2":0,"3":0,"4":0,"5":0,"6":0,"7":0,"8":0,"9":0,"10":0,"11":0,"12":0,"13":0,"14":0,"15":0,"16":0,"17":0,"18":0,"19":0,"20":0,"21":0,"22":1},"f":{"0":0,"1":0,"2":0,"3":0,"4":0,"5":0,"6":0,"7":0,"8":0,"9":0,"10":0},"b":{"0":[0,0],"1":[0,0],"2":[0,0],"3":[0,0],"4":[0,0],"5":[0,0]}}
,"C:\\Users\\mathe\\OneDrive\\Área de Trabalho\\igreja\\igreja-app-backend\\src\\repository\\evento.repository.ts": {"path":"C:\\Users\\mathe\\OneDrive\\Área de Trabalho\\igreja\\igreja-app-backend\\src\\repository\\evento.repository.ts","statementMap":{"0":{"start":{"line":1,"column":0},"end":{"line":1,"column":39}},"1":{"start":{"line":4,"column":23},"end":{"line":12,"column":33}},"2":{"start":{"line":16,"column":4},"end":{"line":19,"column":7}},"3":{"start":{"line":23,"column":4},"end":{"line":26,"column":7}},"4":{"start":{"line":32,"column":4},"end":{"line":35,"column":7}},"5":{"start":{"line":39,"column":30},"end":{"line":39,"column":55}},"6":{"start":{"line":40,"column":27},"end":{"line":40,"column":60}},"7":{"start":{"line":42,"column":4},"end":{"line":66,"column":7}},"8":{"start":{"line":70,"column":4},"end":{"line":74,"column":7}},"9":{"start":{"line":82,"column":4},"end":{"line":88,"column":7}},"10":{"start":{"line":92,"column":4},"end":{"line":92,"column":51}},"11":{"start":{"line":14,"column":0},"end":{"line":14,"column":13}}},"fnMap":{"0":{"name":"(anonymous_0)","decl":{"start":{"line":15,"column":2},"end":{"line":15,"column":7}},"loc":{"start":{"line":15,"column":44},"end":{"line":20,"column":3}}},"1":{"name":"(anonymous_1)","decl":{"start":{"line":22,"column":2},"end":{"line":22,"column":7}},"loc":{"start":{"line":22,"column":30},"end":{"line":27,"column":3}}},"2":{"name":"(anonymous_2)","decl":{"start":{"line":29,"column":2},"end":{"line":29,"column":7}},"loc":{"start":{"line":30,"column":14},"end":{"line":36,"column":3}}},"3":{"name":"(anonymous_3)","decl":{"start":{"line":38,"column":2},"end":{"line":38,"column":7}},"loc":{"start":{"line":38,"column":48},"end":{"line":67,"column":3}}},"4":{"name":"(anonymous_4)","decl":{"start":{"line":69,"column":2},"end":{"line":69,"column":7}},"loc":{"start":{"line":69,"column":60},"end":{"line":75,"column":3}}},"5":{"name":"(anonymous_5)","decl":{"start":{"line":81,"column":2},"end":{"line":81,"column":7}},"loc":{"start":{"line":81,"column":41},"end":{"line":89,"column":3}}},"6":{"name":"(anonymous_6)","decl":{"start":{"line":91,"column":2},"end":{"line":91,"column":7}},"loc":{"start":{"line":91,"column":26},"end":{"line":93,"column":3}}}},"branchMap":{"0":{"loc":{"start":{"line":85,"column":12},"end":{"line":85,"column":67}},"type":"cond-expr","locations":[{"start":{"line":85,"column":37},"end":{"line":85,"column":62}},{"start":{"line":85,"column":65},"end":{"line":85,"column":67}}]}},"s":{"0":1,"1":1,"2":0,"3":0,"4":0,"5":0,"6":0,"7":0,"8":0,"9":0,"10":0,"11":1},"f":{"0":0,"1":0,"2":0,"3":0,"4":0,"5":0,"6":0},"b":{"0":[0,0]}}
,"C:\\Users\\mathe\\OneDrive\\Área de Trabalho\\igreja\\igreja-app-backend\\src\\repository\\grupoFamiliar.repository.ts": {"path":"C:\\Users\\mathe\\OneDrive\\Área de Trabalho\\igreja\\igreja-app-backend\\src\\repository\\grupoFamiliar.repository.ts","statementMap":{"0":{"start":{"line":1,"column":0},"end":{"line":1,"column":39}},"1":{"start":{"line":4,"column":23},"end":{"line":27,"column":40}},"2":{"start":{"line":31,"column":8},"end":{"line":34,"column":11}},"3":{"start":{"line":38,"column":8},"end":{"line":41,"column":11}},"4":{"start":{"line":45,"column":8},"end":{"line":49,"column":11}},"5":{"start":{"line":53,"column":2},"end":{"line":65,"column":5}},"6":{"start":{"line":74,"column":8},"end":{"line":82,"column":11}},"7":{"start":{"line":86,"column":8},"end":{"line":90,"column":11}},"8":{"start":{"line":94,"column":8},"end":{"line":94,"column":53}},"9":{"start":{"line":98,"column":8},"end":{"line":105,"column":11}},"10":{"start":{"line":109,"column":8},"end":{"line":112,"column":11}},"11":{"start":{"line":134,"column":8},"end":{"line":143,"column":11}},"12":{"start":{"line":147,"column":8},"end":{"line":153,"column":11}},"13":{"start":{"line":162,"column":22},"end":{"line":162,"column":35}},"14":{"start":{"line":163,"column":8},"end":{"line":163,"column":32}},"15":{"start":{"line":163,"column":20},"end":{"line":163,"column":32}},"16":{"start":{"line":164,"column":26},"end":{"line":167,"column":26}},"17":{"start":{"line":169,"column":8},"end":{"line":169,"column":61}},"18":{"start":{"line":169,"column":51},"end":{"line":169,"column":59}},"19":{"start":{"line":198,"column":21},"end":{"line":198,"column":72}},"20":{"start":{"line":199,"column":23},"end":{"line":199,"column":57}},"21":{"start":{"line":200,"column":24},"end":{"line":200,"column":57}},"22":{"start":{"line":202,"column":23},"end":{"line":229,"column":8}},"23":{"start":{"line":231,"column":20},"end":{"line":231,"column":43}},"24":{"start":{"line":231,"column":38},"end":{"line":231,"column":42}},"25":{"start":{"line":232,"column":8},"end":{"line":232,"column":40}},"26":{"start":{"line":232,"column":30},"end":{"line":232,"column":40}},"27":{"start":{"line":234,"column":23},"end":{"line":237,"column":10}},"28":{"start":{"line":239,"column":22},"end":{"line":239,"column":59}},"29":{"start":{"line":239,"column":48},"end":{"line":239,"column":57}},"30":{"start":{"line":240,"column":8},"end":{"line":240,"column":63}},"31":{"start":{"line":240,"column":31},"end":{"line":240,"column":45}},"32":{"start":{"line":245,"column":21},"end":{"line":245,"column":65}},"33":{"start":{"line":246,"column":23},"end":{"line":246,"column":57}},"34":{"start":{"line":248,"column":24},"end":{"line":263,"column":8}},"35":{"start":{"line":267,"column":8},"end":{"line":267,"column":41}},"36":{"start":{"line":278,"column":8},"end":{"line":281,"column":11}},"37":{"start":{"line":285,"column":2},"end":{"line":294,"column":5}},"38":{"start":{"line":301,"column":8},"end":{"line":305,"column":11}},"39":{"start":{"line":309,"column":8},"end":{"line":314,"column":11}},"40":{"start":{"line":318,"column":8},"end":{"line":320,"column":5}},"41":{"start":{"line":29,"column":0},"end":{"line":29,"column":13}}},"fnMap":{"0":{"name":"(anonymous_0)","decl":{"start":{"line":30,"column":4},"end":{"line":30,"column":9}},"loc":{"start":{"line":30,"column":53},"end":{"line":35,"column":5}}},"1":{"name":"(anonymous_1)","decl":{"start":{"line":37,"column":4},"end":{"line":37,"column":9}},"loc":{"start":{"line":37,"column":32},"end":{"line":42,"column":5}}},"2":{"name":"(anonymous_2)","decl":{"start":{"line":44,"column":4},"end":{"line":44,"column":9}},"loc":{"start":{"line":44,"column":69},"end":{"line":50,"column":5}}},"3":{"name":"(anonymous_3)","decl":{"start":{"line":52,"column":3},"end":{"line":52,"column":8}},"loc":{"start":{"line":52,"column":80},"end":{"line":66,"column":1}}},"4":{"name":"(anonymous_4)","decl":{"start":{"line":68,"column":4},"end":{"line":68,"column":9}},"loc":{"start":{"line":68,"column":38},"end":{"line":83,"column":5}}},"5":{"name":"(anonymous_5)","decl":{"start":{"line":85,"column":4},"end":{"line":85,"column":9}},"loc":{"start":{"line":85,"column":81},"end":{"line":91,"column":5}}},"6":{"name":"(anonymous_6)","decl":{"start":{"line":93,"column":4},"end":{"line":93,"column":9}},"loc":{"start":{"line":93,"column":60},"end":{"line":95,"column":5}}},"7":{"name":"(anonymous_7)","decl":{"start":{"line":97,"column":4},"end":{"line":97,"column":9}},"loc":{"start":{"line":97,"column":94},"end":{"line":106,"column":5}}},"8":{"name":"(anonymous_8)","decl":{"start":{"line":108,"column":4},"end":{"line":108,"column":9}},"loc":{"start":{"line":108,"column":59},"end":{"line":113,"column":5}}},"9":{"name":"(anonymous_9)","decl":{"start":{"line":133,"column":4},"end":{"line":133,"column":9}},"loc":{"start":{"line":133,"column":60},"end":{"line":144,"column":5}}},"10":{"name":"(anonymous_10)","decl":{"start":{"line":146,"column":4},"end":{"line":146,"column":9}},"loc":{"start":{"line":146,"column":51},"end":{"line":154,"column":5}}},"11":{"name":"(anonymous_11)","decl":{"start":{"line":161,"column":12},"end":{"line":161,"column":18}},"loc":{"start":{"line":161,"column":47},"end":{"line":170,"column":5}}},"12":{"name":"(anonymous_12)","decl":{"start":{"line":169,"column":44},"end":{"line":169,"column":45}},"loc":{"start":{"line":169,"column":51},"end":{"line":169,"column":59}}},"13":{"name":"(anonymous_13)","decl":{"start":{"line":197,"column":4},"end":{"line":197,"column":9}},"loc":{"start":{"line":197,"column":91},"end":{"line":241,"column":5}}},"14":{"name":"(anonymous_14)","decl":{"start":{"line":231,"column":31},"end":{"line":231,"column":32}},"loc":{"start":{"line":231,"column":38},"end":{"line":231,"column":42}}},"15":{"name":"(anonymous_15)","decl":{"start":{"line":239,"column":41},"end":{"line":239,"column":42}},"loc":{"start":{"line":239,"column":48},"end":{"line":239,"column":57}}},"16":{"name":"(anonymous_16)","decl":{"start":{"line":240,"column":23},"end":{"line":240,"column":24}},"loc":{"start":{"line":240,"column":31},"end":{"line":240,"column":45}}},"17":{"name":"(anonymous_17)","decl":{"start":{"line":244,"column":4},"end":{"line":244,"column":9}},"loc":{"start":{"line":244,"column":39},"end":{"line":268,"column":5}}},"18":{"name":"(anonymous_18)","decl":{"start":{"line":277,"column":4},"end":{"line":277,"column":9}},"loc":{"start":{"line":277,"column":54},"end":{"line":282,"column":5}}},"19":{"name":"(anonymous_19)","decl":{"start":{"line":284,"column":4},"end":{"line":284,"column":9}},"loc":{"start":{"line":284,"column":44},"end":{"line":295,"column":1}}},"20":{"name":"(anonymous_20)","decl":{"start":{"line":300,"column":4},"end":{"line":300,"column":9}},"loc":{"start":{"line":300,"column":66},"end":{"line":306,"column":5}}},"21":{"name":"(anonymous_21)","decl":{"start":{"line":308,"column":4},"end":{"line":308,"column":9}},"loc":{"start":{"line":308,"column":53},"end":{"line":315,"column":5}}},"22":{"name":"(anonymous_22)","decl":{"start":{"line":317,"column":4},"end":{"line":317,"column":9}},"loc":{"start":{"line":317,"column":33},"end":{"line":321,"column":1}}}},"branchMap":{"0":{"loc":{"start":{"line":52,"column":45},"end":{"line":52,"column":61}},"type":"default-arg","locations":[{"start":{"line":52,"column":60},"end":{"line":52,"column":61}}]},"1":{"loc":{"start":{"line":52,"column":63},"end":{"line":52,"column":80}},"type":"default-arg","locations":[{"start":{"line":52,"column":78},"end":{"line":52,"column":80}}]},"2":{"loc":{"start":{"line":163,"column":8},"end":{"line":163,"column":32}},"type":"if","locations":[{"start":{"line":163,"column":8},"end":{"line":163,"column":32}},{"start":{},"end":{}}]},"3":{"loc":{"start":{"line":199,"column":23},"end":{"line":199,"column":57}},"type":"cond-expr","locations":[{"start":{"line":199,"column":39},"end":{"line":199,"column":43}},{"start":{"line":199,"column":46},"end":{"line":199,"column":57}}]},"4":{"loc":{"start":{"line":200,"column":24},"end":{"line":200,"column":57}},"type":"cond-expr","locations":[{"start":{"line":200,"column":40},"end":{"line":200,"column":44}},{"start":{"line":200,"column":47},"end":{"line":200,"column":57}}]},"5":{"loc":{"start":{"line":232,"column":8},"end":{"line":232,"column":40}},"type":"if","locations":[{"start":{"line":232,"column":8},"end":{"line":232,"column":40}},{"start":{},"end":{}}]},"6":{"loc":{"start":{"line":246,"column":23},"end":{"line":246,"column":57}},"type":"cond-expr","locations":[{"start":{"line":246,"column":39},"end":{"line":246,"column":43}},{"start":{"line":246,"column":46},"end":{"line":246,"column":57}}]},"7":{"loc":{"start":{"line":267,"column":22},"end":{"line":267,"column":39}},"type":"binary-expr","locations":[{"start":{"line":267,"column":22},"end":{"line":267,"column":34}},{"start":{"line":267,"column":38},"end":{"line":267,"column":39}}]}},"s":{"0":1,"1":1,"2":0,"3":0,"4":0,"5":0,"6":0,"7":0,"8":0,"9":0,"10":0,"11":0,"12":0,"13":0,"14":0,"15":0,"16":0,"17":0,"18":0,"19":0,"20":0,"21":0,"22":0,"23":0,"24":0,"25":0,"26":0,"27":0,"28":0,"29":0,"30":0,"31":0,"32":0,"33":0,"34":0,"35":0,"36":0,"37":0,"38":0,"39":0,"40":0,"41":1},"f":{"0":0,"1":0,"2":0,"3":0,"4":0,"5":0,"6":0,"7":0,"8":0,"9":0,"10":0,"11":0,"12":0,"13":0,"14":0,"15":0,"16":0,"17":0,"18":0,"19":0,"20":0,"21":0,"22":0},"b":{"0":[0],"1":[0],"2":[0,0],"3":[0,0],"4":[0,0],"5":[0,0],"6":[0,0],"7":[0,0]}}
,"C:\\Users\\mathe\\OneDrive\\Área de Trabalho\\igreja\\igreja-app-backend\\src\\repository\\leituraPlano.repository.ts": {"path":"C:\\Users\\mathe\\OneDrive\\Área de Trabalho\\igreja\\igreja-app-backend\\src\\repository\\leituraPlano.repository.ts","statementMap":{"0":{"start":{"line":1,"column":0},"end":{"line":1,"column":39}},"1":{"start":{"line":18,"column":19},"end":{"line":22,"column":6}},"2":{"start":{"line":24,"column":4},"end":{"line":24,"column":36}},"3":{"start":{"line":24,"column":29},"end":{"line":24,"column":34}},"4":{"start":{"line":36,"column":4},"end":{"line":40,"column":7}},"5":{"start":{"line":50,"column":4},"end":{"line":50,"column":72}},"6":{"start":{"line":9,"column":0},"end":{"line":9,"column":13}}},"fnMap":{"0":{"name":"(anonymous_0)","decl":{"start":{"line":17,"column":2},"end":{"line":17,"column":7}},"loc":{"start":{"line":17,"column":50},"end":{"line":25,"column":3}}},"1":{"name":"(anonymous_1)","decl":{"start":{"line":24,"column":22},"end":{"line":24,"column":23}},"loc":{"start":{"line":24,"column":29},"end":{"line":24,"column":34}}},"2":{"name":"(anonymous_2)","decl":{"start":{"line":35,"column":2},"end":{"line":35,"column":7}},"loc":{"start":{"line":35,"column":45},"end":{"line":41,"column":3}}},"3":{"name":"(anonymous_3)","decl":{"start":{"line":49,"column":2},"end":{"line":49,"column":7}},"loc":{"start":{"line":49,"column":48},"end":{"line":51,"column":3}}}},"branchMap":{},"s":{"0":1,"1":0,"2":0,"3":0,"4":0,"5":0,"6":1},"f":{"0":0,"1":0,"2":0,"3":0},"b":{}}
,"C:\\Users\\mathe\\OneDrive\\Área de Trabalho\\igreja\\igreja-app-backend\\src\\repository\\matricula.repository.ts": {"path":"C:\\Users\\mathe\\OneDrive\\Área de Trabalho\\igreja\\igreja-app-backend\\src\\repository\\matricula.repository.ts","statementMap":{"0":{"start":{"line":1,"column":0},"end":{"line":1,"column":39}},"1":{"start":{"line":5,"column":4},"end":{"line":25,"column":7}},"2":{"start":{"line":29,"column":4},"end":{"line":45,"column":7}},"3":{"start":{"line":49,"column":22},"end":{"line":59,"column":6}},"4":{"start":{"line":60,"column":4},"end":{"line":60,"column":30}},"5":{"start":{"line":64,"column":4},"end":{"line":78,"column":7}},"6":{"start":{"line":82,"column":4},"end":{"line":87,"column":7}},"7":{"start":{"line":91,"column":4},"end":{"line":95,"column":7}},"8":{"start":{"line":103,"column":4},"end":{"line":117,"column":7}},"9":{"start":{"line":121,"column":4},"end":{"line":123,"column":7}},"10":{"start":{"line":130,"column":4},"end":{"line":132,"column":7}},"11":{"start":{"line":137,"column":19},"end":{"line":140,"column":6}},"12":{"start":{"line":141,"column":4},"end":{"line":141,"column":42}},"13":{"start":{"line":141,"column":29},"end":{"line":141,"column":40}},"14":{"start":{"line":152,"column":22},"end":{"line":155,"column":6}},"15":{"start":{"line":156,"column":4},"end":{"line":156,"column":17}},"16":{"start":{"line":160,"column":4},"end":{"line":162,"column":7}},"17":{"start":{"line":170,"column":4},"end":{"line":184,"column":7}},"18":{"start":{"line":3,"column":0},"end":{"line":3,"column":13}}},"fnMap":{"0":{"name":"(anonymous_0)","decl":{"start":{"line":4,"column":2},"end":{"line":4,"column":7}},"loc":{"start":{"line":4,"column":52},"end":{"line":26,"column":3}}},"1":{"name":"(anonymous_1)","decl":{"start":{"line":28,"column":2},"end":{"line":28,"column":7}},"loc":{"start":{"line":28,"column":57},"end":{"line":46,"column":3}}},"2":{"name":"(anonymous_2)","decl":{"start":{"line":48,"column":2},"end":{"line":48,"column":7}},"loc":{"start":{"line":48,"column":53},"end":{"line":61,"column":3}}},"3":{"name":"(anonymous_3)","decl":{"start":{"line":63,"column":2},"end":{"line":63,"column":7}},"loc":{"start":{"line":63,"column":33},"end":{"line":79,"column":3}}},"4":{"name":"(anonymous_4)","decl":{"start":{"line":81,"column":2},"end":{"line":81,"column":7}},"loc":{"start":{"line":81,"column":73},"end":{"line":88,"column":3}}},"5":{"name":"(anonymous_5)","decl":{"start":{"line":90,"column":2},"end":{"line":90,"column":7}},"loc":{"start":{"line":90,"column":61},"end":{"line":96,"column":3}}},"6":{"name":"(anonymous_6)","decl":{"start":{"line":98,"column":2},"end":{"line":98,"column":7}},"loc":{"start":{"line":101,"column":21},"end":{"line":118,"column":3}}},"7":{"name":"(anonymous_7)","decl":{"start":{"line":120,"column":2},"end":{"line":120,"column":7}},"loc":{"start":{"line":120,"column":42},"end":{"line":124,"column":3}}},"8":{"name":"(anonymous_8)","decl":{"start":{"line":129,"column":2},"end":{"line":129,"column":7}},"loc":{"start":{"line":129,"column":48},"end":{"line":133,"column":3}}},"9":{"name":"(anonymous_9)","decl":{"start":{"line":136,"column":2},"end":{"line":136,"column":7}},"loc":{"start":{"line":136,"column":43},"end":{"line":142,"column":3}}},"10":{"name":"(anonymous_10)","decl":{"start":{"line":141,"column":22},"end":{"line":141,"column":23}},"loc":{"start":{"line":141,"column":29},"end":{"line":141,"column":40}}},"11":{"name":"(anonymous_11)","decl":{"start":{"line":151,"column":2},"end":{"line":151,"column":7}},"loc":{"start":{"line":151,"column":47},"end":{"line":157,"column":3}}},"12":{"name":"(anonymous_12)","decl":{"start":{"line":159,"column":2},"end":{"line":159,"column":7}},"loc":{"start":{"line":159,"column":51},"end":{"line":163,"column":3}}},"13":{"name":"(anonymous_13)","decl":{"start":{"line":165,"column":2},"end":{"line":165,"column":7}},"loc":{"start":{"line":168,"column":21},"end":{"line":185,"column":3}}}},"branchMap":{"0":{"loc":{"start":{"line":100,"column":4},"end":{"line":100,"column":20}},"type":"default-arg","locations":[{"start":{"line":100,"column":19},"end":{"line":100,"column":20}}]},"1":{"loc":{"start":{"line":101,"column":4},"end":{"line":101,"column":21}},"type":"default-arg","locations":[{"start":{"line":101,"column":19},"end":{"line":101,"column":21}}]},"2":{"loc":{"start":{"line":167,"column":4},"end":{"line":167,"column":20}},"type":"default-arg","locations":[{"start":{"line":167,"column":19},"end":{"line":167,"column":20}}]},"3":{"loc":{"start":{"line":168,"column":4},"end":{"line":168,"column":21}},"type":"default-arg","locations":[{"start":{"line":168,"column":19},"end":{"line":168,"column":21}}]}},"s":{"0":2,"1":0,"2":0,"3":0,"4":0,"5":0,"6":0,"7":0,"8":0,"9":1,"10":0,"11":0,"12":0,"13":0,"14":0,"15":0,"16":0,"17":0,"18":2},"f":{"0":0,"1":0,"2":0,"3":0,"4":0,"5":0,"6":0,"7":1,"8":0,"9":0,"10":0,"11":0,"12":0,"13":0},"b":{"0":[0],"1":[0],"2":[0],"3":[0]}}
,"C:\\Users\\mathe\\OneDrive\\Área de Trabalho\\igreja\\igreja-app-backend\\src\\repository\\passwordResetToken.repository.ts": {"path":"C:\\Users\\mathe\\OneDrive\\Área de Trabalho\\igreja\\igreja-app-backend\\src\\repository\\passwordResetToken.repository.ts","statementMap":{"0":{"start":{"line":1,"column":0},"end":{"line":1,"column":39}},"1":{"start":{"line":2,"column":0},"end":{"line":2,"column":33}},"2":{"start":{"line":7,"column":4},"end":{"line":10,"column":7}},"3":{"start":{"line":12,"column":18},"end":{"line":12,"column":56}},"4":{"start":{"line":13,"column":21},"end":{"line":13,"column":58}},"5":{"start":{"line":15,"column":4},"end":{"line":17,"column":7}},"6":{"start":{"line":19,"column":4},"end":{"line":19,"column":17}},"7":{"start":{"line":23,"column":4},"end":{"line":34,"column":7}},"8":{"start":{"line":38,"column":4},"end":{"line":41,"column":7}},"9":{"start":{"line":45,"column":4},"end":{"line":47,"column":7}},"10":{"start":{"line":4,"column":0},"end":{"line":4,"column":13}}},"fnMap":{"0":{"name":"(anonymous_1)","decl":{"start":{"line":5,"column":2},"end":{"line":5,"column":7}},"loc":{"start":{"line":5,"column":31},"end":{"line":20,"column":3}}},"1":{"name":"(anonymous_2)","decl":{"start":{"line":22,"column":2},"end":{"line":22,"column":7}},"loc":{"start":{"line":22,"column":34},"end":{"line":35,"column":3}}},"2":{"name":"(anonymous_3)","decl":{"start":{"line":37,"column":2},"end":{"line":37,"column":7}},"loc":{"start":{"line":37,"column":31},"end":{"line":42,"column":3}}},"3":{"name":"(anonymous_4)","decl":{"start":{"line":44,"column":2},"end":{"line":44,"column":7}},"loc":{"start":{"line":44,"column":23},"end":{"line":48,"column":3}}}},"branchMap":{},"s":{"0":2,"1":2,"2":0,"3":0,"4":0,"5":0,"6":0,"7":0,"8":0,"9":0,"10":2},"f":{"0":0,"1":0,"2":0,"3":0},"b":{}}
,"C:\\Users\\mathe\\OneDrive\\Área de Trabalho\\igreja\\igreja-app-backend\\src\\repository\\pedidoOracao.repository.ts": {"path":"C:\\Users\\mathe\\OneDrive\\Área de Trabalho\\igreja\\igreja-app-backend\\src\\repository\\pedidoOracao.repository.ts","statementMap":{"0":{"start":{"line":1,"column":0},"end":{"line":1,"column":39}},"1":{"start":{"line":4,"column":21},"end":{"line":15,"column":39}},"2":{"start":{"line":19,"column":4},"end":{"line":22,"column":7}},"3":{"start":{"line":26,"column":4},"end":{"line":29,"column":7}},"4":{"start":{"line":35,"column":4},"end":{"line":41,"column":7}},"5":{"start":{"line":50,"column":4},"end":{"line":56,"column":7}},"6":{"start":{"line":60,"column":4},"end":{"line":64,"column":7}},"7":{"start":{"line":68,"column":4},"end":{"line":70,"column":7}},"8":{"start":{"line":74,"column":4},"end":{"line":76,"column":7}},"9":{"start":{"line":17,"column":0},"end":{"line":17,"column":13}}},"fnMap":{"0":{"name":"(anonymous_0)","decl":{"start":{"line":18,"column":2},"end":{"line":18,"column":7}},"loc":{"start":{"line":18,"column":50},"end":{"line":23,"column":3}}},"1":{"name":"(anonymous_1)","decl":{"start":{"line":25,"column":2},"end":{"line":25,"column":7}},"loc":{"start":{"line":25,"column":30},"end":{"line":30,"column":3}}},"2":{"name":"(anonymous_2)","decl":{"start":{"line":32,"column":2},"end":{"line":32,"column":7}},"loc":{"start":{"line":33,"column":14},"end":{"line":42,"column":3}}},"3":{"name":"(anonymous_3)","decl":{"start":{"line":44,"column":2},"end":{"line":44,"column":7}},"loc":{"start":{"line":49,"column":3},"end":{"line":57,"column":3}}},"4":{"name":"(anonymous_4)","decl":{"start":{"line":59,"column":2},"end":{"line":59,"column":7}},"loc":{"start":{"line":59,"column":53},"end":{"line":65,"column":3}}},"5":{"name":"(anonymous_5)","decl":{"start":{"line":67,"column":2},"end":{"line":67,"column":7}},"loc":{"start":{"line":67,"column":52},"end":{"line":71,"column":3}}},"6":{"name":"(anonymous_6)","decl":{"start":{"line":73,"column":2},"end":{"line":73,"column":7}},"loc":{"start":{"line":73,"column":26},"end":{"line":77,"column":3}}}},"branchMap":{"0":{"loc":{"start":{"line":51,"column":10},"end":{"line":51,"column":63}},"type":"binary-expr","locations":[{"start":{"line":51,"column":10},"end":{"line":51,"column":36}},{"start":{"line":51,"column":40},"end":{"line":51,"column":63}}]},"1":{"loc":{"start":{"line":52,"column":10},"end":{"line":52,"column":69}},"type":"binary-expr","locations":[{"start":{"line":52,"column":10},"end":{"line":52,"column":38}},{"start":{"line":52,"column":42},"end":{"line":52,"column":69}}]},"2":{"loc":{"start":{"line":53,"column":10},"end":{"line":53,"column":60}},"type":"binary-expr","locations":[{"start":{"line":53,"column":10},"end":{"line":53,"column":35}},{"start":{"line":53,"column":39},"end":{"line":53,"column":60}}]},"3":{"loc":{"start":{"line":54,"column":10},"end":{"line":54,"column":60}},"type":"binary-expr","locations":[{"start":{"line":54,"column":10},"end":{"line":54,"column":35}},{"start":{"line":54,"column":39},"end":{"line":54,"column":60}}]},"4":{"loc":{"start":{"line":69,"column":10},"end":{"line":69,"column":42}},"type":"binary-expr","locations":[{"start":{"line":69,"column":10},"end":{"line":69,"column":29}},{"start":{"line":69,"column":33},"end":{"line":69,"column":42}}]}},"s":{"0":1,"1":1,"2":0,"3":0,"4":0,"5":0,"6":0,"7":0,"8":0,"9":1},"f":{"0":0,"1":0,"2":0,"3":0,"4":0,"5":0,"6":0},"b":{"0":[0,0],"1":[0,0],"2":[0,0],"3":[0,0],"4":[0,0]}}
,"C:\\Users\\mathe\\OneDrive\\Área de Trabalho\\igreja\\igreja-app-backend\\src\\repository\\salaCurso.repository.ts": {"path":"C:\\Users\\mathe\\OneDrive\\Área de Trabalho\\igreja\\igreja-app-backend\\src\\repository\\salaCurso.repository.ts","statementMap":{"0":{"start":{"line":2,"column":0},"end":{"line":2,"column":39}},"1":{"start":{"line":12,"column":24},"end":{"line":31,"column":36}},"2":{"start":{"line":33,"column":33},"end":{"line":42,"column":36}},"3":{"start":{"line":44,"column":34},"end":{"line":50,"column":36}},"4":{"start":{"line":57,"column":4},"end":{"line":60,"column":7}},"5":{"start":{"line":67,"column":4},"end":{"line":70,"column":7}},"6":{"start":{"line":74,"column":4},"end":{"line":77,"column":7}},"7":{"start":{"line":84,"column":4},"end":{"line":87,"column":7}},"8":{"start":{"line":94,"column":4},"end":{"line":96,"column":7}},"9":{"start":{"line":108,"column":48},"end":{"line":110,"column":6}},"10":{"start":{"line":112,"column":4},"end":{"line":112,"column":49}},"11":{"start":{"line":112,"column":22},"end":{"line":112,"column":49}},"12":{"start":{"line":113,"column":4},"end":{"line":113,"column":55}},"13":{"start":{"line":113,"column":24},"end":{"line":113,"column":55}},"14":{"start":{"line":114,"column":4},"end":{"line":114,"column":60}},"15":{"start":{"line":114,"column":35},"end":{"line":114,"column":60}},"16":{"start":{"line":115,"column":4},"end":{"line":115,"column":60}},"17":{"start":{"line":115,"column":35},"end":{"line":115,"column":60}},"18":{"start":{"line":117,"column":4},"end":{"line":117,"column":44}},"19":{"start":{"line":121,"column":4},"end":{"line":123,"column":7}},"20":{"start":{"line":130,"column":4},"end":{"line":134,"column":7}},"21":{"start":{"line":141,"column":4},"end":{"line":143,"column":7}},"22":{"start":{"line":52,"column":0},"end":{"line":52,"column":13}}},"fnMap":{"0":{"name":"(anonymous_0)","decl":{"start":{"line":56,"column":2},"end":{"line":56,"column":7}},"loc":{"start":{"line":56,"column":47},"end":{"line":61,"column":3}}},"1":{"name":"(anonymous_1)","decl":{"start":{"line":66,"column":2},"end":{"line":66,"column":7}},"loc":{"start":{"line":66,"column":30},"end":{"line":71,"column":3}}},"2":{"name":"(anonymous_2)","decl":{"start":{"line":73,"column":2},"end":{"line":73,"column":7}},"loc":{"start":{"line":73,"column":42},"end":{"line":78,"column":3}}},"3":{"name":"(anonymous_3)","decl":{"start":{"line":83,"column":2},"end":{"line":83,"column":7}},"loc":{"start":{"line":83,"column":38},"end":{"line":88,"column":3}}},"4":{"name":"(anonymous_4)","decl":{"start":{"line":93,"column":2},"end":{"line":93,"column":7}},"loc":{"start":{"line":93,"column":35},"end":{"line":97,"column":3}}},"5":{"name":"(anonymous_5)","decl":{"start":{"line":102,"column":2},"end":{"line":102,"column":7}},"loc":{"start":{"line":107,"column":3},"end":{"line":118,"column":3}}},"6":{"name":"(anonymous_6)","decl":{"start":{"line":120,"column":2},"end":{"line":120,"column":7}},"loc":{"start":{"line":120,"column":49},"end":{"line":124,"column":3}}},"7":{"name":"(anonymous_7)","decl":{"start":{"line":129,"column":2},"end":{"line":129,"column":7}},"loc":{"start":{"line":129,"column":63},"end":{"line":135,"column":3}}},"8":{"name":"(anonymous_8)","decl":{"start":{"line":140,"column":2},"end":{"line":140,"column":7}},"loc":{"start":{"line":140,"column":26},"end":{"line":144,"column":3}}}},"branchMap":{"0":{"loc":{"start":{"line":112,"column":4},"end":{"line":112,"column":49}},"type":"if","locations":[{"start":{"line":112,"column":4},"end":{"line":112,"column":49}},{"start":{},"end":{}}]},"1":{"loc":{"start":{"line":113,"column":4},"end":{"line":113,"column":55}},"type":"if","locations":[{"start":{"line":113,"column":4},"end":{"line":113,"column":55}},{"start":{},"end":{}}]},"2":{"loc":{"start":{"line":114,"column":4},"end":{"line":114,"column":60}},"type":"if","locations":[{"start":{"line":114,"column":4},"end":{"line":114,"column":60}},{"start":{},"end":{}}]},"3":{"loc":{"start":{"line":115,"column":4},"end":{"line":115,"column":60}},"type":"if","locations":[{"start":{"line":115,"column":4},"end":{"line":115,"column":60}},{"start":{},"end":{}}]},"4":{"loc":{"start":{"line":122,"column":10},"end":{"line":122,"column":42}},"type":"binary-expr","locations":[{"start":{"line":122,"column":10},"end":{"line":122,"column":29}},{"start":{"line":122,"column":33},"end":{"line":122,"column":42}}]}},"s":{"0":1,"1":1,"2":1,"3":1,"4":0,"5":0,"6":0,"7":0,"8":0,"9":0,"10":0,"11":0,"12":0,"13":0,"14":0,"15":0,"16":0,"17":0,"18":0,"19":0,"20":0,"21":0,"22":1},"f":{"0":0,"1":0,"2":0,"3":0,"4":0,"5":0,"6":0,"7":0,"8":0},"b":{"0":[0,0],"1":[0,0],"2":[0,0],"3":[0,0],"4":[0,0]}}
,"C:\\Users\\mathe\\OneDrive\\Área de Trabalho\\igreja\\igreja-app-backend\\src\\repository\\tokenRevogado.repository.ts": {"path":"C:\\Users\\mathe\\OneDrive\\Área de Trabalho\\igreja\\igreja-app-backend\\src\\repository\\tokenRevogado.repository.ts","statementMap":{"0":{"start":{"line":1,"column":0},"end":{"line":1,"column":39}},"1":{"start":{"line":5,"column":4},"end":{"line":7,"column":7}},"2":{"start":{"line":11,"column":21},"end":{"line":13,"column":6}},"3":{"start":{"line":14,"column":4},"end":{"line":14,"column":29}},"4":{"start":{"line":18,"column":4},"end":{"line":20,"column":7}},"5":{"start":{"line":3,"column":0},"end":{"line":3,"column":13}}},"fnMap":{"0":{"name":"(anonymous_0)","decl":{"start":{"line":4,"column":2},"end":{"line":4,"column":7}},"loc":{"start":{"line":4,"column":45},"end":{"line":8,"column":3}}},"1":{"name":"(anonymous_1)","decl":{"start":{"line":10,"column":2},"end":{"line":10,"column":7}},"loc":{"start":{"line":10,"column":34},"end":{"line":15,"column":3}}},"2":{"name":"(anonymous_2)","decl":{"start":{"line":17,"column":2},"end":{"line":17,"column":7}},"loc":{"start":{"line":17,"column":23},"end":{"line":21,"column":3}}}},"branchMap":{},"s":{"0":2,"1":0,"2":0,"3":0,"4":0,"5":2},"f":{"0":0,"1":0,"2":0},"b":{}}
,"C:\\Users\\mathe\\OneDrive\\Área de Trabalho\\igreja\\igreja-app-backend\\src\\repository\\usuario.repository.ts": {"path":"C:\\Users\\mathe\\OneDrive\\Área de Trabalho\\igreja\\igreja-app-backend\\src\\repository\\usuario.repository.ts","statementMap":{"0":{"start":{"line":4,"column":0},"end":{"line":4,"column":39}},"1":{"start":{"line":8,"column":19},"end":{"line":8,"column":25}},"2":{"start":{"line":16,"column":4},"end":{"line":30,"column":7}},"3":{"start":{"line":37,"column":4},"end":{"line":39,"column":7}},"4":{"start":{"line":47,"column":4},"end":{"line":65,"column":7}},"5":{"start":{"line":72,"column":4},"end":{"line":75,"column":7}},"6":{"start":{"line":91,"column":4},"end":{"line":94,"column":7}},"7":{"start":{"line":106,"column":4},"end":{"line":109,"column":7}},"8":{"start":{"line":128,"column":4},"end":{"line":172,"column":7}},"9":{"start":{"line":195,"column":18},"end":{"line":195,"column":31}},"10":{"start":{"line":196,"column":4},"end":{"line":196,"column":28}},"11":{"start":{"line":196,"column":16},"end":{"line":196,"column":28}},"12":{"start":{"line":198,"column":22},"end":{"line":205,"column":20}},"13":{"start":{"line":207,"column":21},"end":{"line":207,"column":66}},"14":{"start":{"line":207,"column":57},"end":{"line":207,"column":65}},"15":{"start":{"line":208,"column":4},"end":{"line":208,"column":27}},"16":{"start":{"line":221,"column":21},"end":{"line":221,"column":59}},"17":{"start":{"line":222,"column":4},"end":{"line":222,"column":56}},"18":{"start":{"line":230,"column":4},"end":{"line":241,"column":7}},"19":{"start":{"line":245,"column":4},"end":{"line":247,"column":7}},"20":{"start":{"line":284,"column":18},"end":{"line":284,"column":63}},"21":{"start":{"line":285,"column":20},"end":{"line":285,"column":67}},"22":{"start":{"line":287,"column":4},"end":{"line":345,"column":4}},"23":{"start":{"line":382,"column":18},"end":{"line":382,"column":63}},"24":{"start":{"line":383,"column":20},"end":{"line":383,"column":67}},"25":{"start":{"line":387,"column":24},"end":{"line":387,"column":80}},"26":{"start":{"line":389,"column":4},"end":{"line":435,"column":4}},"27":{"start":{"line":440,"column":18},"end":{"line":440,"column":56}},"28":{"start":{"line":441,"column":24},"end":{"line":441,"column":57}},"29":{"start":{"line":443,"column":20},"end":{"line":456,"column":4}},"30":{"start":{"line":458,"column":4},"end":{"line":458,"column":37}},"31":{"start":{"line":467,"column":18},"end":{"line":467,"column":63}},"32":{"start":{"line":469,"column":20},"end":{"line":488,"column":4}},"33":{"start":{"line":492,"column":4},"end":{"line":492,"column":37}},"34":{"start":{"line":514,"column":4},"end":{"line":554,"column":4}},"35":{"start":{"line":558,"column":4},"end":{"line":561,"column":7}},"36":{"start":{"line":566,"column":4},"end":{"line":566,"column":33}},"37":{"start":{"line":566,"column":26},"end":{"line":566,"column":33}},"38":{"start":{"line":567,"column":4},"end":{"line":570,"column":7}},"39":{"start":{"line":7,"column":0},"end":{"line":7,"column":13}}},"fnMap":{"0":{"name":"(anonymous_0)","decl":{"start":{"line":13,"column":2},"end":{"line":13,"column":7}},"loc":{"start":{"line":14,"column":60},"end":{"line":31,"column":3}}},"1":{"name":"(anonymous_1)","decl":{"start":{"line":36,"column":2},"end":{"line":36,"column":7}},"loc":{"start":{"line":36,"column":36},"end":{"line":40,"column":3}}},"2":{"name":"(anonymous_2)","decl":{"start":{"line":46,"column":2},"end":{"line":46,"column":7}},"loc":{"start":{"line":46,"column":30},"end":{"line":66,"column":3}}},"3":{"name":"(anonymous_3)","decl":{"start":{"line":71,"column":2},"end":{"line":71,"column":7}},"loc":{"start":{"line":71,"column":54},"end":{"line":76,"column":3}}},"4":{"name":"(anonymous_4)","decl":{"start":{"line":90,"column":2},"end":{"line":90,"column":7}},"loc":{"start":{"line":90,"column":35},"end":{"line":95,"column":3}}},"5":{"name":"(anonymous_5)","decl":{"start":{"line":105,"column":2},"end":{"line":105,"column":7}},"loc":{"start":{"line":105,"column":52},"end":{"line":110,"column":3}}},"6":{"name":"(anonymous_6)","decl":{"start":{"line":112,"column":2},"end":{"line":112,"column":7}},"loc":{"start":{"line":126,"column":5},"end":{"line":173,"column":3}}},"7":{"name":"(anonymous_7)","decl":{"start":{"line":194,"column":10},"end":{"line":194,"column":16}},"loc":{"start":{"line":194,"column":45},"end":{"line":209,"column":3}}},"8":{"name":"(anonymous_8)","decl":{"start":{"line":207,"column":50},"end":{"line":207,"column":51}},"loc":{"start":{"line":207,"column":57},"end":{"line":207,"column":65}}},"9":{"name":"(anonymous_9)","decl":{"start":{"line":220,"column":10},"end":{"line":220,"column":16}},"loc":{"start":{"line":220,"column":47},"end":{"line":223,"column":3}}},"10":{"name":"(anonymous_10)","decl":{"start":{"line":225,"column":2},"end":{"line":225,"column":7}},"loc":{"start":{"line":229,"column":3},"end":{"line":242,"column":3}}},"11":{"name":"(anonymous_11)","decl":{"start":{"line":244,"column":2},"end":{"line":244,"column":7}},"loc":{"start":{"line":244,"column":47},"end":{"line":248,"column":3}}},"12":{"name":"(anonymous_12)","decl":{"start":{"line":277,"column":2},"end":{"line":277,"column":7}},"loc":{"start":{"line":283,"column":3},"end":{"line":346,"column":3}}},"13":{"name":"(anonymous_13)","decl":{"start":{"line":371,"column":2},"end":{"line":371,"column":7}},"loc":{"start":{"line":381,"column":3},"end":{"line":436,"column":3}}},"14":{"name":"(anonymous_14)","decl":{"start":{"line":439,"column":2},"end":{"line":439,"column":7}},"loc":{"start":{"line":439,"column":65},"end":{"line":459,"column":3}}},"15":{"name":"(anonymous_15)","decl":{"start":{"line":462,"column":2},"end":{"line":462,"column":7}},"loc":{"start":{"line":466,"column":3},"end":{"line":493,"column":3}}},"16":{"name":"(anonymous_16)","decl":{"start":{"line":513,"column":2},"end":{"line":513,"column":7}},"loc":{"start":{"line":513,"column":41},"end":{"line":555,"column":3}}},"17":{"name":"(anonymous_17)","decl":{"start":{"line":557,"column":2},"end":{"line":557,"column":7}},"loc":{"start":{"line":557,"column":33},"end":{"line":562,"column":3}}},"18":{"name":"(anonymous_18)","decl":{"start":{"line":565,"column":2},"end":{"line":565,"column":7}},"loc":{"start":{"line":565,"column":43},"end":{"line":571,"column":3}}}},"branchMap":{"0":{"loc":{"start":{"line":23,"column":24},"end":{"line":25,"column":16}},"type":"cond-expr","locations":[{"start":{"line":24,"column":12},"end":{"line":24,"column":41}},{"start":{"line":25,"column":12},"end":{"line":25,"column":16}}]},"1":{"loc":{"start":{"line":26,"column":21},"end":{"line":26,"column":45}},"type":"binary-expr","locations":[{"start":{"line":26,"column":21},"end":{"line":26,"column":37}},{"start":{"line":26,"column":41},"end":{"line":26,"column":45}}]},"2":{"loc":{"start":{"line":27,"column":19},"end":{"line":27,"column":41}},"type":"binary-expr","locations":[{"start":{"line":27,"column":19},"end":{"line":27,"column":33}},{"start":{"line":27,"column":37},"end":{"line":27,"column":41}}]},"3":{"loc":{"start":{"line":131,"column":12},"end":{"line":133,"column":10}},"type":"binary-expr","locations":[{"start":{"line":131,"column":12},"end":{"line":131,"column":43}},{"start":{"line":131,"column":47},"end":{"line":133,"column":10}}]},"4":{"loc":{"start":{"line":134,"column":12},"end":{"line":134,"column":58}},"type":"binary-expr","locations":[{"start":{"line":134,"column":12},"end":{"line":134,"column":35}},{"start":{"line":134,"column":39},"end":{"line":134,"column":58}}]},"5":{"loc":{"start":{"line":135,"column":12},"end":{"line":137,"column":10}},"type":"binary-expr","locations":[{"start":{"line":135,"column":12},"end":{"line":135,"column":45}},{"start":{"line":135,"column":49},"end":{"line":137,"column":10}}]},"6":{"loc":{"start":{"line":138,"column":12},"end":{"line":140,"column":10}},"type":"binary-expr","locations":[{"start":{"line":138,"column":12},"end":{"line":138,"column":42}},{"start":{"line":138,"column":46},"end":{"line":140,"column":10}}]},"7":{"loc":{"start":{"line":141,"column":12},"end":{"line":141,"column":73}},"type":"binary-expr","locations":[{"start":{"line":141,"column":12},"end":{"line":141,"column":40}},{"start":{"line":141,"column":44},"end":{"line":141,"column":73}}]},"8":{"loc":{"start":{"line":142,"column":12},"end":{"line":144,"column":10}},"type":"binary-expr","locations":[{"start":{"line":142,"column":12},"end":{"line":142,"column":48}},{"start":{"line":142,"column":52},"end":{"line":144,"column":10}}]},"9":{"loc":{"start":{"line":145,"column":12},"end":{"line":145,"column":70}},"type":"binary-expr","locations":[{"start":{"line":145,"column":12},"end":{"line":145,"column":39}},{"start":{"line":145,"column":43},"end":{"line":145,"column":70}}]},"10":{"loc":{"start":{"line":146,"column":12},"end":{"line":148,"column":10}},"type":"binary-expr","locations":[{"start":{"line":146,"column":12},"end":{"line":146,"column":45}},{"start":{"line":146,"column":49},"end":{"line":148,"column":10}}]},"11":{"loc":{"start":{"line":149,"column":12},"end":{"line":151,"column":10}},"type":"binary-expr","locations":[{"start":{"line":149,"column":12},"end":{"line":149,"column":47}},{"start":{"line":149,"column":51},"end":{"line":151,"column":10}}]},"12":{"loc":{"start":{"line":152,"column":12},"end":{"line":152,"column":67}},"type":"binary-expr","locations":[{"start":{"line":152,"column":12},"end":{"line":152,"column":38}},{"start":{"line":152,"column":42},"end":{"line":152,"column":67}}]},"13":{"loc":{"start":{"line":196,"column":4},"end":{"line":196,"column":28}},"type":"if","locations":[{"start":{"line":196,"column":4},"end":{"line":196,"column":28}},{"start":{},"end":{}}]},"14":{"loc":{"start":{"line":222,"column":11},"end":{"line":222,"column":55}},"type":"cond-expr","locations":[{"start":{"line":222,"column":31},"end":{"line":222,"column":35}},{"start":{"line":222,"column":38},"end":{"line":222,"column":55}}]},"15":{"loc":{"start":{"line":231,"column":10},"end":{"line":231,"column":63}},"type":"binary-expr","locations":[{"start":{"line":231,"column":10},"end":{"line":231,"column":36}},{"start":{"line":231,"column":40},"end":{"line":231,"column":63}}]},"16":{"loc":{"start":{"line":239,"column":10},"end":{"line":239,"column":60}},"type":"binary-expr","locations":[{"start":{"line":239,"column":10},"end":{"line":239,"column":35}},{"start":{"line":239,"column":39},"end":{"line":239,"column":60}}]},"17":{"loc":{"start":{"line":240,"column":10},"end":{"line":240,"column":60}},"type":"binary-expr","locations":[{"start":{"line":240,"column":10},"end":{"line":240,"column":35}},{"start":{"line":240,"column":39},"end":{"line":240,"column":60}}]},"18":{"loc":{"start":{"line":246,"column":10},"end":{"line":246,"column":42}},"type":"binary-expr","locations":[{"start":{"line":246,"column":10},"end":{"line":246,"column":29}},{"start":{"line":246,"column":33},"end":{"line":246,"column":42}}]},"19":{"loc":{"start":{"line":316,"column":13},"end":{"line":316,"column":34}},"type":"binary-expr","locations":[{"start":{"line":316,"column":13},"end":{"line":316,"column":26}},{"start":{"line":316,"column":30},"end":{"line":316,"column":34}}]},"20":{"loc":{"start":{"line":316,"column":66},"end":{"line":316,"column":87}},"type":"binary-expr","locations":[{"start":{"line":316,"column":66},"end":{"line":316,"column":79}},{"start":{"line":316,"column":83},"end":{"line":316,"column":87}}]},"21":{"loc":{"start":{"line":317,"column":13},"end":{"line":317,"column":32}},"type":"binary-expr","locations":[{"start":{"line":317,"column":13},"end":{"line":317,"column":24}},{"start":{"line":317,"column":28},"end":{"line":317,"column":32}}]},"22":{"loc":{"start":{"line":317,"column":66},"end":{"line":317,"column":85}},"type":"binary-expr","locations":[{"start":{"line":317,"column":66},"end":{"line":317,"column":77}},{"start":{"line":317,"column":81},"end":{"line":317,"column":85}}]},"23":{"loc":{"start":{"line":387,"column":24},"end":{"line":387,"column":80}},"type":"cond-expr","locations":[{"start":{"line":387,"column":59},"end":{"line":387,"column":73}},{"start":{"line":387,"column":76},"end":{"line":387,"column":80}}]},"24":{"loc":{"start":{"line":387,"column":25},"end":{"line":387,"column":51}},"type":"binary-expr","locations":[{"start":{"line":387,"column":25},"end":{"line":387,"column":46}},{"start":{"line":387,"column":50},"end":{"line":387,"column":51}}]},"25":{"loc":{"start":{"line":439,"column":44},"end":{"line":439,"column":65}},"type":"default-arg","locations":[{"start":{"line":439,"column":63},"end":{"line":439,"column":65}}]},"26":{"loc":{"start":{"line":441,"column":24},"end":{"line":441,"column":57}},"type":"cond-expr","locations":[{"start":{"line":441,"column":44},"end":{"line":441,"column":50}},{"start":{"line":441,"column":53},"end":{"line":441,"column":57}}]},"27":{"loc":{"start":{"line":458,"column":18},"end":{"line":458,"column":35}},"type":"binary-expr","locations":[{"start":{"line":458,"column":18},"end":{"line":458,"column":30}},{"start":{"line":458,"column":34},"end":{"line":458,"column":35}}]},"28":{"loc":{"start":{"line":486,"column":13},"end":{"line":486,"column":34}},"type":"binary-expr","locations":[{"start":{"line":486,"column":13},"end":{"line":486,"column":26}},{"start":{"line":486,"column":30},"end":{"line":486,"column":34}}]},"29":{"loc":{"start":{"line":486,"column":66},"end":{"line":486,"column":87}},"type":"binary-expr","locations":[{"start":{"line":486,"column":66},"end":{"line":486,"column":79}},{"start":{"line":486,"column":83},"end":{"line":486,"column":87}}]},"30":{"loc":{"start":{"line":487,"column":13},"end":{"line":487,"column":32}},"type":"binary-expr","locations":[{"start":{"line":487,"column":13},"end":{"line":487,"column":24}},{"start":{"line":487,"column":28},"end":{"line":487,"column":32}}]},"31":{"loc":{"start":{"line":487,"column":66},"end":{"line":487,"column":85}},"type":"binary-expr","locations":[{"start":{"line":487,"column":66},"end":{"line":487,"column":77}},{"start":{"line":487,"column":81},"end":{"line":487,"column":85}}]},"32":{"loc":{"start":{"line":492,"column":18},"end":{"line":492,"column":35}},"type":"binary-expr","locations":[{"start":{"line":492,"column":18},"end":{"line":492,"column":30}},{"start":{"line":492,"column":34},"end":{"line":492,"column":35}}]},"33":{"loc":{"start":{"line":566,"column":4},"end":{"line":566,"column":33}},"type":"if","locations":[{"start":{"line":566,"column":4},"end":{"line":566,"column":33}},{"start":{},"end":{}}]}},"s":{"0":10,"1":2,"2":0,"3":0,"4":0,"5":0,"6":0,"7":0,"8":0,"9":0,"10":0,"11":0,"12":0,"13":0,"14":0,"15":0,"16":0,"17":0,"18":0,"19":0,"20":0,"21":0,"22":0,"23":0,"24":0,"25":0,"26":0,"27":0,"28":0,"29":0,"30":0,"31":0,"32":0,"33":0,"34":0,"35":0,"36":0,"37":0,"38":0,"39":10},"f":{"0":0,"1":0,"2":0,"3":0,"4":0,"5":0,"6":0,"7":0,"8":0,"9":0,"10":0,"11":0,"12":0,"13":0,"14":0,"15":0,"16":0,"17":0,"18":0},"b":{"0":[0,0],"1":[0,0],"2":[0,0],"3":[0,0],"4":[0,0],"5":[0,0],"6":[0,0],"7":[0,0],"8":[0,0],"9":[0,0],"10":[0,0],"11":[0,0],"12":[0,0],"13":[0,0],"14":[0,0],"15":[0,0],"16":[0,0],"17":[0,0],"18":[0,0],"19":[0,0],"20":[0,0],"21":[0,0],"22":[0,0],"23":[0,0],"24":[0,0],"25":[0],"26":[0,0],"27":[0,0],"28":[0,0],"29":[0,0],"30":[0,0],"31":[0,0],"32":[0,0],"33":[0,0]}}
,"C:\\Users\\mathe\\OneDrive\\Área de Trabalho\\igreja\\igreja-app-backend\\src\\services\\auth.services.ts": {"path":"C:\\Users\\mathe\\OneDrive\\Área de Trabalho\\igreja\\igreja-app-backend\\src\\services\\auth.services.ts","statementMap":{"0":{"start":{"line":2,"column":0},"end":{"line":2,"column":30}},"1":{"start":{"line":3,"column":0},"end":{"line":3,"column":31}},"2":{"start":{"line":11,"column":0},"end":{"line":11,"column":69}},"3":{"start":{"line":12,"column":0},"end":{"line":12,"column":45}},"4":{"start":{"line":13,"column":0},"end":{"line":13,"column":81}},"5":{"start":{"line":14,"column":0},"end":{"line":14,"column":91}},"6":{"start":{"line":15,"column":0},"end":{"line":15,"column":59}},"7":{"start":{"line":16,"column":0},"end":{"line":16,"column":67}},"8":{"start":{"line":17,"column":0},"end":{"line":17,"column":45}},"9":{"start":{"line":29,"column":33},"end":{"line":29,"column":35}},"10":{"start":{"line":35,"column":4},"end":{"line":35,"column":74}},"11":{"start":{"line":36,"column":4},"end":{"line":36,"column":65}},"12":{"start":{"line":37,"column":4},"end":{"line":37,"column":75}},"13":{"start":{"line":39,"column":4},"end":{"line":43,"column":5}},"14":{"start":{"line":40,"column":6},"end":{"line":42,"column":8}},"15":{"start":{"line":46,"column":4},"end":{"line":48,"column":5}},"16":{"start":{"line":47,"column":6},"end":{"line":47,"column":71}},"17":{"start":{"line":50,"column":4},"end":{"line":50,"column":45}},"18":{"start":{"line":81,"column":4},"end":{"line":96,"column":6}},"19":{"start":{"line":108,"column":8},"end":{"line":108,"column":12}},"20":{"start":{"line":110,"column":29},"end":{"line":110,"column":79}},"21":{"start":{"line":111,"column":4},"end":{"line":113,"column":5}},"22":{"start":{"line":112,"column":6},"end":{"line":112,"column":76}},"23":{"start":{"line":115,"column":22},"end":{"line":115,"column":64}},"24":{"start":{"line":117,"column":24},"end":{"line":125,"column":6}},"25":{"start":{"line":127,"column":18},"end":{"line":130,"column":null}},"26":{"start":{"line":133,"column":4},"end":{"line":133,"column":59}},"27":{"start":{"line":137,"column":29},"end":{"line":137,"column":33}},"28":{"start":{"line":139,"column":20},"end":{"line":139,"column":70}},"29":{"start":{"line":140,"column":4},"end":{"line":142,"column":5}},"30":{"start":{"line":141,"column":6},"end":{"line":141,"column":60}},"31":{"start":{"line":144,"column":24},"end":{"line":144,"column":66}},"32":{"start":{"line":145,"column":4},"end":{"line":147,"column":5}},"33":{"start":{"line":146,"column":6},"end":{"line":146,"column":60}},"34":{"start":{"line":149,"column":18},"end":{"line":152,"column":null}},"35":{"start":{"line":161,"column":4},"end":{"line":161,"column":55}},"36":{"start":{"line":169,"column":20},"end":{"line":169,"column":64}},"37":{"start":{"line":171,"column":4},"end":{"line":173,"column":5}},"38":{"start":{"line":172,"column":6},"end":{"line":172,"column":57}},"39":{"start":{"line":175,"column":4},"end":{"line":175,"column":19}},"40":{"start":{"line":189,"column":20},"end":{"line":189,"column":69}},"41":{"start":{"line":191,"column":4},"end":{"line":193,"column":5}},"42":{"start":{"line":192,"column":6},"end":{"line":192,"column":57}},"43":{"start":{"line":195,"column":4},"end":{"line":195,"column":19}},"44":{"start":{"line":216,"column":4},"end":{"line":216,"column":39}},"45":{"start":{"line":216,"column":26},"end":{"line":216,"column":39}},"46":{"start":{"line":217,"column":4},"end":{"line":217,"column":68}},"47":{"start":{"line":221,"column":4},"end":{"line":225,"column":6}},"48":{"start":{"line":229,"column":4},"end":{"line":233,"column":5}},"49":{"start":{"line":230,"column":6},"end":{"line"
[...]
art":{"line":84,"column":50},"end":{"line":84,"column":73}}]},"6":{"loc":{"start":{"line":85,"column":31},"end":{"line":85,"column":79}},"type":"binary-expr","locations":[{"start":{"line":85,"column":31},"end":{"line":85,"column":50}},{"start":{"line":85,"column":54},"end":{"line":85,"column":79}}]},"7":{"loc":{"start":{"line":86,"column":31},"end":{"line":86,"column":79}},"type":"binary-expr","locations":[{"start":{"line":86,"column":31},"end":{"line":86,"column":50}},{"start":{"line":86,"column":54},"end":{"line":86,"column":79}}]},"8":{"loc":{"start":{"line":94,"column":4},"end":{"line":94,"column":68}},"type":"if","locations":[{"start":{"line":94,"column":4},"end":{"line":94,"column":68}},{"start":{},"end":{}}]},"9":{"loc":{"start":{"line":97,"column":4},"end":{"line":97,"column":64}},"type":"if","locations":[{"start":{"line":97,"column":4},"end":{"line":97,"column":64}},{"start":{},"end":{}}]},"10":{"loc":{"start":{"line":102,"column":18},"end":{"line":102,"column":68}},"type":"cond-expr","locations":[{"start":{"line":102,"column":36},"end":{"line":102,"column":61}},{"start":{"line":102,"column":64},"end":{"line":102,"column":68}}]},"11":{"loc":{"start":{"line":103,"column":15},"end":{"line":103,"column":59}},"type":"cond-expr","locations":[{"start":{"line":103,"column":30},"end":{"line":103,"column":52}},{"start":{"line":103,"column":55},"end":{"line":103,"column":59}}]},"12":{"loc":{"start":{"line":105,"column":18},"end":{"line":105,"column":41}},"type":"binary-expr","locations":[{"start":{"line":105,"column":18},"end":{"line":105,"column":33}},{"start":{"line":105,"column":37},"end":{"line":105,"column":41}}]},"13":{"loc":{"start":{"line":106,"column":15},"end":{"line":106,"column":61}},"type":"binary-expr","locations":[{"start":{"line":106,"column":15},"end":{"line":106,"column":27}},{"start":{"line":106,"column":31},"end":{"line":106,"column":61}}]},"14":{"loc":{"start":{"line":120,"column":4},"end":{"line":120,"column":62}},"type":"if","locations":[{"start":{"line":120,"column":4},"end":{"line":120,"column":62}},{"start":{},"end":{}}]},"15":{"loc":{"start":{"line":123,"column":22},"end":{"line":123,"column":49}},"type":"binary-expr","locations":[{"start":{"line":123,"column":22},"end":{"line":123,"column":43}},{"start":{"line":123,"column":47},"end":{"line":123,"column":49}}]},"16":{"loc":{"start":{"line":125,"column":4},"end":{"line":125,"column":73}},"type":"if","locations":[{"start":{"line":125,"column":4},"end":{"line":125,"column":73}},{"start":{},"end":{}}]},"17":{"loc":{"start":{"line":126,"column":4},"end":{"line":126,"column":74}},"type":"if","locations":[{"start":{"line":126,"column":4},"end":{"line":126,"column":74}},{"start":{},"end":{}}]},"18":{"loc":{"start":{"line":128,"column":4},"end":{"line":130,"column":5}},"type":"if","locations":[{"start":{"line":128,"column":4},"end":{"line":130,"column":5}},{"start":{},"end":{}}]},"19":{"loc":{"start":{"line":136,"column":4},"end":{"line":136,"column":32}},"type":"default-arg","locations":[{"start":{"line":136,"column":30},"end":{"line":136,"column":32}}]},"20":{"loc":{"start":{"line":141,"column":6},"end":{"line":141,"column":16}},"type":"default-arg","locations":[{"start":{"line":141,"column":14},"end":{"line":141,"column":16}}]},"21":{"loc":{"start":{"line":142,"column":6},"end":{"line":142,"column":14}},"type":"default-arg","locations":[{"start":{"line":142,"column":13},"end":{"line":142,"column":14}}]},"22":{"loc":{"start":{"line":154,"column":4},"end":{"line":156,"column":5}},"type":"if","locations":[{"start":{"line":154,"column":4},"end":{"line":156,"column":5}},{"start":{},"end":{}}]},"23":{"loc":{"start":{"line":159,"column":4},"end":{"line":159,"column":73}},"type":"if","locations":[{"start":{"line":159,"column":4},"end":{"line":159,"column":73}},{"start":{},"end":{}}]},"24":{"loc":{"start":{"line":160,"column":4},"end":{"line":160,"column":74}},"type":"if","locations":[{"start":{"line":160,"column":4},"end":{"line":160,"column":74}},{"start":{},"end":{}}]},"25":{"loc":{"start":{"line":172,"column":12},"end":{"line":172,"column":65}},"type":"cond-expr","locations":[{"start":{"line":172,"column":30},"end":{"line":172,"column":60}},{"start":{"line":172,"column":63},"end":{"line":172,"column":65}}]},"26":{"loc":{"start":{"line":176,"column":4},"end":{"line":176,"column":62}},"type":"if","locations":[{"start":{"line":176,"column":4},"end":{"line":176,"column":62}},{"start":{},"end":{}}]},"27":{"loc":{"start":{"line":177,"column":4},"end":{"line":179,"column":5}},"type":"if","locations":[{"start":{"line":177,"column":4},"end":{"line":179,"column":5}},{"start":{},"end":{}}]},"28":{"loc":{"start":{"line":182,"column":4},"end":{"line":183,"column":70}},"type":"if","locations":[{"start":{"line":182,"column":4},"end":{"line":183,"column":70}},{"start":{},"end":{}}]},"29":{"loc":{"start":{"line":185,"column":4},"end":{"line":187,"column":5}},"type":"if","locations":[{"start":{"line":185,"column":4},"end":{"line":187,"column":5}},{"start":{},"end":{}}]},"30":{"loc":{"start":{"line":192,"column":4},"end":{"line":198,"column":5}},"type":"if","locations":[{"start":{"line":192,"column":4},"end":{"line":198,"column":5}},{"start":{},"end":{}}]},"31":{"loc":{"start":{"line":227,"column":4},"end":{"line":227,"column":71}},"type":"if","locations":[{"start":{"line":227,"column":4},"end":{"line":227,"column":71}},{"start":{},"end":{}}]},"32":{"loc":{"start":{"line":229,"column":4},"end":{"line":234,"column":5}},"type":"if","locations":[{"start":{"line":229,"column":4},"end":{"line":234,"column":5}},{"start":{},"end":{}}]},"33":{"loc":{"start":{"line":238,"column":4},"end":{"line":238,"column":73}},"type":"if","locations":[{"start":{"line":238,"column":4},"end":{"line":238,"column":73}},{"start":{},"end":{}}]},"34":{"loc":{"start":{"line":239,"column":4},"end":{"line":243,"column":5}},"type":"if","locations":[{"start":{"line":239,"column":4},"end":{"line":243,"column":5}},{"start":{},"end":{}}]},"35":{"loc":{"start":{"line":240,"column":30},"end":{"line":242,"column":14}},"type":"cond-expr","locations":[{"start":{"line":241,"column":10},"end":{"line":241,"column":35}},{"start":{"line":242,"column":10},"end":{"line":242,"column":14}}]},"36":{"loc":{"start":{"line":244,"column":4},"end":{"line":246,"column":5}},"type":"if","locations":[{"start":{"line":244,"column":4},"end":{"line":246,"column":5}},{"start":{},"end":{}}]},"37":{"loc":{"start":{"line":245,"column":27},"end":{"line":245,"column":71}},"type":"cond-expr","locations":[{"start":{"line":245,"column":42},"end":{"line":245,"column":64}},{"start":{"line":245,"column":67},"end":{"line":245,"column":71}}]},"38":{"loc":{"start":{"line":247,"column":4},"end":{"line":247,"column":67}},"type":"if","locations":[{"start":{"line":247,"column":4},"end":{"line":247,"column":67}},{"start":{},"end":{}}]},"39":{"loc":{"start":{"line":248,"column":4},"end":{"line":248,"column":79}},"type":"if","locations":[{"start":{"line":248,"column":4},"end":{"line":248,"column":79}},{"start":{},"end":{}}]},"40":{"loc":{"start":{"line":249,"column":4},"end":{"line":249,"column":70}},"type":"if","locations":[{"start":{"line":249,"column":4},"end":{"line":249,"column":70}},{"start":{},"end":{}}]},"41":{"loc":{"start":{"line":254,"column":4},"end":{"line":266,"column":5}},"type":"if","locations":[{"start":{"line":254,"column":4},"end":{"line":266,"column":5}},{"start":{},"end":{}}]},"42":{"loc":{"start":{"line":263,"column":6},"end":{"line":265,"column":7}},"type":"if","locations":[{"start":{"line":263,"column":6},"end":{"line":265,"column":7}},{"start":{},"end":{}}]},"43":{"loc":{"start":{"line":283,"column":4},"end":{"line":283,"column":71}},"type":"if","locations":[{"start":{"line":283,"column":4},"end":{"line":283,"column":71}},{"start":{},"end":{}}]},"44":{"loc":{"start":{"line":285,"column":4},"end":{"line":287,"column":5}},"type":"if","locations":[{"start":{"line":285,"column":4},"end":{"line":287,"column":5}},{"start":{},"end":{}}]},"45":{"loc":{"start":{"line":292,"column":4},"end":{"line":301,"column":5}},"type":"if","locations":[{"start":{"line":292,"column":4},"end":{"line":301,"column":5}},{"start":{},"end":{}}]},"46":{"loc":{"start":{"line":295,"column":6},"end":{"line":300,"column":7}},"type":"if","locations":[{"start":{"line":295,"column":6},"end":{"line":300,"column":7}},{"start":{},"end":{}}]},"47":{"loc":{"start":{"line":315,"column":23},"end":{"line":315,"column":54}},"type":"binary-expr","locations":[{"start":{"line":315,"column":23},"end":{"line":315,"column":49}},{"start":{"line":315,"column":53},"end":{"line":315,"column":54}}]},"48":{"loc":{"start":{"line":316,"column":13},"end":{"line":316,"column":31}},"type":"binary-expr","locations":[{"start":{"line":316,"column":13},"end":{"line":316,"column":23}},{"start":{"line":316,"column":27},"end":{"line":316,"column":31}}]},"49":{"loc":{"start":{"line":319,"column":12},"end":{"line":319,"column":31}},"type":"binary-expr","locations":[{"start":{"line":319,"column":12},"end":{"line":319,"column":26}},{"start":{"line":319,"column":30},"end":{"line":319,"column":31}}]},"50":{"loc":{"start":{"line":320,"column":14},"end":{"line":320,"column":36}},"type":"binary-expr","locations":[{"start":{"line":320,"column":14},"end":{"line":320,"column":30}},{"start":{"line":320,"column":34},"end":{"line":320,"column":36}}]}},"s":{"0":1,"1":1,"2":1,"3":1,"4":1,"5":2,"6":1,"7":1,"8":1,"9":0,"10":1,"11":0,"12":1,"13":0,"14":1,"15":2,"16":5,"17":5,"18":5,"19":1,"20":1,"21":0,"22":1,"23":1,"24":0,"25":1,"26":1,"27":0,"28":0,"29":0,"30":0,"31":0,"32":0,"33":0,"34":0,"35":0,"36":0,"37":0,"38":0,"39":2,"40":2,"41":2,"42":2,"43":0,"44":2,"45":2,"46":1,"47":2,"48":1,"49":2,"50":2,"51":2,"52":2,"53":0,"54":2,"55":0,"56":2,"57":2,"58":0,"59":2,"60":0,"61":2,"62":0,"63":2,"64":2,"65":2,"66":1,"67":1,"68":1,"69":0,"70":1,"71":0,"72":1,"73":1,"74":1,"75":1,"76":0,"77":1,"78":0,"79":1,"80":0,"81":1,"82":0,"83":1,"84":0,"85":1,"86":0,"87":0,"88":0,"89":0,"90":0,"91":1,"92":1,"93":1,"94":1,"95":0,"96":1,"97":0,"98":1,"99":1,"100":1,"101":0,"102":1,"103":3,"104":1},"f":{"0":2,"1":1,"2":2,"3":5,"4":1,"5":0,"6":2,"7":1,"8":1,"9":1,"10":3},"b":{"0":[1,1],"1":[1,0],"2":[0,1],"3":[0,1],"4":[2,2,2,0],"5":[5,0],"6":[5,0],"7":[5,5],"8":[0,1],"9":[0,1],"10":[0,1],"11":[0,1],"12":[1,1],"13":[1,1],"14":[0,0],"15":[0,0],"16":[0,0],"17":[0,0],"18":[0,0],"19":[0],"20":[2],"21":[2],"22":[0,2],"23":[1,1],"24":[1,1],"25":[2,0],"26":[0,2],"27":[0,2],"28":[0,2],"29":[0,2],"30":[0,2],"31":[0,1],"32":[0,1],"33":[1,0],"34":[0,1],"35":[0,0],"36":[0,1],"37":[0,0],"38":[0,1],"39":[0,1],"40":[0,1],"41":[0,1],"42":[0,0],"43":[0,1],"44":[0,1],"45":[1,0],"46":[0,1],"47":[3,3],"48":[3,3],"49":[3,0],"50":[3,0]}}
,"C:\\Users\\mathe\\OneDrive\\Área de Trabalho\\igreja\\igreja-app-backend\\src\\services\\usuario.services.ts": {"path":"C:\\Users\\mathe\\OneDrive\\Área de Trabalho\\igreja\\igreja-app-backend\\src\\services\\usuario.services.ts","statementMap":{"0":{"start":{"line":8,"column":0},"end":{"line":8,"column":69}},"1":{"start":{"line":9,"column":0},"end":{"line":9,"column":54}},"2":{"start":{"line":10,"column":0},"end":{"line":10,"column":45}},"3":{"start":{"line":16,"column":4},"end":{"line":16,"column":74}},"4":{"start":{"line":22,"column":58},"end":{"line":22,"column":65}},"5":{"start":{"line":24,"column":17},"end":{"line":24,"column":35}},"6":{"start":{"line":38,"column":19},"end":{"line":38,"column":42}},"7":{"start":{"line":40,"column":30},"end":{"line":43,"column":6}},"8":{"start":{"line":45,"column":4},"end":{"line":50,"column":6}},"9":{"start":{"line":70,"column":17},"end":{"line":70,"column":35}},"10":{"start":{"line":84,"column":19},"end":{"line":84,"column":40}},"11":{"start":{"line":86,"column":35},"end":{"line":89,"column":6}},"12":{"start":{"line":91,"column":4},"end":{"line":96,"column":6}},"13":{"start":{"line":100,"column":20},"end":{"line":100,"column":71}},"14":{"start":{"line":101,"column":4},"end":{"line":101,"column":69}},"15":{"start":{"line":101,"column":18},"end":{"line":101,"column":69}},"16":{"start":{"line":103,"column":4},"end":{"line":115,"column":6}},"17":{"start":{"line":119,"column":26},"end":{"line":119,"column":58}},"18":{"start":{"line":122,"column":6},"end":{"line":122,"column":71}},"19":{"start":{"line":125,"column":19},"end":{"line":125,"column":null}},"20":{"start":{"line":138,"column":4},"end":{"line":152,"column":5}},"21":{"start":{"line":139,"column":18},"end":{"line":139,"column":29}},"22":{"start":{"line":140,"column":6},"end":{"line":140,"column":48}},"23":{"start":{"line":140,"column":28},"end":{"line":140,"column":48}},"24":{"start":{"line":141,"column":6},"end":{"line":151,"column":9}},"25":{"start":{"line":154,"column":4},"end":{"line":160,"column":6}},"26":{"start":{"line":156,"column":74},"end":{"line":159,"column":8}},"27":{"start":{"line":12,"column":0},"end":{"line":12,"column":13}}},"fnMap":{"0":{"name":"(anonymous_0)","decl":{"start":{"line":15,"column":2},"end":{"line":15,"column":14}},"loc":{"start":{"line":15,"column":51},"end":{"line":17,"column":3}}},"1":{"name":"(anonymous_1)","decl":{"start":{"line":19,"column":9},"end":{"line":19,"column":14}},"loc":{"start":{"line":20,"column":37},"end":{"line":51,"column":3}}},"2":{"name":"(anonymous_2)","decl":{"start":{"line":65,"column":9},"end":{"line":65,"column":14}},"loc":{"start":{"line":68,"column":22},"end":{"line":97,"column":3}}},"3":{"name":"(anonymous_3)","decl":{"start":{"line":99,"column":9},"end":{"line":99,"column":14}},"loc":{"start":{"line":99,"column":45},"end":{"line":116,"column":3}}},"4":{"name":"(anonymous_4)","decl":{"start":{"line":118,"column":9},"end":{"line":118,"column":14}},"loc":{"start":{"line":118,"column":43},"end":{"line":161,"column":3}}},"5":{"name":"(anonymous_5)","decl":{"start":{"line":156,"column":45},"end":{"line":156,"column":46}},"loc":{"start":{"line":156,"column":74},"end":{"line":159,"column":8}}}},"branchMap":{"0":{"loc":{"start":{"line":16,"column":29},"end":{"line":16,"column":73}},"type":"binary-expr","locations":[{"start":{"line":16,"column":29},"end":{"line":16,"column":46}},{"start":{"line":16,"column":50},"end":{"line":16,"column":73}}]},"1":{"loc":{"start":{"line":20,"column":4},"end":{"line":20,"column":37}},"type":"default-arg","locations":[{"start":{"line":20,"column":35},"end":{"line":20,"column":37}}]},"2":{"loc":{"start":{"line":22,"column":33},"end":{"line":22,"column":43}},"type":"default-arg","locations":[{"start":{"line":22,"column":41},"end":{"line":22,"column":43}}]},"3":{"loc":{"start":{"line":22,"column":45},"end":{"line":22,"column":53}},"type":"default-arg","locations":[{"start":{"line":22,"column":52},"end":{"line":22,"column":53}}]},"4":{"loc":{"start":{"line":67,"column":4},"end":{"line":67,"column":20}},"type":"default-arg","locations":[{"start":{"line":67,"column":19},"end":{"line":67,"column":20}}]},"5":{"loc":{"start":{"line":68,"column":4},"end":{"line":68,"column":22}},"type":"default-arg","locations":[{"start":{"line":68,"column":20},"end":{"line":68,"column":22}}]},"6":{"loc":{"start":{"line":101,"column":4},"end":{"line":101,"column":69}},"type":"if","locations":[{"start":{"line":101,"column":4},"end":{"line":101,"column":69}},{"start":{},"end":{}}]},"7":{"loc":{"start":{"line":119,"column":26},"end":{"line":119,"column":58}},"type":"binary-expr","locations":[{"start":{"line":119,"column":26},"end":{"line":119,"column":29}},{"start":{"line":119,"column":33},"end":{"line":119,"column":58}}]},"8":{"loc":{"start":{"line":140,"column":6},"end":{"line":140,"column":48}},"type":"if","locations":[{"start":{"line":140,"column":6},"end":{"line":140,"column":48}},{"start":{},"end":{}}]},"9":{"loc":{"start":{"line":148,"column":17},"end":{"line":148,"column":40}},"type":"binary-expr","locations":[{"start":{"line":148,"column":17},"end":{"line":148,"column":32}},{"start":{"line":148,"column":36},"end":{"line":148,"column":40}}]},"10":{"loc":{"start":{"line":149,"column":21},"end":{"line":149,"column":48}},"type":"binary-expr","locations":[{"start":{"line":149,"column":21},"end":{"line":149,"column":40}},{"start":{"line":149,"column":44},"end":{"line":149,"column":48}}]},"11":{"loc":{"start":{"line":150,"column":19},"end":{"line":150,"column":44}},"type":"binary-expr","locations":[{"start":{"line":150,"column":19},"end":{"line":150,"column":36}},{"start":{"line":150,"column":40},"end":{"line":150,"column":44}}]}},"s":{"0":1,"1":1,"2":1,"3":13,"4":7,"5":7,"6":7,"7":7,"8":7,"9":0,"10":0,"11":0,"12":0,"13":3,"14":3,"15":1,"16":2,"17":3,"18":3,"19":3,"20":3,"21":4,"22":4,"23":3,"24":4,"25":3,"26":3,"27":1},"f":{"0":13,"1":7,"2":0,"3":3,"4":3,"5":3},"b":{"0":[13,0],"1":[2],"2":[5],"3":[5],"4":[0],"5":[0],"6":[1,2],"7":[3,1],"8":[3,1],"9":[4,4],"10":[4,4],"11":[4,4]}}
,"C:\\Users\\mathe\\OneDrive\\Área de Trabalho\\igreja\\igreja-app-backend\\src\\utils\\AppError.ts": {"path":"C:\\Users\\mathe\\OneDrive\\Área de Trabalho\\igreja\\igreja-app-backend\\src\\utils\\AppError.ts","statementMap":{"0":{"start":{"line":3,"column":45},"end":{"line":3,"column":49}},"1":{"start":{"line":6,"column":8},"end":{"line":6,"column":23}},"2":{"start":{"line":7,"column":8},"end":{"line":7,"column":37}},"3":{"start":{"line":10,"column":8},"end":{"line":10,"column":56}},"4":{"start":{"line":11,"column":8},"end":{"line":11,"column":56}},"5":{"start":{"line":1,"column":0},"end":{"line":1,"column":13}}},"fnMap":{"0":{"name":"(anonymous_0)","decl":{"start":{"line":5,"column":4},"end":{"line":5,"column":16}},"loc":{"start":{"line":5,"column":57},"end":{"line":12,"column":5}}}},"branchMap":{"0":{"loc":{"start":{"line":5,"column":33},"end":{"line":5,"column":57}},"type":"default-arg","locations":[{"start":{"line":5,"column":54},"end":{"line":5,"column":57}}]}},"s":{"0":63,"1":63,"2":63,"3":63,"4":63,"5":10},"f":{"0":63},"b":{"0":[0]}}
,"C:\\Users\\mathe\\OneDrive\\Área de Trabalho\\igreja\\igreja-app-backend\\src\\validation\\auth.validation.ts": {"path":"C:\\Users\\mathe\\OneDrive\\Área de Trabalho\\igreja\\igreja-app-backend\\src\\validation\\auth.validation.ts","statementMap":{"0":{"start":{"line":1,"column":0},"end":{"line":1,"column":24}},"1":{"start":{"line":2,"column":0},"end":{"line":2,"column":50}},"2":{"start":{"line":4,"column":13},"end":{"line":62,"column":3}},"3":{"start":{"line":64,"column":13},"end":{"line":67,"column":3}},"4":{"start":{"line":69,"column":13},"end":{"line":139,"column":3}},"5":{"start":{"line":154,"column":13},"end":{"line":159,"column":3}},"6":{"start":{"line":161,"column":13},"end":{"line":163,"column":3}},"7":{"start":{"line":165,"column":13},"end":{"line":175,"column":3}}},"fnMap":{},"branchMap":{},"s":{"0":1,"1":1,"2":1,"3":1,"4":1,"5":1,"6":1,"7":1},"f":{},"b":{}}
,"C:\\Users\\mathe\\OneDrive\\Área de Trabalho\\igreja\\igreja-app-backend\\src\\validation\\leituraPlano.validation.ts": {"path":"C:\\Users\\mathe\\OneDrive\\Área de Trabalho\\igreja\\igreja-app-backend\\src\\validation\\leituraPlano.validation.ts","statementMap":{"0":{"start":{"line":1,"column":0},"end":{"line":1,"column":24}},"1":{"start":{"line":16,"column":13},"end":{"line":27,"column":44}},"2":{"start":{"line":20,"column":28},"end":{"line":20,"column":56}},"3":{"start":{"line":21,"column":17},"end":{"line":21,"column":57}},"4":{"start":{"line":22,"column":4},"end":{"line":26,"column":6}},"5":{"start":{"line":29,"column":13},"end":{"line":33,"column":3}},"6":{"start":{"line":35,"column":13},"end":{"line":35,"column":66}}},"fnMap":{"0":{"name":"(anonymous_0)","decl":{"start":{"line":19,"column":10},"end":{"line":19,"column":11}},"loc":{"start":{"line":19,"column":20},"end":{"line":27,"column":3}}}},"branchMap":{"0":{"loc":{"start":{"line":23,"column":6},"end":{"line":25,"column":31}},"type":"binary-expr","locations":[{"start":{"line":23,"column":6},"end":{"line":23,"column":35}},{"start":{"line":24,"column":6},"end":{"line":24,"column":37}},{"start":{"line":25,"column":6},"end":{"line":25,"column":31}}]}},"s":{"0":1,"1":1,"2":16,"3":16,"4":16,"5":1,"6":1},"f":{"0":16},"b":{"0":[16,10,6]}}
}
