TN:
SF:src\constants\perfis.ts
FNF:0
FNH:0
DA:1,5
LF:1
LH:1
BRF:0
BRH:0
end_of_record
TN:
SF:src\lib\prisma.ts
FNF:0
FNH:0
DA:4,7
DA:5,7
DA:6,7
DA:7,7
DA:10,7
DA:15,7
DA:18,7
LF:7
LH:7
BRF:0
BRH:0
end_of_record
TN:
SF:src\repository\conteudo.repository.ts
FN:20,(anonymous_0)
FN:30,(anonymous_1)
FN:40,(anonymous_2)
FN:53,(anonymous_3)
FN:74,(anonymous_4)
FN:85,(anonymous_5)
FNF:6
FNH:0
FNDA:0,(anonymous_0)
FNDA:0,(anonymous_1)
FNDA:0,(anonymous_2)
FNDA:0,(anonymous_3)
FNDA:0,(anonymous_4)
FNDA:0,(anonymous_5)
DA:2,1
DA:6,1
DA:16,1
DA:21,0
DA:31,0
DA:41,0
DA:59,0
DA:63,0
DA:64,0
DA:65,0
DA:66,0
DA:68,0
DA:75,0
DA:86,0
LF:14
LH:3
BRDA:63,0,0,0
BRDA:63,0,1,0
BRDA:64,1,0,0
BRDA:64,1,1,0
BRDA:65,2,0,0
BRDA:65,2,1,0
BRDA:66,3,0,0
BRDA:66,3,1,0
BRF:8
BRH:0
end_of_record
TN:
SF:src\repository\curso.repository.ts
FN:15,(anonymous_0)
FN:22,(anonymous_1)
FN:29,(anonymous_2)
FN:40,(anonymous_3)
FN:49,(anonymous_4)
FN:67,(anonymous_5)
FN:75,(anonymous_6)
FNF:7
FNH:0
FNDA:0,(anonymous_0)
FNDA:0,(anonymous_1)
FNDA:0,(anonymous_2)
FNDA:0,(anonymous_3)
FNDA:0,(anonymous_4)
FNDA:0,(anonymous_5)
FNDA:0,(anonymous_6)
DA:1,1
DA:4,1
DA:14,1
DA:16,0
DA:23,0
DA:30,0
DA:41,0
DA:55,0
DA:59,0
DA:60,0
DA:61,0
DA:62,0
DA:64,0
DA:68,0
DA:76,0
LF:15
LH:3
BRDA:59,0,0,0
BRDA:59,0,1,0
BRDA:60,1,0,0
BRDA:60,1,1,0
BRDA:61,2,0,0
BRDA:61,2,1,0
BRDA:62,3,0,0
BRDA:62,3,1,0
BRF:8
BRH:0
end_of_record
TN:
SF:src\repository\matricula.repository.ts
FN:6,(anonymous_0)
FN:30,(anonymous_1)
FN:50,(anonymous_2)
FN:65,(anonymous_3)
FN:74,(anonymous_4)
FN:82,(anonymous_5)
FN:100,(anonymous_6)
FNF:7
FNH:0
FNDA:0,(anonymous_0)
FNDA:0,(anonymous_1)
FNDA:0,(anonymous_2)
FNDA:0,(anonymous_3)
FNDA:0,(anonymous_4)
FNDA:0,(anonymous_5)
FNDA:0,(anonymous_6)
DA:2,1
DA:4,1
DA:7,0
DA:31,0
DA:51,0
DA:66,0
DA:75,0
DA:83,0
DA:101,0
LF:9
LH:2
BRF:0
BRH:0
end_of_record
TN:
SF:src\repository\pedidoOracao.repository.ts
FN:15,(anonymous_0)
FN:22,(anonymous_1)
FN:29,(anonymous_2)
FN:39,(anonymous_3)
FN:54,(anonymous_4)
FNF:5
FNH:0
FNDA:0,(anonymous_0)
FNDA:0,(anonymous_1)
FNDA:0,(anonymous_2)
FNDA:0,(anonymous_3)
FNDA:0,(anonymous_4)
DA:1,1
DA:4,1
DA:14,1
DA:16,0
DA:23,0
DA:30,0
DA:45,0
DA:55,0
LF:8
LH:3
BRDA:46,0,0,0
BRDA:46,0,1,0
BRDA:47,1,0,0
BRDA:47,1,1,0
BRDA:48,2,0,0
BRDA:48,2,1,0
BRDA:49,3,0,0
BRDA:49,3,1,0
BRF:8
BRH:0
end_of_record
TN:
SF:src\repository\salaCurso.repository.ts
FN:41,(anonymous_0)
FN:51,(anonymous_1)
FN:61,(anonymous_2)
FN:71,(anonymous_3)
FN:80,(anonymous_4)
FN:101,(anonymous_5)
FN:112,(anonymous_6)
FNF:7
FNH:0
FNDA:0,(anonymous_0)
FNDA:0,(anonymous_1)
FNDA:0,(anonymous_2)
FNDA:0,(anonymous_3)
FNDA:0,(anonymous_4)
FNDA:0,(anonymous_5)
FNDA:0,(anonymous_6)
DA:2,1
DA:6,1
DA:15,1
DA:29,1
DA:37,1
DA:42,0
DA:52,0
DA:62,0
DA:72,0
DA:86,0
DA:90,0
DA:91,0
DA:92,0
DA:93,0
DA:95,0
DA:102,0
DA:113,0
LF:17
LH:5
BRDA:90,0,0,0
BRDA:90,0,1,0
BRDA:91,1,0,0
BRDA:91,1,1,0
BRDA:92,2,0,0
BRDA:92,2,1,0
BRDA:93,3,0,0
BRDA:93,3,1,0
BRF:8
BRH:0
end_of_record
TN:
SF:src\repository\usuario.repository.ts
FN:12,(anonymous_0)
FN:35,(anonymous_1)
FN:45,(anonymous_2)
FN:66,(anonymous_3)
FNF:4
FNH:0
FNDA:0,(anonymous_0)
FNDA:0,(anonymous_1)
FNDA:0,(anonymous_2)
FNDA:0,(anonymous_3)
DA:4,6
DA:6,6
DA:7,0
DA:15,0
DA:36,0
DA:46,0
DA:67,0
LF:7
LH:2
BRDA:22,0,0,0
BRDA:22,0,1,0
BRDA:25,1,0,0
BRDA:25,1,1,0
BRDA:26,2,0,0
BRDA:26,2,1,0
BRF:6
BRH:0
end_of_record
TN:
SF:src\services\auth.services.ts
FN:22,(anonymous_1)
FN:39,(anonymous_2)
FN:70,(anonymous_3)
FN:98,(anonymous_4)
FN:108,(anonymous_5)
FN:116,(anonymous_6)
FNF:6
FNH:6
FNDA:12,(anonymous_1)
FNDA:4,(anonymous_2)
FNDA:3,(anonymous_3)
FNDA:2,(anonymous_4)
FNDA:4,(anonymous_5)
FNDA:3,(anonymous_6)
DA:2,1
DA:3,1
DA:5,1
DA:6,1
DA:17,1
DA:19,12
DA:23,12
DA:25,12
DA:26,0
DA:32,12
DA:33,0
DA:36,12
DA:40,4
DA:42,4
DA:43,4
DA:44,1
DA:47,3
DA:49,3
DA:59,3
DA:61,3
DA:71,3
DA:73,3
DA:74,3
DA:75,1
DA:78,2
DA:79,2
DA:80,1
DA:83,1
DA:85,1
DA:99,2
DA:101,2
DA:102,1
DA:105,1
DA:109,4
DA:117,3
DA:118,3
DA:120,2
LF:37
LH:35
BRDA:23,0,0,12
BRDA:23,0,1,0
BRDA:25,1,0,0
BRDA:25,1,1,12
BRDA:32,2,0,0
BRDA:32,2,1,12
BRDA:43,3,0,1
BRDA:43,3,1,3
BRDA:59,4,0,3
BRDA:59,4,1,3
BRDA:74,5,0,1
BRDA:74,5,1,2
BRDA:79,6,0,1
BRDA:79,6,1,1
BRDA:83,7,0,1
BRDA:83,7,1,1
BRDA:101,8,0,1
BRDA:101,8,1,1
BRF:18
BRH:15
end_of_record
TN:
SF:src\services\conteudo.services.ts
FN:19,(anonymous_0)
FN:27,(anonymous_1)
FN:51,(anonymous_2)
FN:61,(anonymous_3)
FN:83,(anonymous_4)
FN:86,(anonymous_5)
FN:127,(anonymous_6)
FN:147,(anonymous_7)
FNF:8
FNH:8
FNDA:9,(anonymous_0)
FNDA:1,(anonymous_1)
FNDA:1,(anonymous_2)
FNDA:1,(anonymous_3)
FNDA:1,(anonymous_4)
FNDA:3,(anonymous_5)
FNDA:3,(anonymous_6)
FNDA:5,(anonymous_7)
DA:9,1
DA:10,1
DA:11,1
DA:13,1
DA:15,1
DA:23,9
DA:24,9
DA:31,1
DA:32,1
DA:33,0
DA:36,1
DA:48,1
DA:52,1
DA:54,1
DA:55,0
DA:58,1
DA:64,1
DA:66,1
DA:68,1
DA:69,1
DA:70,1
DA:71,0
DA:74,1
DA:83,1
DA:92,3
DA:94,3
DA:95,0
DA:98,3
DA:100,3
DA:101,1
DA:104,2
DA:106,2
DA:107,2
DA:108,2
DA:109,2
DA:110,2
DA:111,2
DA:112,2
DA:113,2
DA:114,0
DA:119,2
DA:124,2
DA:132,3
DA:134,3
DA:135,0
DA:138,3
DA:140,3
DA:141,1
DA:144,2
DA:148,5
LF:50
LH:44
BRDA:23,0,0,9
BRDA:23,0,1,0
BRDA:24,1,0,9
BRDA:24,1,1,0
BRDA:32,2,0,0
BRDA:32,2,1,1
BRDA:40,3,0,1
BRDA:40,3,1,0
BRDA:41,4,0,1
BRDA:41,4,1,1
BRDA:42,5,0,1
BRDA:42,5,1,1
BRDA:44,6,0,1
BRDA:44,6,1,1
BRDA:45,7,0,0
BRDA:45,7,1,1
BRDA:54,8,0,0
BRDA:54,8,1,1
BRDA:62,9,0,1
BRDA:64,10,0,1
BRDA:64,11,0,1
BRDA:64,12,0,1
BRDA:69,13,0,0
BRDA:69,13,1,1
BRDA:70,14,0,0
BRDA:70,14,1,1
BRDA:77,15,0,1
BRDA:77,15,1,0
BRDA:94,16,0,0
BRDA:94,16,1,3
BRDA:98,17,0,3
BRDA:98,17,1,2
BRDA:98,17,2,1
BRDA:100,18,0,1
BRDA:100,18,1,2
BRDA:106,19,0,0
BRDA:106,19,1,2
BRDA:107,20,0,2
BRDA:107,20,1,0
BRDA:108,21,0,0
BRDA:108,21,1,2
BRDA:109,22,0,0
BRDA:109,22,1,2
BRDA:110,23,0,0
BRDA:110,23,1,2
BRDA:111,24,0,0
BRDA:111,24,1,2
BRDA:112,25,0,0
BRDA:112,25,1,2
BRDA:113,26,0,0
BRDA:113,26,1,2
BRDA:114,27,0,0
BRDA:114,27,1,0
BRDA:134,28,0,0
BRDA:134,28,1,3
BRDA:138,29,0,3
BRDA:138,29,1,2
BRDA:138,29,2,1
BRDA:140,30,0,1
BRDA:140,30,1,2
BRDA:152,31,0,5
BRDA:152,31,1,0
BRDA:153,32,0,5
BRDA:153,32,1,5
BRDA:154,33,0,5
BRDA:154,33,1,5
BRDA:159,34,0,5
BRDA:159,34,1,0
BRDA:160,35,0,5
BRDA:160,35,1,0
BRDA:161,36,0,5
BRDA:161,36,1,0
BRF:72
BRH:47
end_of_record
TN:
SF:src\services\curso.services.ts
FN:19,(anonymous_0)
FN:27,(anonymous_1)
FN:46,(anonymous_2)
FN:56,(anonymous_3)
FN:81,(anonymous_4)
FN:84,(anonymous_5)
FN:111,(anonymous_6)
FN:139,(anonymous_7)
FNF:8
FNH:8
FNDA:16,(anonymous_0)
FNDA:3,(anonymous_1)
FNDA:2,(anonymous_2)
FNDA:2,(anonymous_3)
FNDA:2,(anonymous_4)
FNDA:4,(anonymous_5)
FNDA:5,(anonymous_6)
FNDA:8,(anonymous_7)
DA:9,1
DA:10,1
DA:11,1
DA:13,1
DA:15,1
DA:23,16
DA:24,16
DA:31,3
DA:32,3
DA:33,1
DA:36,2
DA:43,2
DA:47,2
DA:49,2
DA:50,1
DA:53,1
DA:63,2
DA:65,2
DA:67,2
DA:81,2
DA:90,4
DA:91,4
DA:94,4
DA:98,4
DA:99,1
DA:102,3
DA:103,3
DA:104,3
DA:105,3
DA:107,3
DA:108,3
DA:116,5
DA:117,5
DA:120,4
DA:124,4
DA:125,1
DA:128,3
DA:129,3
DA:130,1
DA:136,2
DA:140,8
LF:41
LH:41
BRDA:23,0,0,16
BRDA:23,0,1,0
BRDA:24,1,0,16
BRDA:24,1,1,0
BRDA:32,2,0,1
BRDA:32,2,1,2
BRDA:39,3,0,2
BRDA:39,3,1,1
BRDA:49,4,0,1
BRDA:49,4,1,1
BRDA:56,5,0,1
BRDA:60,6,0,1
BRDA:61,7,0,1
BRDA:62,8,0,1
BRDA:69,9,0,2
BRDA:69,9,1,1
BRDA:70,10,0,2
BRDA:70,10,1,1
BRDA:75,11,0,1
BRDA:75,11,1,1
BRDA:91,12,0,0
BRDA:91,12,1,4
BRDA:94,13,0,4
BRDA:94,13,1,3
BRDA:94,13,2,3
BRDA:98,14,0,1
BRDA:98,14,1,3
BRDA:103,15,0,3
BRDA:103,15,1,0
BRDA:104,16,0,0
BRDA:104,16,1,3
BRDA:105,17,0,0
BRDA:105,17,1,3
BRDA:117,18,0,1
BRDA:117,18,1,4
BRDA:120,19,0,4
BRDA:120,19,1,3
BRDA:120,19,2,3
BRDA:124,20,0,1
BRDA:124,20,1,3
BRDA:129,21,0,1
BRDA:129,21,1,2
BRDA:143,22,0,8
BRDA:143,22,1,1
BRDA:146,23,0,8
BRDA:146,23,1,0
BRDA:147,24,0,8
BRDA:147,24,1,0
BRDA:148,25,0,8
BRDA:148,25,1,0
BRF:50
BRH:41
end_of_record
TN:
SF:src\services\matricula.services.ts
FN:18,(anonymous_0)
FN:31,(anonymous_1)
FN:50,(anonymous_2)
FN:102,(anonymous_3)
FN:116,(anonymous_4)
FN:125,(anonymous_5)
FN:137,(anonymous_6)
FN:155,(anonymous_7)
FN:174,(anonymous_8)
FN:177,(anonymous_9)
FNF:10
FNH:6
FNDA:6,(anonymous_0)
FNDA:3,(anonymous_1)
FNDA:0,(anonymous_2)
FNDA:1,(anonymous_3)
FNDA:2,(anonymous_4)
FNDA:1,(anonymous_5)
FNDA:3,(anonymous_6)
FNDA:0,(anonymous_7)
FNDA:0,(anonymous_8)
FNDA:0,(anonymous_9)
DA:9,1
DA:10,1
DA:11,1
DA:12,1
DA:14,1
DA:22,6
DA:23,6
DA:38,3
DA:42,3
DA:43,1
DA:51,0
DA:52,0
DA:54,0
DA:55,0
DA:56,0
DA:58,0
DA:60,0
DA:61,0
DA:62,0
DA:65,0
DA:66,0
DA:70,0
DA:72,0
DA:73,0
DA:74,0
DA:77,0
DA:87,0
DA:89,0
DA:103,1
DA:104,1
DA:106,1
DA:107,0
DA:110,1
DA:119,2
DA:120,2
DA:123,1
DA:125,1
DA:143,3
DA:144,3
DA:147,3
DA:149,2
DA:162,0
DA:163,0
DA:166,0
DA:168,0
DA:175,0
DA:177,0
LF:47
LH:22
BRDA:22,0,0,6
BRDA:22,0,1,0
BRDA:23,1,0,6
BRDA:23,1,1,0
BRDA:35,2,0,0
BRDA:38,3,0,3
BRDA:38,3,1,2
BRDA:38,3,2,2
BRDA:38,3,3,2
BRDA:42,4,0,1
BRDA:42,4,1,2
BRDA:52,5,0,0
BRDA:52,5,1,0
BRDA:55,6,0,0
BRDA:55,6,1,0
BRDA:56,7,0,0
BRDA:56,7,1,0
BRDA:60,8,0,0
BRDA:60,8,1,0
BRDA:61,9,0,0
BRDA:61,9,1,0
BRDA:65,10,0,0
BRDA:65,10,1,0
BRDA:73,11,0,0
BRDA:73,11,1,0
BRDA:73,12,0,0
BRDA:73,12,1,0
BRDA:104,13,0,0
BRDA:104,13,1,1
BRDA:106,14,0,0
BRDA:106,14,1,1
BRDA:120,15,0,1
BRDA:120,15,1,1
BRDA:144,16,0,0
BRDA:144,16,1,3
BRDA:163,17,0,0
BRDA:163,17,1,0
BRF:37
BRH:13
end_of_record
TN:
SF:src\services\pedidoOracao.services.ts
FN:17,(anonymous_0)
FN:25,(anonymous_1)
FN:42,(anonymous_2)
FN:61,(anonymous_3)
FN:66,(anonymous_4)
FN:89,(anonymous_5)
FNF:6
FNH:6
FNDA:11,(anonymous_0)
FNDA:2,(anonymous_1)
FNDA:3,(anonymous_2)
FNDA:3,(anonymous_3)
FNDA:6,(anonymous_4)
FNDA:4,(anonymous_5)
DA:7,1
DA:8,1
DA:9,1
DA:11,1
DA:13,1
DA:21,11
DA:22,11
DA:29,2
DA:30,2
DA:31,1
DA:33,1
DA:39,1
DA:45,3
DA:47,3
DA:49,3
DA:50,3
DA:51,1
DA:54,3
DA:61,3
DA:71,6
DA:73,6
DA:74,1
DA:78,5
DA:82,5
DA:83,2
DA:86,3
DA:92,4
LF:27
LH:27
BRDA:21,0,0,11
BRDA:21,0,1,0
BRDA:22,1,0,11
BRDA:22,1,1,0
BRDA:30,2,0,1
BRDA:30,2,1,1
BRDA:43,3,0,2
BRDA:45,4,0,2
BRDA:45,5,0,2
BRDA:50,6,0,1
BRDA:50,6,1,2
BRDA:73,7,0,1
BRDA:73,7,1,5
BRDA:78,8,0,5
BRDA:78,8,1,4
BRDA:78,8,2,3
BRDA:82,9,0,2
BRDA:82,9,1,3
BRDA:98,10,0,4
BRDA:98,10,1,0
BRDA:99,11,0,4
BRDA:99,11,1,0
BRDA:100,12,0,4
BRDA:100,12,1,0
BRF:24
BRH:19
end_of_record
TN:
SF:src\services\sala.services.ts
FN:19,(anonymous_0)
FN:27,(anonymous_1)
FN:48,(anonymous_2)
FN:55,(anonymous_3)
FN:107,(anonymous_4)
FN:110,(anonymous_5)
FN:143,(anonymous_6)
FN:162,(anonymous_7)
FNF:8
FNH:7
FNDA:5,(anonymous_0)
FNDA:1,(anonymous_1)
FNDA:0,(anonymous_2)
FNDA:2,(anonymous_3)
FNDA:1,(anonymous_4)
FNDA:1,(anonymous_5)
FNDA:1,(anonymous_6)
FNDA:3,(anonymous_7)
DA:9,1
DA:10,1
DA:11,1
DA:13,1
DA:15,1
DA:23,5
DA:24,5
DA:31,1
DA:32,1
DA:34,1
DA:35,1
DA:37,1
DA:45,1
DA:49,0
DA:50,0
DA:52,0
DA:66,2
DA:68,2
DA:69,2
DA:72,2
DA:75,2
DA:76,2
DA:77,2
DA:79,2
DA:83,2
DA:84,2
DA:85,0
DA:88,2
DA:89,2
DA:90,2
DA:91,0
DA:96,2
DA:97,0
DA:100,2
DA:107,2
DA:116,1
DA:117,1
DA:119,1
DA:124,0
DA:127,1
DA:129,1
DA:130,1
DA:131,0
DA:133,1
DA:134,0
DA:136,1
DA:138,1
DA:140,1
DA:148,1
DA:149,1
DA:151,1
DA:156,0
DA:159,1
DA:163,3
LF:54
LH:44
BRDA:23,0,0,5
BRDA:23,0,1,0
BRDA:24,1,0,5
BRDA:24,1,1,0
BRDA:32,2,0,0
BRDA:32,2,1,1
BRDA:35,3,0,0
BRDA:35,3,1,1
BRDA:40,4,0,0
BRDA:40,4,1,1
BRDA:41,5,0,0
BRDA:41,5,1,1
BRDA:50,6,0,0
BRDA:50,6,1,0
BRDA:56,7,0,0
BRDA:61,8,0,2
BRDA:62,9,0,2
BRDA:76,10,0,1
BRDA:76,10,1,1
BRDA:77,11,0,1
BRDA:77,11,1,1
BRDA:83,12,0,0
BRDA:83,12,1,2
BRDA:84,13,0,0
BRDA:84,13,1,2
BRDA:89,14,0,0
BRDA:89,14,1,2
BRDA:90,15,0,0
BRDA:90,15,1,2
BRDA:96,16,0,0
BRDA:96,16,1,2
BRDA:117,17,0,0
BRDA:117,17,1,1
BRDA:119,18,0,0
BRDA:119,18,1,1
BRDA:120,19,0,1
BRDA:120,19,1,1
BRDA:120,19,2,1
BRDA:129,20,0,1
BRDA:129,20,1,0
BRDA:130,21,0,0
BRDA:130,21,1,1
BRDA:131,22,0,0
BRDA:131,22,1,0
BRDA:133,23,0,0
BRDA:133,23,1,1
BRDA:134,24,0,0
BRDA:134,24,1,0
BRDA:136,25,0,0
BRDA:136,25,1,1
BRDA:149,26,0,0
BRDA:149,26,1,1
BRDA:151,27,0,0
BRDA:151,27,1,1
BRDA:152,28,0,1
BRDA:152,28,1,1
BRDA:152,28,2,1
BRDA:170,29,0,3
BRDA:170,29,1,0
BRDA:171,30,0,3
BRDA:171,30,1,0
BRF:61
BRH:33
end_of_record
TN:
SF:src\utils\AppError.ts
FN:5,(anonymous_0)
FNF:1
FNH:1
FNDA:24,(anonymous_0)
DA:1,6
DA:3,24
DA:6,24
DA:7,24
DA:10,24
DA:11,24
LF:6
LH:6
BRDA:5,0,0,0
BRF:1
BRH:0
end_of_record
