TN:
SF:src\config\env.ts
FNF:0
FNH:0
DA:1,21
DA:2,21
DA:4,21
DA:73,21
LF:4
LH:4
BRF:0
BRH:0
end_of_record
TN:
SF:src\constants\igreja.ts
FNF:0
FNH:0
DA:24,1
LF:1
LH:1
BRF:0
BRH:0
end_of_record
TN:
SF:src\constants\matriculaStatus.ts
FNF:0
FNH:0
DA:1,1
LF:1
LH:1
BRF:0
BRH:0
end_of_record
TN:
SF:src\constants\perfis.ts
FNF:0
FNH:0
DA:1,10
LF:1
LH:1
BRF:0
BRH:0
end_of_record
TN:
SF:src\domain\profissoes.ts
FN:180,(anonymous_0)
FN:181,(anonymous_1)
FN:184,ehProfissaoValida
FN:188,semAcento
FN:212,chavesPorTermo
FNF:5
FNH:2
FNDA:20,(anonymous_0)
FNDA:132,(anonymous_1)
FNDA:0,ehProfissaoValida
FNDA:0,semAcento
FNDA:0,chavesPorTermo
DA:40,2
DA:180,2
DA:181,132
DA:184,2
DA:185,0
DA:189,0
DA:212,2
DA:213,0
DA:214,0
DA:216,0
DA:217,0
DA:218,0
DA:219,0
DA:220,0
DA:221,0
DA:225,0
LF:16
LH:5
BRDA:185,0,0,0
BRDA:185,0,1,0
BRDA:213,1,0,0
BRDA:213,1,1,0
BRDA:214,2,0,0
BRDA:214,2,1,0
BRDA:220,3,0,0
BRDA:220,3,1,0
BRDA:220,4,0,0
BRDA:220,4,1,0
BRF:10
BRH:0
end_of_record
TN:
SF:src\lib\cloudinary.ts
FN:55,uploadImagem
FN:66,(anonymous_1)
FN:76,(anonymous_2)
FN:93,removerImagem
FN:108,extrairPublicId
FNF:5
FNH:0
FNDA:0,uploadImagem
FNDA:0,(anonymous_1)
FNDA:0,(anonymous_2)
FNDA:0,removerImagem
FNDA:0,extrairPublicId
DA:1,5
DA:2,5
DA:3,5
DA:16,5
DA:17,5
DA:18,5
DA:20,5
DA:22,5
DA:23,5
DA:55,5
DA:59,0
DA:60,0
DA:66,0
DA:67,0
DA:77,0
DA:78,0
DA:79,0
DA:81,0
DA:85,0
DA:93,5
DA:94,0
DA:95,0
DA:96,0
DA:108,5
DA:109,0
DA:110,0
DA:111,0
LF:27
LH:12
BRDA:20,0,0,5
BRDA:20,0,1,5
BRDA:20,0,2,5
BRDA:22,1,0,5
BRDA:22,1,1,0
BRDA:22,2,0,5
BRDA:22,2,1,5
BRDA:22,2,2,5
BRDA:59,3,0,0
BRDA:59,3,1,0
BRDA:77,4,0,0
BRDA:77,4,1,0
BRDA:77,5,0,0
BRDA:77,5,1,0
BRDA:94,6,0,0
BRDA:94,6,1,0
BRDA:109,7,0,0
BRDA:109,7,1,0
BRDA:111,8,0,0
BRDA:111,8,1,0
BRF:20
BRH:7
end_of_record
TN:
SF:src\lib\email.ts
FN:37,enviarEmailRecuperacaoSenha
FNF:1
FNH:0
FNDA:0,enviarEmailRecuperacaoSenha
DA:1,2
DA:2,2
DA:3,2
DA:5,2
DA:37,2
DA:42,0
DA:50,0
DA:51,0
DA:56,0
LF:9
LH:5
BRDA:42,0,0,0
BRDA:42,0,1,0
BRDA:50,1,0,0
BRDA:50,1,1,0
BRF:4
BRH:0
end_of_record
TN:
SF:src\lib\logger.ts
FNF:0
FNH:0
DA:1,2
DA:2,2
DA:4,2
LF:3
LH:3
BRDA:5,0,0,0
BRDA:5,0,1,2
BRDA:6,1,0,2
BRDA:6,1,1,2
BRF:4
BRH:3
end_of_record
TN:
SF:src\lib\prisma.ts
FNF:0
FNH:0
DA:5,19
DA:6,19
DA:7,19
DA:8,19
DA:10,19
DA:14,19
DA:15,19
DA:17,19
DA:20,19
DA:21,19
LF:10
LH:10
BRDA:18,0,0,19
BRDA:18,0,1,11
BRDA:20,1,0,19
BRDA:20,1,1,0
BRF:4
BRH:3
end_of_record
TN:
SF:src\middlewares\auth.middleware.ts
FN:20,(anonymous_1)
FN:28,(anonymous_2)
FN:179,(anonymous_3)
FN:180,(anonymous_4)
FNF:4
FNH:3
FNDA:1,(anonymous_1)
FNDA:0,(anonymous_2)
FNDA:11,(anonymous_3)
FNDA:11,(anonymous_4)
DA:2,1
DA:3,1
DA:5,1
DA:6,1
DA:16,1
DA:21,1
DA:22,1
DA:28,1
DA:33,0
DA:34,0
DA:36,0
DA:37,0
DA:41,0
DA:44,0
DA:46,0
DA:47,0
DA:51,0
DA:54,0
DA:56,0
DA:57,0
DA:58,0
DA:62,0
DA:92,0
DA:108,0
DA:114,0
DA:118,0
DA:121,0
DA:130,0
DA:154,0
DA:158,0
DA:161,0
DA:162,0
DA:165,0
DA:179,1
DA:180,11
DA:181,11
DA:182,1
DA:186,1
DA:189,10
DA:191,10
DA:192,7
DA:200,7
DA:203,3
DA:208,1
LF:44
LH:19
BRDA:36,0,0,0
BRDA:36,0,1,0
BRDA:36,1,0,0
BRDA:36,1,1,0
BRDA:46,2,0,0
BRDA:46,2,1,0
BRDA:57,3,0,0
BRDA:57,3,1,0
BRDA:108,4,0,0
BRDA:108,4,1,0
BRDA:154,5,0,0
BRDA:154,5,1,0
BRDA:154,5,2,0
BRDA:158,6,0,0
BRDA:158,6,1,0
BRDA:168,7,0,0
BRDA:168,7,1,0
BRDA:181,8,0,1
BRDA:181,8,1,10
BRDA:191,9,0,7
BRDA:191,9,1,3
BRDA:195,10,0,7
BRDA:195,10,1,6
BRF:23
BRH:6
end_of_record
TN:
SF:src\repository\conteudo.repository.ts
FN:20,(anonymous_0)
FN:30,(anonymous_1)
FN:40,(anonymous_2)
FN:53,(anonymous_3)
FN:80,(anonymous_4)
FN:98,(anonymous_5)
FN:108,(anonymous_6)
FN:116,(anonymous_7)
FN:125,(anonymous_8)
FNF:9
FNH:0
FNDA:0,(anonymous_0)
FNDA:0,(anonymous_1)
FNDA:0,(anonymous_2)
FNDA:0,(anonymous_3)
FNDA:0,(anonymous_4)
FNDA:0,(anonymous_5)
FNDA:0,(anonymous_6)
FNDA:0,(anonymous_7)
FNDA:0,(anonymous_8)
DA:2,1
DA:6,1
DA:16,1
DA:21,0
DA:31,0
DA:41,0
DA:62,0
DA:66,0
DA:67,0
DA:68,0
DA:69,0
DA:71,0
DA:81,0
DA:99,0
DA:109,0
DA:117,0
DA:126,0
LF:17
LH:3
BRDA:66,0,0,0
BRDA:66,0,1,0
BRDA:67,1,0,0
BRDA:67,1,1,0
BRDA:68,2,0,0
BRDA:68,2,1,0
BRDA:69,3,0,0
BRDA:69,3,1,0
BRDA:85,4,0,0
BRDA:85,4,1,0
BRDA:118,5,0,0
BRDA:118,5,1,0
BRF:12
BRH:0
end_of_record
TN:
SF:src\repository\curso.repository.ts
FN:19,(anonymous_0)
FN:26,(anonymous_1)
FN:33,(anonymous_2)
FN:50,(anonymous_3)
FN:64,(anonymous_4)
FN:80,(anonymous_5)
FN:87,(anonymous_6)
FN:96,(anonymous_7)
FN:114,(anonymous_8)
FN:122,(anonymous_9)
FN:128,(anonymous_10)
FNF:11
FNH:0
FNDA:0,(anonymous_0)
FNDA:0,(anonymous_1)
FNDA:0,(anonymous_2)
FNDA:0,(anonymous_3)
FNDA:0,(anonymous_4)
FNDA:0,(anonymous_5)
FNDA:0,(anonymous_6)
FNDA:0,(anonymous_7)
FNDA:0,(anonymous_8)
FNDA:0,(anonymous_9)
FNDA:0,(anonymous_10)
DA:1,1
DA:4,1
DA:18,1
DA:20,0
DA:27,0
DA:34,0
DA:61,0
DA:64,0
DA:81,0
DA:88,0
DA:102,0
DA:106,0
DA:107,0
DA:108,0
DA:109,0
DA:111,0
DA:115,0
DA:123,0
DA:129,0
LF:19
LH:3
BRDA:68,0,0,0
BRDA:68,0,1,0
BRDA:106,1,0,0
BRDA:106,1,1,0
BRDA:107,2,0,0
BRDA:107,2,1,0
BRDA:108,3,0,0
BRDA:108,3,1,0
BRDA:109,4,0,0
BRDA:109,4,1,0
BRDA:124,5,0,0
BRDA:124,5,1,0
BRF:12
BRH:0
end_of_record
TN:
SF:src\repository\evento.repository.ts
FN:15,(anonymous_0)
FN:22,(anonymous_1)
FN:29,(anonymous_2)
FN:38,(anonymous_3)
FN:69,(anonymous_4)
FN:81,(anonymous_5)
FN:91,(anonymous_6)
FNF:7
FNH:0
FNDA:0,(anonymous_0)
FNDA:0,(anonymous_1)
FNDA:0,(anonymous_2)
FNDA:0,(anonymous_3)
FNDA:0,(anonymous_4)
FNDA:0,(anonymous_5)
FNDA:0,(anonymous_6)
DA:1,1
DA:4,1
DA:14,1
DA:16,0
DA:23,0
DA:32,0
DA:39,0
DA:40,0
DA:42,0
DA:70,0
DA:82,0
DA:92,0
LF:12
LH:3
BRDA:85,0,0,0
BRDA:85,0,1,0
BRF:2
BRH:0
end_of_record
TN:
SF:src\repository\grupoFamiliar.repository.ts
FN:30,(anonymous_0)
FN:37,(anonymous_1)
FN:44,(anonymous_2)
FN:52,(anonymous_3)
FN:68,(anonymous_4)
FN:85,(anonymous_5)
FN:93,(anonymous_6)
FN:97,(anonymous_7)
FN:108,(anonymous_8)
FN:133,(anonymous_9)
FN:146,(anonymous_10)
FN:161,(anonymous_11)
FN:169,(anonymous_12)
FN:197,(anonymous_13)
FN:231,(anonymous_14)
FN:239,(anonymous_15)
FN:240,(anonymous_16)
FN:244,(anonymous_17)
FN:277,(anonymous_18)
FN:284,(anonymous_19)
FN:300,(anonymous_20)
FN:308,(anonymous_21)
FN:317,(anonymous_22)
FNF:23
FNH:0
FNDA:0,(anonymous_0)
FNDA:0,(anonymous_1)
FNDA:0,(anonymous_2)
FNDA:0,(anonymous_3)
FNDA:0,(anonymous_4)
FNDA:0,(anonymous_5)
FNDA:0,(anonymous_6)
FNDA:0,(anonymous_7)
FNDA:0,(anonymous_8)
FNDA:0,(anonymous_9)
FNDA:0,(anonymous_10)
FNDA:0,(anonymous_11)
FNDA:0,(anonymous_12)
FNDA:0,(anonymous_13)
FNDA:0,(anonymous_14)
FNDA:0,(anonymous_15)
FNDA:0,(anonymous_16)
FNDA:0,(anonymous_17)
FNDA:0,(anonymous_18)
FNDA:0,(anonymous_19)
FNDA:0,(anonymous_20)
FNDA:0,(anonymous_21)
FNDA:0,(anonymous_22)
DA:1,1
DA:4,1
DA:29,1
DA:31,0
DA:38,0
DA:45,0
DA:53,0
DA:74,0
DA:86,0
DA:94,0
DA:98,0
DA:109,0
DA:134,0
DA:147,0
DA:162,0
DA:163,0
DA:164,0
DA:169,0
DA:198,0
DA:199,0
DA:200,0
DA:202,0
DA:231,0
DA:232,0
DA:234,0
DA:239,0
DA:240,0
DA:245,0
DA:246,0
DA:248,0
DA:267,0
DA:278,0
DA:285,0
DA:301,0
DA:309,0
DA:318,0
LF:36
LH:3
BRDA:52,0,0,0
BRDA:52,1,0,0
BRDA:163,2,0,0
BRDA:163,2,1,0
BRDA:199,3,0,0
BRDA:199,3,1,0
BRDA:200,4,0,0
BRDA:200,4,1,0
BRDA:232,5,0,0
BRDA:232,5,1,0
BRDA:246,6,0,0
BRDA:246,6,1,0
BRDA:267,7,0,0
BRDA:267,7,1,0
BRF:14
BRH:0
end_of_record
TN:
SF:src\repository\leituraPlano.repository.ts
FN:17,(anonymous_0)
FN:24,(anonymous_1)
FN:35,(anonymous_2)
FN:49,(anonymous_3)
FNF:4
FNH:0
FNDA:0,(anonymous_0)
FNDA:0,(anonymous_1)
FNDA:0,(anonymous_2)
FNDA:0,(anonymous_3)
DA:1,1
DA:9,1
DA:18,0
DA:24,0
DA:36,0
DA:50,0
LF:6
LH:2
BRF:0
BRH:0
end_of_record
TN:
SF:src\repository\matricula.repository.ts
FN:4,(anonymous_0)
FN:28,(anonymous_1)
FN:48,(anonymous_2)
FN:63,(anonymous_3)
FN:81,(anonymous_4)
FN:90,(anonymous_5)
FN:98,(anonymous_6)
FN:120,(anonymous_7)
FN:129,(anonymous_8)
FN:136,(anonymous_9)
FN:141,(anonymous_10)
FN:151,(anonymous_11)
FN:159,(anonymous_12)
FN:165,(anonymous_13)
FNF:14
FNH:1
FNDA:0,(anonymous_0)
FNDA:0,(anonymous_1)
FNDA:0,(anonymous_2)
FNDA:0,(anonymous_3)
FNDA:0,(anonymous_4)
FNDA:0,(anonymous_5)
FNDA:0,(anonymous_6)
FNDA:1,(anonymous_7)
FNDA:0,(anonymous_8)
FNDA:0,(anonymous_9)
FNDA:0,(anonymous_10)
FNDA:0,(anonymous_11)
FNDA:0,(anonymous_12)
FNDA:0,(anonymous_13)
DA:1,2
DA:3,2
DA:5,0
DA:29,0
DA:49,0
DA:60,0
DA:64,0
DA:82,0
DA:91,0
DA:103,0
DA:121,1
DA:130,0
DA:137,0
DA:141,0
DA:152,0
DA:156,0
DA:160,0
DA:170,0
LF:18
LH:3
BRDA:100,0,0,0
BRDA:101,1,0,0
BRDA:167,2,0,0
BRDA:168,3,0,0
BRF:4
BRH:0
end_of_record
TN:
SF:src\repository\passwordResetToken.repository.ts
FN:5,(anonymous_1)
FN:22,(anonymous_2)
FN:37,(anonymous_3)
FN:44,(anonymous_4)
FNF:4
FNH:0
FNDA:0,(anonymous_1)
FNDA:0,(anonymous_2)
FNDA:0,(anonymous_3)
FNDA:0,(anonymous_4)
DA:1,2
DA:2,2
DA:4,2
DA:7,0
DA:12,0
DA:13,0
DA:15,0
DA:19,0
DA:23,0
DA:38,0
DA:45,0
LF:11
LH:3
BRF:0
BRH:0
end_of_record
TN:
SF:src\repository\pedidoOracao.repository.ts
FN:18,(anonymous_0)
FN:25,(anonymous_1)
FN:32,(anonymous_2)
FN:44,(anonymous_3)
FN:59,(anonymous_4)
FN:67,(anonymous_5)
FN:73,(anonymous_6)
FNF:7
FNH:0
FNDA:0,(anonymous_0)
FNDA:0,(anonymous_1)
FNDA:0,(anonymous_2)
FNDA:0,(anonymous_3)
FNDA:0,(anonymous_4)
FNDA:0,(anonymous_5)
FNDA:0,(anonymous_6)
DA:1,1
DA:4,1
DA:17,1
DA:19,0
DA:26,0
DA:35,0
DA:50,0
DA:60,0
DA:68,0
DA:74,0
LF:10
LH:3
BRDA:51,0,0,0
BRDA:51,0,1,0
BRDA:52,1,0,0
BRDA:52,1,1,0
BRDA:53,2,0,0
BRDA:53,2,1,0
BRDA:54,3,0,0
BRDA:54,3,1,0
BRDA:69,4,0,0
BRDA:69,4,1,0
BRF:10
BRH:0
end_of_record
TN:
SF:src\repository\salaCurso.repository.ts
FN:56,(anonymous_0)
FN:66,(anonymous_1)
FN:73,(anonymous_2)
FN:83,(anonymous_3)
FN:93,(anonymous_4)
FN:102,(anonymous_5)
FN:120,(anonymous_6)
FN:129,(anonymous_7)
FN:140,(anonymous_8)
FNF:9
FNH:0
FNDA:0,(anonymous_0)
FNDA:0,(anonymous_1)
FNDA:0,(anonymous_2)
FNDA:0,(anonymous_3)
FNDA:0,(anonymous_4)
FNDA:0,(anonymous_5)
FNDA:0,(anonymous_6)
FNDA:0,(anonymous_7)
FNDA:0,(anonymous_8)
DA:2,1
DA:12,1
DA:33,1
DA:44,1
DA:52,1
DA:57,0
DA:67,0
DA:74,0
DA:84,0
DA:94,0
DA:108,0
DA:112,0
DA:113,0
DA:114,0
DA:115,0
DA:117,0
DA:121,0
DA:130,0
DA:141,0
LF:19
LH:5
BRDA:112,0,0,0
BRDA:112,0,1,0
BRDA:113,1,0,0
BRDA:113,1,1,0
BRDA:114,2,0,0
BRDA:114,2,1,0
BRDA:115,3,0,0
BRDA:115,3,1,0
BRDA:122,4,0,0
BRDA:122,4,1,0
BRF:10
BRH:0
end_of_record
TN:
SF:src\repository\tokenRevogado.repository.ts
FN:4,(anonymous_0)
FN:10,(anonymous_1)
FN:17,(anonymous_2)
FNF:3
FNH:0
FNDA:0,(anonymous_0)
FNDA:0,(anonymous_1)
FNDA:0,(anonymous_2)
DA:1,2
DA:3,2
DA:5,0
DA:11,0
DA:14,0
DA:18,0
LF:6
LH:2
BRF:0
BRH:0
end_of_record
TN:
SF:src\repository\usuario.repository.ts
FN:13,(anonymous_0)
FN:36,(anonymous_1)
FN:46,(anonymous_2)
FN:71,(anonymous_3)
FN:90,(anonymous_4)
FN:105,(anonymous_5)
FN:112,(anonymous_6)
FN:194,(anonymous_7)
FN:207,(anonymous_8)
FN:220,(anonymous_9)
FN:225,(anonymous_10)
FN:244,(anonymous_11)
FN:277,(anonymous_12)
FN:371,(anonymous_13)
FN:439,(anonymous_14)
FN:462,(anonymous_15)
FN:513,(anonymous_16)
FN:557,(anonymous_17)
FN:565,(anonymous_18)
FNF:19
FNH:0
FNDA:0,(anonymous_0)
FNDA:0,(anonymous_1)
FNDA:0,(anonymous_2)
FNDA:0,(anonymous_3)
FNDA:0,(anonymous_4)
FNDA:0,(anonymous_5)
FNDA:0,(anonymous_6)
FNDA:0,(anonymous_7)
FNDA:0,(anonymous_8)
FNDA:0,(anonymous_9)
FNDA:0,(anonymous_10)
FNDA:0,(anonymous_11)
FNDA:0,(anonymous_12)
FNDA:0,(anonymous_13)
FNDA:0,(anonymous_14)
FNDA:0,(anonymous_15)
FNDA:0,(anonymous_16)
FNDA:0,(anonymous_17)
FNDA:0,(anonymous_18)
DA:4,10
DA:7,10
DA:8,2
DA:16,0
DA:37,0
DA:47,0
DA:72,0
DA:91,0
DA:106,0
DA:128,0
DA:195,0
DA:196,0
DA:198,0
DA:207,0
DA:208,0
DA:221,0
DA:222,0
DA:230,0
DA:245,0
DA:284,0
DA:285,0
DA:287,0
DA:382,0
DA:383,0
DA:387,0
DA:389,0
DA:440,0
DA:441,0
DA:443,0
DA:458,0
DA:467,0
DA:469,0
DA:492,0
DA:514,0
DA:558,0
DA:566,0
DA:567,0
LF:37
LH:3
BRDA:23,0,0,0
BRDA:23,0,1,0
BRDA:26,1,0,0
BRDA:26,1,1,0
BRDA:27,2,0,0
BRDA:27,2,1,0
BRDA:131,3,0,0
BRDA:131,3,1,0
BRDA:134,4,0,0
BRDA:134,4,1,0
BRDA:135,5,0,0
BRDA:135,5,1,0
BRDA:138,6,0,0
BRDA:138,6,1,0
BRDA:141,7,0,0
BRDA:141,7,1,0
BRDA:142,8,0,0
BRDA:142,8,1,0
BRDA:145,9,0,0
BRDA:145,9,1,0
BRDA:146,10,0,0
BRDA:146,10,1,0
BRDA:149,11,0,0
BRDA:149,11,1,0
BRDA:152,12,0,0
BRDA:152,12,1,0
BRDA:196,13,0,0
BRDA:196,13,1,0
BRDA:222,14,0,0
BRDA:222,14,1,0
BRDA:231,15,0,0
BRDA:231,15,1,0
BRDA:239,16,0,0
BRDA:239,16,1,0
BRDA:240,17,0,0
BRDA:240,17,1,0
BRDA:246,18,0,0
BRDA:246,18,1,0
BRDA:316,19,0,0
BRDA:316,19,1,0
BRDA:316,20,0,0
BRDA:316,20,1,0
BRDA:317,21,0,0
BRDA:317,21,1,0
BRDA:317,22,0,0
BRDA:317,22,1,0
BRDA:387,23,0,0
BRDA:387,23,1,0
BRDA:387,24,0,0
BRDA:387,24,1,0
BRDA:439,25,0,0
BRDA:441,26,0,0
BRDA:441,26,1,0
BRDA:458,27,0,0
BRDA:458,27,1,0
BRDA:486,28,0,0
BRDA:486,28,1,0
BRDA:486,29,0,0
BRDA:486,29,1,0
BRDA:487,30,0,0
BRDA:487,30,1,0
BRDA:487,31,0,0
BRDA:487,31,1,0
BRDA:492,32,0,0
BRDA:492,32,1,0
BRDA:566,33,0,0
BRDA:566,33,1,0
BRF:67
BRH:0
end_of_record
TN:
SF:src\services\auth.services.ts
FN:34,(anonymous_1)
FN:65,(anonymous_2)
FN:99,(anonymous_3)
FN:136,(anonymous_4)
FN:168,(anonymous_5)
FN:186,(anonymous_6)
FN:212,(anonymous_7)
FN:220,(anonymous_8)
FN:228,(anonymous_9)
FN:236,(anonymous_10)
FN:315,(anonymous_11)
FN:343,(anonymous_12)
FN:352,(anonymous_13)
FN:367,(anonymous_14)
FNF:14
FNH:9
FNDA:24,(anonymous_1)
FNDA:6,(anonymous_2)
FNDA:5,(anonymous_3)
FNDA:4,(anonymous_4)
FNDA:2,(anonymous_5)
FNDA:0,(anonymous_6)
FNDA:5,(anonymous_7)
FNDA:6,(anonymous_8)
FNDA:3,(anonymous_9)
FNDA:0,(anonymous_10)
FNDA:8,(anonymous_11)
FNDA:0,(anonymous_12)
FNDA:0,(anonymous_13)
FNDA:0,(anonymous_14)
DA:2,2
DA:3,2
DA:11,2
DA:12,2
DA:13,2
DA:14,2
DA:15,2
DA:16,2
DA:17,2
DA:27,2
DA:29,24
DA:35,24
DA:36,24
DA:37,24
DA:39,24
DA:40,0
DA:46,24
DA:47,0
DA:50,24
DA:81,6
DA:108,5
DA:110,5
DA:111,5
DA:112,1
DA:115,4
DA:117,4
DA:127,4
DA:133,4
DA:137,4
DA:139,4
DA:140,4
DA:141,1
DA:144,3
DA:145,3
DA:146,1
DA:149,2
DA:161,2
DA:169,2
DA:171,2
DA:172,1
DA:175,1
DA:189,0
DA:191,0
DA:192,0
DA:195,0
DA:216,5
DA:217,4
DA:221,6
DA:229,3
DA:230,3
DA:232,2
DA:237,0
DA:238,0
DA:240,0
DA:256,0
DA:257,0
DA:258,0
DA:260,0
DA:261,0
DA:266,0
DA:267,0
DA:273,0
DA:274,0
DA:275,0
DA:276,0
DA:283,0
DA:290,0
DA:291,0
DA:292,0
DA:295,0
DA:320,8
DA:321,8
DA:325,7
DA:326,2
DA:329,5
DA:330,2
DA:338,3
DA:340,2
DA:344,0
DA:347,0
DA:349,0
DA:353,0
DA:356,0
DA:358,0
DA:360,0
DA:369,0
DA:371,0
DA:372,0
DA:375,0
DA:376,0
DA:379,0
DA:380,0
DA:383,0
DA:385,0
DA:386,0
LF:95
LH:53
BRDA:35,0,0,24
BRDA:35,0,1,2
BRDA:39,1,0,0
BRDA:39,1,1,24
BRDA:46,2,0,0
BRDA:46,2,1,24
BRDA:111,3,0,1
BRDA:111,3,1,4
BRDA:130,4,0,4
BRDA:130,4,1,0
BRDA:140,5,0,1
BRDA:140,5,1,3
BRDA:145,6,0,1
BRDA:145,6,1,2
BRDA:152,7,0,2
BRDA:152,7,1,0
BRDA:171,8,0,1
BRDA:171,8,1,1
BRDA:191,9,0,0
BRDA:191,9,1,0
BRDA:216,10,0,1
BRDA:216,10,1,4
BRDA:238,11,0,0
BRDA:238,11,1,0
BRDA:256,12,0,0
BRDA:256,12,1,0
BRDA:257,13,0,0
BRDA:257,13,1,0
BRDA:258,14,0,0
BRDA:258,14,1,0
BRDA:260,15,0,0
BRDA:260,15,1,0
BRDA:266,16,0,0
BRDA:266,16,1,0
BRDA:275,17,0,0
BRDA:275,17,1,0
BRDA:290,18,0,0
BRDA:290,18,1,0
BRDA:290,19,0,0
BRDA:290,19,1,0
BRDA:290,19,2,0
BRDA:292,20,0,0
BRDA:292,20,1,0
BRDA:321,21,0,1
BRDA:321,21,1,7
BRDA:325,22,0,2
BRDA:325,22,1,5
BRDA:329,23,0,2
BRDA:329,23,1,3
BRDA:329,24,0,5
BRDA:329,24,1,4
BRDA:338,25,0,1
BRDA:338,25,1,2
BRDA:356,26,0,0
BRDA:356,26,1,0
BRDA:371,27,0,0
BRDA:371,27,1,0
BRDA:375,28,0,0
BRDA:375,28,1,0
BRDA:379,29,0,0
BRDA:379,29,1,0
BRF:61
BRH:26
end_of_record
TN:
SF:src\services\conteudo.services.ts
FN:28,derivarDosBlocos
FN:30,(anonymous_1)
FN:31,(anonymous_2)
FN:34,(anonymous_3)
FN:35,(anonymous_4)
FN:64,paraJson
FN:75,blocosDe
FN:91,(anonymous_7)
FN:99,(anonymous_8)
FN:129,(anonymous_9)
FN:173,(anonymous_10)
FN:200,(anonymous_11)
FN:261,(anonymous_12)
FN:268,(anonymous_13)
FN:296,(anonymous_14)
FN:297,(anonymous_15)
FN:299,(anonymous_16)
FN:299,(anonymous_17)
FN:332,(anonymous_18)
FN:352,(anonymous_19)
FNF:20
FNH:15
FNDA:1,derivarDosBlocos
FNDA:1,(anonymous_1)
FNDA:1,(anonymous_2)
FNDA:1,(anonymous_3)
FNDA:1,(anonymous_4)
FNDA:1,paraJson
FNDA:5,blocosDe
FNDA:9,(anonymous_7)
FNDA:1,(anonymous_8)
FNDA:1,(anonymous_9)
FNDA:0,(anonymous_10)
FNDA:1,(anonymous_11)
FNDA:1,(anonymous_12)
FNDA:3,(anonymous_13)
FNDA:0,(anonymous_14)
FNDA:0,(anonymous_15)
FNDA:0,(anonymous_16)
FNDA:0,(anonymous_17)
FNDA:3,(anonymous_18)
FNDA:5,(anonymous_19)
DA:11,1
DA:12,1
DA:13,1
DA:15,1
DA:16,1
DA:29,1
DA:30,1
DA:31,1
DA:34,1
DA:35,1
DA:37,1
DA:38,1
DA:40,1
DA:65,1
DA:76,5
DA:77,0
DA:80,5
DA:81,5
DA:82,5
DA:83,5
DA:84,5
DA:87,1
DA:95,9
DA:96,9
DA:103,1
DA:104,1
DA:105,0
DA:108,1
DA:112,1
DA:113,0
DA:116,1
DA:126,1
DA:130,1
DA:132,1
DA:133,0
DA:136,1
DA:171,1
DA:174,0
DA:175,0
DA:179,0
DA:180,0
DA:183,0
DA:184,0
DA:190,0
DA:191,0
DA:192,0
DA:195,0
DA:196,0
DA:217,1
DA:221,1
DA:223,1
DA:225,1
DA:226,1
DA:227,1
DA:228,0
DA:231,1
DA:235,1
DA:236,1
DA:238,1
DA:244,1
DA:260,1
DA:261,1
DA:274,3
DA:276,3
DA:277,0
DA:280,3
DA:282,3
DA:283,1
DA:286,2
DA:288,2
DA:289,2
DA:290,2
DA:291,0
DA:292,0
DA:295,0
DA:296,0
DA:297,0
DA:298,0
DA:299,0
DA:302,0
DA:303,0
DA:304,0
DA:305,0
DA:309,2
DA:310,0
DA:311,0
DA:312,0
DA:318,2
DA:319,0
DA:324,2
DA:329,2
DA:337,3
DA:339,3
DA:340,0
DA:343,3
DA:345,3
DA:346,1
DA:349,2
DA:353,5
LF:99
LH:66
BRDA:34,0,0,1
BRDA:34,0,1,1
BRDA:35,1,0,1
BRDA:35,1,1,1
BRDA:43,2,0,1
BRDA:43,2,1,0
BRDA:47,3,0,0
BRDA:47,3,1,1
BRDA:49,4,0,0
BRDA:49,4,1,1
BRDA:51,5,0,0
BRDA:51,5,1,1
BRDA:76,6,0,0
BRDA:76,6,1,5
BRDA:76,7,0,5
BRDA:76,7,1,0
BRDA:81,8,0,0
BRDA:81,8,1,5
BRDA:82,9,0,5
BRDA:82,9,1,0
BRDA:83,10,0,0
BRDA:83,10,1,5
BRDA:95,11,0,9
BRDA:95,11,1,0
BRDA:96,12,0,9
BRDA:96,12,1,0
BRDA:104,13,0,0
BRDA:104,13,1,1
BRDA:108,14,0,1
BRDA:108,14,1,1
BRDA:112,15,0,0
BRDA:112,15,1,1
BRDA:123,16,0,0
BRDA:123,16,1,1
BRDA:132,17,0,0
BRDA:132,17,1,1
BRDA:175,18,0,0
BRDA:175,18,1,0
BRDA:183,19,0,0
BRDA:183,19,1,0
BRDA:195,20,0,0
BRDA:195,20,1,0
BRDA:201,21,0,1
BRDA:217,22,0,1
BRDA:217,23,0,1
BRDA:217,24,0,1
BRDA:221,25,0,0
BRDA:221,25,1,1
BRDA:226,26,0,0
BRDA:226,26,1,1
BRDA:227,27,0,0
BRDA:227,27,1,1
BRDA:231,28,0,1
BRDA:231,28,1,0
BRDA:252,29,0,1
BRDA:252,29,1,0
BRDA:276,30,0,0
BRDA:276,30,1,3
BRDA:280,31,0,3
BRDA:280,31,1,2
BRDA:280,31,2,1
BRDA:282,32,0,1
BRDA:282,32,1,2
BRDA:288,33,0,0
BRDA:288,33,1,2
BRDA:289,34,0,2
BRDA:289,34,1,0
BRDA:290,35,0,0
BRDA:290,35,1,2
BRDA:303,36,0,0
BRDA:303,36,1,0
BRDA:305,37,0,0
BRDA:305,37,1,0
BRDA:309,38,0,0
BRDA:309,38,1,2
BRDA:311,39,0,0
BRDA:311,39,1,0
BRDA:313,40,0,0
BRDA:313,40,1,0
BRDA:318,41,0,0
BRDA:318,41,1,2
BRDA:319,42,0,0
BRDA:319,42,1,0
BRDA:339,43,0,0
BRDA:339,43,1,3
BRDA:343,44,0,3
BRDA:343,44,1,2
BRDA:343,44,2,1
BRDA:345,45,0,1
BRDA:345,45,1,2
BRDA:358,46,0,5
BRDA:358,46,1,0
BRDA:359,47,0,5
BRDA:359,47,1,5
BRDA:360,48,0,5
BRDA:360,48,1,5
BRDA:365,49,0,5
BRDA:365,49,1,0
BRDA:366,50,0,5
BRDA:366,50,1,0
BRDA:367,51,0,5
BRDA:367,51,1,0
BRF:102
BRH:55
end_of_record
TN:
SF:src\services\curso.services.ts
FN:20,(anonymous_0)
FN:28,(anonymous_1)
FN:59,(anonymous_2)
FN:69,(anonymous_3)
FN:98,(anonymous_4)
FN:105,(anonymous_5)
FN:146,(anonymous_6)
FN:180,(anonymous_7)
FNF:8
FNH:8
FNDA:16,(anonymous_0)
FNDA:3,(anonymous_1)
FNDA:2,(anonymous_2)
FNDA:2,(anonymous_3)
FNDA:2,(anonymous_4)
FNDA:4,(anonymous_5)
FNDA:5,(anonymous_6)
FNDA:8,(anonymous_7)
DA:10,1
DA:11,1
DA:12,1
DA:14,1
DA:16,1
DA:24,16
DA:25,16
DA:32,3
DA:33,3
DA:34,1
DA:37,2
DA:48,2
DA:49,0
DA:53,0
DA:56,2
DA:60,2
DA:62,2
DA:63,1
DA:66,1
DA:76,2
DA:78,2
DA:80,2
DA:87,2
DA:97,2
DA:98,2
DA:111,4
DA:112,4
DA:115,4
DA:119,4
DA:120,1
DA:123,3
DA:124,3
DA:125,3
DA:126,3
DA:127,3
DA:128,3
DA:130,3
DA:138,3
DA:139,0
DA:140,0
DA:143,3
DA:151,5
DA:152,5
DA:155,4
DA:159,4
DA:160,1
DA:167,3
DA:168,2
DA:169,2
DA:170,1
DA:177,2
DA:181,8
LF:52
LH:48
BRDA:24,0,0,16
BRDA:24,0,1,0
BRDA:25,1,0,16
BRDA:25,1,1,0
BRDA:33,2,0,1
BRDA:33,2,1,2
BRDA:40,3,0,2
BRDA:40,3,1,1
BRDA:42,4,0,2
BRDA:42,4,1,2
BRDA:43,5,0,2
BRDA:43,5,1,2
BRDA:48,6,0,0
BRDA:48,6,1,2
BRDA:62,7,0,1
BRDA:62,7,1,1
BRDA:69,8,0,1
BRDA:73,9,0,1
BRDA:74,10,0,1
BRDA:75,11,0,1
BRDA:81,12,0,2
BRDA:81,12,1,1
BRDA:82,13,0,2
BRDA:82,13,1,1
BRDA:90,14,0,1
BRDA:90,14,1,1
BRDA:112,15,0,0
BRDA:112,15,1,4
BRDA:115,16,0,4
BRDA:115,16,1,3
BRDA:115,16,2,3
BRDA:119,17,0,1
BRDA:119,17,1,3
BRDA:124,18,0,3
BRDA:124,18,1,0
BRDA:125,19,0,0
BRDA:125,19,1,3
BRDA:126,20,0,0
BRDA:126,20,1,3
BRDA:127,21,0,0
BRDA:127,21,1,3
BRDA:128,22,0,0
BRDA:128,22,1,3
BRDA:138,23,0,0
BRDA:138,23,1,3
BRDA:152,24,0,1
BRDA:152,24,1,4
BRDA:155,25,0,4
BRDA:155,25,1,3
BRDA:155,25,2,3
BRDA:159,26,0,1
BRDA:159,26,1,3
BRDA:167,27,0,2
BRDA:167,27,1,1
BRDA:169,28,0,1
BRDA:169,28,1,1
BRDA:184,29,0,8
BRDA:184,29,1,1
BRDA:188,30,0,8
BRDA:188,30,1,0
BRDA:190,31,0,8
BRDA:190,31,1,0
BRDA:191,32,0,8
BRDA:191,32,1,0
BRDA:192,33,0,8
BRDA:192,33,1,0
BRF:66
BRH:52
end_of_record
TN:
SF:src\services\evento.services.ts
FN:50,diaLocalDoEvento
FN:72,comHorarioDoEvento
FN:93,(anonymous_2)
FN:101,(anonymous_3)
FN:138,(anonymous_4)
FN:145,(anonymous_5)
FN:178,(anonymous_6)
FN:179,(anonymous_7)
FN:183,(anonymous_8)
FN:252,(anonymous_9)
FN:277,(anonymous_10)
FN:324,(anonymous_11)
FN:344,(anonymous_12)
FNF:13
FNH:1
FNDA:7,diaLocalDoEvento
FNDA:0,comHorarioDoEvento
FNDA:0,(anonymous_2)
FNDA:0,(anonymous_3)
FNDA:0,(anonymous_4)
FNDA:0,(anonymous_5)
FNDA:0,(anonymous_6)
FNDA:0,(anonymous_7)
FNDA:0,(anonymous_8)
FNDA:0,(anonymous_9)
FNDA:0,(anonymous_10)
FNDA:0,(anonymous_11)
FNDA:0,(anonymous_12)
DA:9,1
DA:10,1
DA:11,1
DA:13,1
DA:14,1
DA:15,1
DA:50,1
DA:51,7
DA:55,7
DA:78,0
DA:89,1
DA:97,0
DA:98,0
DA:105,0
DA:106,0
DA:108,0
DA:112,0
DA:113,0
DA:116,0
DA:135,0
DA:139,0
DA:140,0
DA:142,0
DA:149,0
DA:150,0
DA:151,0
DA:153,0
DA:159,0
DA:166,0
DA:168,0
DA:169,0
DA:170,0
DA:171,0
DA:174,0
DA:178,0
DA:179,0
DA:190,0
DA:191,0
DA:194,0
DA:198,0
DA:199,0
DA:205,0
DA:206,0
DA:207,0
DA:208,0
DA:209,0
DA:210,0
DA:211,0
DA:212,0
DA:213,0
DA:214,0
DA:215,0
DA:216,0
DA:217,0
DA:218,0
DA:219,0
DA:220,0
DA:224,0
DA:225,0
DA:230,0
DA:231,0
DA:232,0
DA:233,0
DA:234,0
DA:237,0
DA:238,0
DA:240,0
DA:241,0
DA:245,0
DA:249,0
DA:258,0
DA:259,0
DA:262,0
DA:266,0
DA:267,0
DA:273,0
DA:282,0
DA:283,0
DA:285,0
DA:286,0
DA:287,0
DA:288,0
DA:291,0
DA:292,0
DA:293,0
DA:294,0
DA:299,0
DA:300,0
DA:301,0
DA:302,0
DA:304,0
DA:307,0
DA:310,0
DA:311,0
DA:312,0
DA:316,0
DA:321,0
DA:328,0
DA:345,0
LF:99
LH:10
BRDA:97,0,0,0
BRDA:97,0,1,0
BRDA:98,1,0,0
BRDA:98,1,1,0
BRDA:106,2,0,0
BRDA:106,2,1,0
BRDA:108,3,0,0
BRDA:108,3,1,0
BRDA:112,4,0,0
BRDA:112,4,1,0
BRDA:118,5,0,0
BRDA:118,5,1,0
BRDA:119,6,0,0
BRDA:119,6,1,0
BRDA:121,7,0,0
BRDA:121,7,1,0
BRDA:123,8,0,0
BRDA:123,8,1,0
BRDA:124,9,0,0
BRDA:124,9,1,0
BRDA:125,10,0,0
BRDA:125,10,1,0
BRDA:126,11,0,0
BRDA:126,11,1,0
BRDA:127,12,0,0
BRDA:127,12,1,0
BRDA:131,13,0,0
BRDA:131,13,1,0
BRDA:140,14,0,0
BRDA:140,14,1,0
BRDA:150,15,0,0
BRDA:150,15,1,0
BRDA:151,16,0,0
BRDA:151,16,1,0
BRDA:170,17,0,0
BRDA:170,17,1,0
BRDA:191,18,0,0
BRDA:191,18,1,0
BRDA:194,19,0,0
BRDA:194,19,1,0
BRDA:194,19,2,0
BRDA:198,20,0,0
BRDA:198,20,1,0
BRDA:206,21,0,0
BRDA:206,21,1,0
BRDA:207,22,0,0
BRDA:207,22,1,0
BRDA:208,23,0,0
BRDA:208,23,1,0
BRDA:209,24,0,0
BRDA:209,24,1,0
BRDA:211,25,0,0
BRDA:211,25,1,0
BRDA:212,26,0,0
BRDA:212,26,1,0
BRDA:213,27,0,0
BRDA:213,27,1,0
BRDA:214,28,0,0
BRDA:214,28,1,0
BRDA:215,29,0,0
BRDA:215,29,1,0
BRDA:217,30,0,0
BRDA:217,30,1,0
BRDA:218,31,0,0
BRDA:218,31,1,0
BRDA:219,32,0,0
BRDA:219,32,1,0
BRDA:220,33,0,0
BRDA:220,33,1,0
BRDA:224,34,0,0
BRDA:224,34,1,0
BRDA:232,35,0,0
BRDA:232,35,1,0
BRDA:232,36,0,0
BRDA:232,36,1,0
BRDA:234,37,0,0
BRDA:234,37,1,0
BRDA:237,38,0,0
BRDA:237,38,1,0
BRDA:240,39,0,0
BRDA:240,39,1,0
BRDA:259,40,0,0
BRDA:259,40,1,0
BRDA:262,41,0,0
BRDA:262,41,1,0
BRDA:262,41,2,0
BRDA:266,42,0,0
BRDA:266,42,1,0
BRDA:286,43,0,0
BRDA:286,43,1,0
BRDA:291,44,0,0
BRDA:291,44,1,0
BRDA:291,45,0,0
BRDA:291,45,1,0
BRDA:294,46,0,0
BRDA:294,46,1,0
BRDA:299,47,0,0
BRDA:299,47,1,0
BRDA:300,48,0,0
BRDA:300,48,1,0
BRDA:300,49,0,0
BRDA:300,49,1,0
BRDA:307,50,0,0
BRDA:307,50,1,0
BRDA:307,51,0,0
BRDA:307,51,1,0
BRDA:312,52,0,0
BRDA:312,52,1,0
BRDA:313,53,0,0
BRDA:313,53,1,0
BRDA:313,53,2,0
BRDA:362,54,0,0
BRDA:362,54,1,0
BRDA:363,55,0,0
BRDA:363,55,1,0
BRDA:364,56,0,0
BRDA:364,56,1,0
BRF:117
BRH:0
end_of_record
TN:
SF:src\services\grupoFamiliar.services.ts
FN:23,(anonymous_0)
FN:32,(anonymous_1)
FN:79,(anonymous_2)
FN:122,(anonymous_3)
FN:201,(anonymous_4)
FN:257,(anonymous_5)
FN:283,(anonymous_6)
FN:296,(anonymous_7)
FN:303,(anonymous_8)
FN:319,(anonymous_9)
FN:326,(anonymous_10)
FN:332,(anonymous_11)
FN:365,(anonymous_12)
FN:411,(anonymous_13)
FN:449,(anonymous_14)
FN:458,(anonymous_15)
FNF:16
FNH:10
FNDA:27,(anonymous_0)
FNDA:3,(anonymous_1)
FNDA:0,(anonymous_2)
FNDA:6,(anonymous_3)
FNDA:6,(anonymous_4)
FNDA:2,(anonymous_5)
FNDA:0,(anonymous_6)
FNDA:0,(anonymous_7)
FNDA:3,(anonymous_8)
FNDA:2,(anonymous_9)
FNDA:0,(anonymous_10)
FNDA:0,(anonymous_11)
FNDA:0,(anonymous_12)
FNDA:7,(anonymous_13)
FNDA:5,(anonymous_14)
FNDA:5,(anonymous_15)
DA:11,1
DA:12,1
DA:13,1
DA:14,1
DA:17,1
DA:19,1
DA:27,27
DA:28,27
DA:36,3
DA:37,3
DA:43,2
DA:44,2
DA:45,0
DA:51,2
DA:70,2
DA:85,0
DA:86,0
DA:89,0
DA:93,0
DA:94,0
DA:100,0
DA:101,0
DA:102,0
DA:104,0
DA:110,0
DA:115,0
DA:116,0
DA:119,0
DA:127,6
DA:128,1
DA:134,5
DA:135,5
DA:138,4
DA:143,4
DA:144,1
DA:150,3
DA:153,3
DA:154,1
DA:157,2
DA:161,2
DA:162,1
DA:182,1
DA:185,1
DA:186,0
DA:192,1
DA:207,6
DA:208,6
DA:210,5
DA:211,1
DA:217,4
DA:218,1
DA:237,3
DA:239,2
DA:240,2
DA:241,1
DA:247,1
DA:248,1
DA:251,1
DA:258,2
DA:259,2
DA:261,1
DA:288,0
DA:290,0
DA:295,0
DA:296,0
DA:308,3
DA:309,3
DA:311,2
DA:313,2
DA:318,2
DA:319,2
DA:330,0
DA:332,0
DA:372,0
DA:373,0
DA:376,0
DA:380,0
DA:381,0
DA:388,0
DA:392,0
DA:397,0
DA:398,0
DA:404,0
DA:417,7
DA:418,7
DA:421,6
DA:425,6
DA:428,5
DA:433,5
DA:434,1
DA:440,4
DA:443,4
DA:444,4
DA:445,1
DA:452,5
DA:458,5
LF:96
LH:65
BRDA:27,0,0,27
BRDA:27,0,1,0
BRDA:29,1,0,27
BRDA:29,1,1,0
BRDA:37,2,0,1
BRDA:37,2,1,2
BRDA:44,3,0,0
BRDA:44,3,1,2
BRDA:52,4,0,2
BRDA:52,4,1,1
BRDA:53,5,0,2
BRDA:53,5,1,2
BRDA:86,6,0,0
BRDA:86,6,1,0
BRDA:89,7,0,0
BRDA:89,7,1,0
BRDA:89,7,2,0
BRDA:93,8,0,0
BRDA:93,8,1,0
BRDA:101,9,0,0
BRDA:101,9,1,0
BRDA:101,10,0,0
BRDA:101,10,1,0
BRDA:102,11,0,0
BRDA:102,11,1,0
BRDA:110,12,0,0
BRDA:110,12,1,0
BRDA:111,13,0,0
BRDA:111,13,1,0
BRDA:111,13,2,0
BRDA:116,14,0,0
BRDA:116,14,1,0
BRDA:127,15,0,1
BRDA:127,15,1,5
BRDA:135,16,0,1
BRDA:135,16,1,4
BRDA:143,17,0,1
BRDA:143,17,1,3
BRDA:143,18,0,4
BRDA:143,18,1,3
BRDA:153,19,0,1
BRDA:153,19,1,2
BRDA:161,20,0,1
BRDA:161,20,1,1
BRDA:185,21,0,0
BRDA:185,21,1,1
BRDA:187,22,0,0
BRDA:187,22,1,0
BRDA:196,23,0,1
BRDA:196,23,1,1
BRDA:208,24,0,1
BRDA:208,24,1,5
BRDA:210,25,0,1
BRDA:210,25,1,4
BRDA:217,26,0,1
BRDA:217,26,1,3
BRDA:237,27,0,2
BRDA:237,27,1,1
BRDA:240,28,0,1
BRDA:240,28,1,1
BRDA:259,29,0,1
BRDA:259,29,1,1
BRDA:285,30,0,0
BRDA:286,31,0,0
BRDA:305,32,0,1
BRDA:306,33,0,1
BRDA:309,34,0,1
BRDA:309,34,1,2
BRDA:335,35,0,0
BRDA:335,35,1,0
BRDA:338,36,0,0
BRDA:338,36,1,0
BRDA:339,37,0,0
BRDA:339,37,1,0
BRDA:373,38,0,0
BRDA:373,38,1,0
BRDA:376,39,0,0
BRDA:376,39,1,0
BRDA:376,39,2,0
BRDA:380,40,0,0
BRDA:380,40,1,0
BRDA:392,41,0,0
BRDA:392,41,1,0
BRDA:397,42,0,0
BRDA:397,42,1,0
BRDA:418,43,0,1
BRDA:418,43,1,6
BRDA:425,44,0,1
BRDA:425,44,1,5
BRDA:428,45,0,5
BRDA:428,45,1,3
BRDA:428,45,2,2
BRDA:428,45,3,2
BRDA:433,46,0,1
BRDA:433,46,1,4
BRDA:444,47,0,1
BRDA:444,47,1,3
BRDA:463,48,0,5
BRDA:463,48,1,0
BRDA:464,49,0,5
BRDA:464,49,1,0
BRDA:465,50,0,5
BRDA:465,50,1,0
BRDA:466,51,0,5
BRDA:466,51,1,5
BRDA:467,52,0,5
BRDA:467,52,1,0
BRDA:470,53,0,5
BRDA:470,53,1,0
BRDA:471,54,0,5
BRDA:471,54,1,0
BRF:111
BRH:60
end_of_record
TN:
SF:src\services\leituraPlano.services.ts
FN:25,(anonymous_0)
FN:29,(anonymous_1)
FN:33,(anonymous_2)
FN:37,(anonymous_3)
FNF:4
FNH:4
FNDA:7,(anonymous_0)
FNDA:3,(anonymous_1)
FNDA:3,(anonymous_2)
FNDA:2,(anonymous_3)
DA:1,1
DA:22,1
DA:26,7
DA:30,3
DA:34,3
DA:38,2
LF:6
LH:6
BRDA:26,0,0,7
BRDA:26,0,1,0
BRF:2
BRH:1
end_of_record
TN:
SF:src\services\matricula.services.ts
FN:25,(anonymous_0)
FN:38,(anonymous_1)
FN:60,(anonymous_2)
FN:173,(anonymous_3)
FN:197,(anonymous_4)
FN:213,(anonymous_5)
FN:229,(anonymous_6)
FN:254,(anonymous_7)
FN:288,(anonymous_8)
FN:305,(anonymous_9)
FN:323,(anonymous_10)
FN:346,(anonymous_11)
FN:347,(anonymous_12)
FNF:13
FNH:8
FNDA:15,(anonymous_0)
FNDA:6,(anonymous_1)
FNDA:6,(anonymous_2)
FNDA:1,(anonymous_3)
FNDA:2,(anonymous_4)
FNDA:1,(anonymous_5)
FNDA:3,(anonymous_6)
FNDA:3,(anonymous_7)
FNDA:0,(anonymous_8)
FNDA:0,(anonymous_9)
FNDA:0,(anonymous_10)
FNDA:0,(anonymous_11)
FNDA:0,(anonymous_12)
DA:12,1
DA:13,1
DA:14,1
DA:15,1
DA:16,1
DA:21,1
DA:29,15
DA:30,15
DA:45,6
DA:49,6
DA:50,1
DA:64,6
DA:65,6
DA:67,6
DA:68,6
DA:69,6
DA:70,0
DA:74,6
DA:76,0
DA:82,0
DA:83,0
DA:90,6
DA:92,2
DA:93,2
DA:94,1
DA:101,5
DA:109,5
DA:110,5
DA:112,0
DA:113,0
DA:114,0
DA:118,5
DA:119,3
DA:120,1
DA:123,2
DA:124,1
DA:131,1
DA:137,1
DA:141,1
DA:142,0
DA:145,1
DA:155,2
DA:160,2
DA:177,1
DA:181,1
DA:183,1
DA:184,0
DA:187,1
DA:202,2
DA:203,2
DA:205,1
DA:207,1
DA:212,1
DA:213,1
DA:235,3
DA:236,3
DA:238,3
DA:245,2
DA:261,3
DA:262,3
DA:264,3
DA:271,3
DA:277,3
DA:281,1
DA:293,0
DA:295,0
DA:304,0
DA:305,0
DA:327,0
DA:332,0
DA:333,0
DA:339,0
DA:345,0
DA:346,0
DA:347,0
LF:75
LH:55
BRDA:29,0,0,15
BRDA:29,0,1,0
BRDA:30,1,0,15
BRDA:30,1,1,0
BRDA:42,2,0,0
BRDA:45,3,0,6
BRDA:45,3,1,5
BRDA:45,3,2,2
BRDA:45,3,3,2
BRDA:49,4,0,1
BRDA:49,4,1,5
BRDA:65,5,0,0
BRDA:65,5,1,6
BRDA:68,6,0,0
BRDA:68,6,1,6
BRDA:69,7,0,0
BRDA:69,7,1,6
BRDA:74,8,0,0
BRDA:74,8,1,6
BRDA:76,9,0,0
BRDA:76,9,1,0
BRDA:78,10,0,0
BRDA:78,10,1,0
BRDA:82,11,0,0
BRDA:82,11,1,0
BRDA:90,12,0,2
BRDA:90,12,1,4
BRDA:93,13,0,1
BRDA:93,13,1,1
BRDA:110,14,0,0
BRDA:110,14,1,5
BRDA:110,15,0,5
BRDA:110,15,1,0
BRDA:113,16,0,0
BRDA:113,16,1,0
BRDA:118,17,0,3
BRDA:118,17,1,2
BRDA:119,18,0,1
BRDA:119,18,1,2
BRDA:123,19,0,1
BRDA:123,19,1,1
BRDA:141,20,0,0
BRDA:141,20,1,1
BRDA:141,21,0,1
BRDA:141,21,1,1
BRDA:181,22,0,0
BRDA:181,22,1,1
BRDA:183,23,0,0
BRDA:183,23,1,1
BRDA:199,24,0,2
BRDA:200,25,0,2
BRDA:203,26,0,1
BRDA:203,26,1,1
BRDA:236,27,0,0
BRDA:236,27,1,3
BRDA:262,28,0,0
BRDA:262,28,1,3
BRDA:277,29,0,1
BRDA:277,29,1,2
BRDA:278,30,0,3
BRDA:278,30,1,2
BRDA:290,31,0,0
BRDA:291,32,0,0
BRDA:332,33,0,0
BRDA:332,33,1,0
BRDA:332,34,0,0
BRDA:332,34,1,0
BRF:67
BRH:39
end_of_record
TN:
SF:src\services\pedidoOracao.services.ts
FN:18,(anonymous_0)
FN:27,(anonymous_1)
FN:44,(anonymous_2)
FN:76,(anonymous_3)
FN:83,(anonymous_4)
FN:111,(anonymous_5)
FN:138,(anonymous_6)
FNF:7
FNH:6
FNDA:11,(anonymous_0)
FNDA:2,(anonymous_1)
FNDA:3,(anonymous_2)
FNDA:3,(anonymous_3)
FNDA:0,(anonymous_4)
FNDA:6,(anonymous_5)
FNDA:4,(anonymous_6)
DA:8,1
DA:9,1
DA:10,1
DA:12,1
DA:14,1
DA:22,11
DA:23,11
DA:31,2
DA:32,2
DA:33,1
DA:35,1
DA:41,1
DA:47,3
DA:49,3
DA:51,3
DA:52,3
DA:53,1
DA:61,3
DA:62,0
DA:65,3
DA:75,3
DA:76,3
DA:90,0
DA:92,0
DA:93,0
DA:96,0
DA:97,0
DA:103,0
DA:108,0
DA:117,6
DA:119,6
DA:120,1
DA:124,5
DA:128,5
DA:129,2
DA:135,3
DA:141,4
LF:37
LH:29
BRDA:22,0,0,11
BRDA:22,0,1,0
BRDA:24,1,0,11
BRDA:24,1,1,0
BRDA:32,2,0,1
BRDA:32,2,1,1
BRDA:45,3,0,2
BRDA:47,4,0,2
BRDA:47,5,0,2
BRDA:52,6,0,1
BRDA:52,6,1,2
BRDA:61,7,0,0
BRDA:61,7,1,3
BRDA:92,8,0,0
BRDA:92,8,1,0
BRDA:96,9,0,0
BRDA:96,9,1,0
BRDA:119,10,0,1
BRDA:119,10,1,5
BRDA:124,11,0,5
BRDA:124,11,1,4
BRDA:124,11,2,3
BRDA:128,12,0,2
BRDA:128,12,1,3
BRDA:147,13,0,4
BRDA:147,13,1,0
BRDA:148,14,0,4
BRDA:148,14,1,0
BRDA:149,15,0,4
BRDA:149,15,1,0
BRDA:150,16,0,4
BRDA:150,16,1,4
BRF:32
BRH:22
end_of_record
TN:
SF:src\services\sala.services.ts
FN:18,publicoDoSexo
FN:31,publicoPadrao
FN:61,podeGerenciarTurma
FN:79,(anonymous_3)
FN:89,(anonymous_4)
FN:115,(anonymous_5)
FN:135,(anonymous_6)
FN:213,(anonymous_7)
FN:219,(anonymous_8)
FN:276,(anonymous_9)
FN:306,(anonymous_10)
FNF:11
FNH:10
FNDA:2,publicoDoSexo
FNDA:1,publicoPadrao
FNDA:2,podeGerenciarTurma
FNDA:5,(anonymous_3)
FNDA:1,(anonymous_4)
FNDA:0,(anonymous_5)
FNDA:2,(anonymous_6)
FNDA:1,(anonymous_7)
FNDA:1,(anonymous_8)
FNDA:1,(anonymous_9)
FNDA:3,(anonymous_10)
DA:10,1
DA:11,1
DA:12,1
DA:13,1
DA:15,1
DA:19,2
DA:20,1
DA:21,0
DA:32,1
DA:33,1
DA:34,1
DA:66,2
DA:74,1
DA:84,5
DA:85,5
DA:86,5
DA:93,1
DA:94,1
DA:96,1
DA:97,1
DA:99,1
DA:112,1
DA:119,0
DA:120,0
DA:123,0
DA:124,0
DA:125,0
DA:126,0
DA:128,0
DA:129,0
DA:132,0
DA:146,2
DA:148,2
DA:149,2
DA:154,2
DA:155,0
DA:158,2
DA:159,2
DA:160,2
DA:162,2
DA:168,2
DA:169,2
DA:176,2
DA:177,2
DA:178,0
DA:181,2
DA:182,2
DA:183,0
DA:185,2
DA:186,0
DA:192,2
DA:193,0
DA:200,2
DA:202,2
DA:212,2
DA:213,1
DA:226,1
DA:227,1
DA:229,1
DA:230,0
DA:236,1
DA:238,1
DA:239,1
DA:240,0
DA:244,1
DA:245,0
DA:247,1
DA:248,1
DA:249,1
DA:254,1
DA:256,0
DA:259,0
DA:260,0
DA:263,0
DA:264,0
DA:268,1
DA:273,1
DA:282,1
DA:283,1
DA:285,1
DA:286,0
DA:292,1
DA:294,1
DA:295,1
DA:296,0
DA:303,1
DA:307,3
LF:87
LH:62
BRDA:19,0,0,1
BRDA:19,0,1,1
BRDA:20,1,0,1
BRDA:20,1,1,0
BRDA:32,2,0,0
BRDA:32,2,1,1
BRDA:33,3,0,0
BRDA:33,3,1,1
BRDA:67,4,0,2
BRDA:67,4,1,2
BRDA:67,4,2,2
BRDA:67,4,3,0
BRDA:84,5,0,5
BRDA:84,5,1,0
BRDA:85,6,0,5
BRDA:85,6,1,0
BRDA:86,7,0,5
BRDA:86,7,1,5
BRDA:94,8,0,0
BRDA:94,8,1,1
BRDA:97,9,0,0
BRDA:97,9,1,1
BRDA:102,10,0,0
BRDA:102,10,1,1
BRDA:103,11,0,0
BRDA:103,11,1,1
BRDA:105,12,0,1
BRDA:105,12,1,1
BRDA:106,13,0,1
BRDA:106,13,1,1
BRDA:120,14,0,0
BRDA:120,14,1,0
BRDA:123,15,0,0
BRDA:123,15,1,0
BRDA:125,16,0,0
BRDA:125,16,1,0
BRDA:126,17,0,0
BRDA:126,17,1,0
BRDA:128,18,0,0
BRDA:128,18,1,0
BRDA:136,19,0,0
BRDA:141,20,0,2
BRDA:142,21,0,2
BRDA:154,22,0,0
BRDA:154,22,1,2
BRDA:159,23,0,1
BRDA:159,23,1,1
BRDA:160,24,0,1
BRDA:160,24,1,1
BRDA:172,25,0,2
BRDA:172,25,1,0
BRDA:176,26,0,0
BRDA:176,26,1,2
BRDA:177,27,0,0
BRDA:177,27,1,2
BRDA:182,28,0,0
BRDA:182,28,1,2
BRDA:185,29,0,0
BRDA:185,29,1,2
BRDA:192,30,0,0
BRDA:192,30,1,2
BRDA:227,31,0,0
BRDA:227,31,1,1
BRDA:229,32,0,0
BRDA:229,32,1,1
BRDA:238,33,0,1
BRDA:238,33,1,0
BRDA:239,34,0,0
BRDA:239,34,1,1
BRDA:240,35,0,0
BRDA:240,35,1,0
BRDA:244,36,0,0
BRDA:244,36,1,1
BRDA:245,37,0,0
BRDA:245,37,1,0
BRDA:247,38,0,0
BRDA:247,38,1,1
BRDA:248,39,0,0
BRDA:248,39,1,1
BRDA:249,40,0,0
BRDA:249,40,1,1
BRDA:254,41,0,0
BRDA:254,41,1,1
BRDA:263,42,0,0
BRDA:263,42,1,0
BRDA:283,43,0,0
BRDA:283,43,1,1
BRDA:285,44,0,0
BRDA:285,44,1,1
BRDA:292,45,0,1
BRDA:292,45,1,0
BRDA:295,46,0,0
BRDA:295,46,1,1
BRDA:315,47,0,3
BRDA:315,47,1,3
BRDA:316,48,0,3
BRDA:316,48,1,3
BRDA:319,49,0,3
BRDA:319,49,1,0
BRDA:320,50,0,3
BRDA:320,50,1,0
BRF:101
BRH:52
end_of_record
TN:
SF:src\services\usuario.services.ts
FN:15,(anonymous_0)
FN:19,(anonymous_1)
FN:65,(anonymous_2)
FN:99,(anonymous_3)
FN:118,(anonymous_4)
FN:156,(anonymous_5)
FNF:6
FNH:5
FNDA:13,(anonymous_0)
FNDA:7,(anonymous_1)
FNDA:0,(anonymous_2)
FNDA:3,(anonymous_3)
FNDA:3,(anonymous_4)
FNDA:3,(anonymous_5)
DA:8,1
DA:9,1
DA:10,1
DA:12,1
DA:16,13
DA:22,7
DA:24,7
DA:38,7
DA:40,7
DA:45,7
DA:70,0
DA:84,0
DA:86,0
DA:91,0
DA:100,3
DA:101,3
DA:103,2
DA:119,3
DA:122,3
DA:125,3
DA:138,3
DA:139,4
DA:140,4
DA:141,4
DA:154,3
DA:156,3
LF:26
LH:22
BRDA:16,0,0,13
BRDA:16,0,1,0
BRDA:20,1,0,2
BRDA:22,2,0,5
BRDA:22,3,0,5
BRDA:67,4,0,0
BRDA:68,5,0,0
BRDA:101,6,0,1
BRDA:101,6,1,2
BRDA:119,7,0,3
BRDA:119,7,1,1
BRDA:140,8,0,3
BRDA:140,8,1,1
BRDA:148,9,0,4
BRDA:148,9,1,4
BRDA:149,10,0,4
BRDA:149,10,1,4
BRDA:150,11,0,4
BRDA:150,11,1,4
BRF:19
BRH:16
end_of_record
TN:
SF:src\utils\AppError.ts
FN:5,(anonymous_0)
FNF:1
FNH:1
FNDA:63,(anonymous_0)
DA:1,10
DA:3,63
DA:6,63
DA:7,63
DA:10,63
DA:11,63
LF:6
LH:6
BRDA:5,0,0,0
BRF:1
BRH:0
end_of_record
TN:
SF:src\validation\auth.validation.ts
FNF:0
FNH:0
DA:1,1
DA:2,1
DA:4,1
DA:64,1
DA:69,1
DA:154,1
DA:161,1
DA:165,1
LF:8
LH:8
BRF:0
BRH:0
end_of_record
TN:
SF:src\validation\leituraPlano.validation.ts
FN:19,(anonymous_0)
FNF:1
FNH:1
FNDA:16,(anonymous_0)
DA:1,1
DA:16,1
DA:20,16
DA:21,16
DA:22,16
DA:29,1
DA:35,1
LF:7
LH:7
BRDA:23,0,0,16
BRDA:23,0,1,10
BRDA:23,0,2,6
BRF:3
BRH:3
end_of_record
